	.text
	.syntax unified
	.eabi_attribute	67, "2.09"	@ Tag_conformance
	.cpu	cortex-m3
	.eabi_attribute	6, 10	@ Tag_CPU_arch
	.eabi_attribute	7, 77	@ Tag_CPU_arch_profile
	.eabi_attribute	8, 0	@ Tag_ARM_ISA_use
	.eabi_attribute	9, 2	@ Tag_THUMB_ISA_use
	.eabi_attribute	34, 1	@ Tag_CPU_unaligned_access
	.eabi_attribute	17, 1	@ Tag_ABI_PCS_GOT_use
	.eabi_attribute	20, 2	@ Tag_ABI_FP_denormal
	.eabi_attribute	21, 0	@ Tag_ABI_FP_exceptions
	.eabi_attribute	23, 1	@ Tag_ABI_FP_number_model
	.eabi_attribute	24, 1	@ Tag_ABI_align_needed
	.eabi_attribute	25, 1	@ Tag_ABI_align_preserved
	.eabi_attribute	38, 1	@ Tag_ABI_FP_16bit_format
	.eabi_attribute	18, 2	@ Tag_ABI_PCS_wchar_t
	.eabi_attribute	26, 1	@ Tag_ABI_enum_size
	.eabi_attribute	14, 0	@ Tag_ABI_PCS_R9_use
	.file	"startup_tae32f53xx.c"
	.file	1 "C:\\Users\\11841\\Documents\\svn\\Digital_RAD_Power_Department\\11_FAE\\Wuwenzhan\\TAE32F53xx_FW_ReleaseV1.4.7\\ProjectTemplate\\Project\\MDK" "../../../Drivers/TAE32F53xx_Device/Source/startup_tae32f53xx.c"
	.type	.Lllvm.embedded.module,%object  @ @llvm.embedded.module
	.section	.llvmbc,"",%progbits
	.p2align	4, 0x0
.Lllvm.embedded.module:
	.asciz	"BC\300\3365\024\000\000\005\000\000\000b\f0$MY\276f\255\373\264O\033\310$D\0012\005\000!\f\000\000\346\006\000\000\013\002!\000\002\000\000\000\026\000\000\000\007\201#\221A\310\004I\006\02029\222\001\204\f%\005\b\031\036\004\213b\200\020E\002B\222\013B\204\0202\0248\b\030K\n2B\210Hp\304!#D\022\207\214\020A\222\002d\310\b\261\024 CF\210 \311\0012B\204\030*(*\2201|\260\\\221 \304\310\000\000\000\211 \000\000\016\000\000\0002\"\b\t bF\000!+$\230\020!%$\230\020\031'\f\205\244\220`Bd\\ $d\202 \2519\0020P\"\320\000\030\0010\001\r\004\314\021\200\302\024\000\000\000\000Q\030\000\000}\003\000\000\033\326)\370\377\377\377\377\001p\000\t(\003\202\034\312\301\035\336A\036\332!\034\330\241\r\314\001\036\332\240\035\302\201\036\320\001\200\007y(\207y(\007y\260\207rh\203yH\207sp\0076\200\007y(\207y(\007y\260\207rh\203yH\207sp\007\2000\007y\b\207v(\2076\200\207wH\007w\240\207r\220\007\300\035\336\301\035\312\001 \332!\035\334\241\r\330\241\034\316!\034\330\241\r\354\241\034\306\201\036\336A\036\332\340\036\322\201\034\350\001\035\0008\000\bwx\2076H\007w0\207yh\003s\200\2076h\207p\240\007t\000\350A\036\352\241\034\000\302\035\336\241\r\334!\034\334a\036\332\300\034\340\241\r\332!\034\350\001\035\000z\220\207z(\007\200p\207wh\203yH\207sp\207r \2076\320\207r\220\207w\230\20760\007xh\203v\b\007z@\007\200\036\344\241\036\312\001 \346\201\036\302a\034\326\241\r\340A\036\336\201\036\312a\034\350\341\035\344\241\r\304\241\036\314\301\034\312A\036\332`\036\322A\037\312\001\300\003\200\240\207p\220\207s(\007zh\203q\200\207z\000\306\341\035\344\201\036\312\001\037\332\240\035\346\000 \350!\034\344\341\034\312\201\036\332\300\034\312!\034\350\241\036\344\241\034\346\001X\203p\220\207v\260\207;h\203v`\2035@\207{ \207t\260\0076X\003z@\207zh\007qh\203vx\007r(\0076h\203p(\207y`\2036\020\007s\210\003;`\2036\030\007r(\207q\200\0078`\2036\030\007r(\207q\200\2078`\2036\030\007r(\207q\200\0079`\2036\030\007r(\207q\200\2079`\2036\030\007r(\207q\200\007:`\2036\030\007r(\207q\200\207:`\2036\030\007r(\207q\200\007;`\2036\030\007r(\207q\200\207;`\2036\030\007y\030\0076h\203q\220\207|\200\007zx\0076h\003r\230\0039`\2036 \207w\240\007x\220\207w \0076h\003r\230\007x`\20360\207q(\0076h\003s\200\2076\b\007yh\007{\300\0036h\003s\200\2076\b\007yh\007{\300\003r\210\003;`\20360\007xh\203p\220\207v\260\007< \2078\260\203y\200\0076h\003s\200\2076\b\007yh\007{\300\203y\200\0076h\003s\200\2078\260\0036h\003s\200\2078\260\003sh\007v`\20360\007x\260\003:`\20360\007x\220\207r8\207y`\20360\207z`\007v0\007x\210\003;`\2036@\207{ \207t\260\2076\b\007yh\0076h\203t\300\203vh\0076h\003vx\007q`\2036h\007{(\0076h\203v\260\207rp\003s\200\0076h\003w(\207wp\0076h\003x\b\207q\020\007zH\0076h\003y\b\207y`\2036\230\007q`\2036\230\007t\b\0079`\2036\260\007s\200\0079`\2036\260\007s\200\0079\230\007x`\2036\260\007s\200\2079`\2036\260\007s\200\2079 \2078\260\0036h\003{0\007x\230\003r\210\003;\230\007x`\2036\260\007s\200\2079\230\007x`\2036\260\007s\200\007:`\2036\260\007s\200\007: \2078\260\0036h\003{0\007x\240\003r\210\003;\230\007x`\2036\260\007s\200\007:\230\007x\0006\264\223\360\377\377\377\377\003\340\000\021 \001e@\220C9\270\303;\310C;\204\003;\264\2019\300C\033\264C8\320\003:\000\360 \017\3450\017\345 \017\366P\016m0\017\351p\016\356\300\006\360 \017\3450\017\345 \017\366P\016m0\017\351p\016\356\000\020\346 \017\341\320\016\345\320\006\360\360\016\351\340\016\364P\016\362\000\270\303;\270C9\000D;\244\203;\264\001;\224\3039\204\003;\264\201=\224\3038\320\303;\310C\033\334C:\220\003=\240\003\000\007\000\341\016\357\320\006\351\340\016\3460\017m`\016\360\320\006\355\020\016\364\200\016\000=\310C=\224\003@\270\303;\264\201;\204\203;\314C\033\230\003<\264A;\204\003=\240\003@\017\362P\017\345\000\020\356\360\016m0\017\351p\016\356P\016\344\320\006\372P\016\362\360\016\363\320\006\346\000\017m\320\016\341@\017\350\000\320\203<\324C9\000\304<\320C8\214\303:\264\001<\310\303;\320C9\214\003=\274\203<\264\2018\324\2039\230C9\310C\033\314C:\350C9\000x\000\020\364\020\016\362p\016\345@\017m0\016\360P\017\3008\274\203<\320C9\340C\033\264\303\034\000\004=\204\203<\234C9\320C\033\230C9\204\003=\324\203<\224\303<\000k\020\016\362\320\016\366p\007m\320\016l\260\006\350p\017\344\220\016\366\300\006k@\017\350P\017\355 \016m\320\016\357@\016\345\300\006m\020\016\3450\017l\320\006\342`\016q`\007l\320\006\343@\016\3450\016\360\000\007l\320\006\343@\016\3450\016\360\020\007l\320\006\343@\016\3450\016\360 \007l\320\006\343@\016\3450\016\3600\007l\320\006\343@\016\3450\016\360@\007l\320\006\343@\016\3450\016\360P\007l\320\006\343@\016\3450\016\360`\007l\320\006\343@\016\3450\016\360p\007l\320\006\343 \017\343\300\006m0\016\362\220\017\360@\017\357\300\006m@\016s \007l\320\006\344\360\016\364\000\017\362\360\016\344\300\006m@\016\363\000\017l\320\006\3460\016\345\300\006m`\016\360\320\006\341 \017\355`\017x\300\006m`\016\360\320\006\341 \017\355`\017x@\016q`\007l\320\006\346\000\017m\020\016\362\320\016\366\200\007\344\020\007v0\017\360\300\006m`\016\360\320\006\341 \017\355`\017x0\017\360\300\006m`\016\360\020\007v\300\006m`\016\360\020\007v`\016\355\300\016l\320\006\346\000\017v@\007l\320\006\346\000\017\362P\016\3470\017l\320\006\346P\017\354\300\016\346\000\017q`\007l\320\006\350p\017\344\220\016\366\320\006\341 \017\355\300\006m\220\016x\320\016\355\300\006m\300\016\357 \016l\320\006\355`\017\345\300\006m\320\016\366P\016n`\016\360\300\006m\340\016\345\360\016\356\300\006m\000\017\3410\016\342@\017\351\300\006m \017\3410\017l\320\006\363 \016l\320\006\363\200\016\341 \007l\320\006\366`\016\360 \007l\320\006\366`\016\360 \007\363\000\017l\320\006\366`\016\3600\007l\320\006\366`\016\3600\007\344\020\007v\300\006m`\017\346\000\017s@\016q`\007\363\000\017l\320\006\366`\016\3600\007\363\000\017l\320\006\366`\016\360@\007l\320\006\366`\016\360@\007\344\020\007v\300\006m`\017\346\000\017t@\016q`\007\363\000\017l\320\006\366`\016\360@\007\363\000\017\300\206U\032\376\377\377\377\177 \310\241\034\334\341\035\344\241\035\302\201\035\332\300\034\340\241\r\332!\034\350\001\035\000x\220\207r\230\207r\220\007{(\2076\230\207t8\007w`\003x\220\207r\230\207r\220\007{(\2076\230\207t8\007w\000\bs\220\207ph\207rh\003xx\207tp\007z(\007y\000\334\341\035\334\241\034\000\302\035\336\241\r\322\301\035\314a\036\332\300\034\340\241\r\332!\034\350\001\035\000z\220\207z(\007\200p\207wh\003w\b\007w\230\20760\007xh\203v\b\007z@\007\200\036\344\241\036\312\001 \334\341\035\332`\036\322\341\034\334\241\034\310\241\r\364\241\034\344\341\035\346\241\r\314\001\036\332\240\035\302\201\036\320\001\240\007y\250\207r\000\210y\240\207p\030\207uh\003x\220\207w\240\207r\030\007zx\007yh\003q\250\007s0\207r\220\2076\230\207t\320\207r\000\360\000 \350!\034\344\341\034\312\201\036\332`\034\340\241\036\200qx\007y\240\207r\300\2076h\2079\000\bz\b\007y8\207r\240\20760\207r\b\007z\250\007y(\207y\000\326 \034\344\241\035\354\341\016\332\240\035\330`\r\320\341\036\310!\035\354\201\r\326\200\036\320\241\036\332A\034\332\240\035\336\201\034\312\201\r\332 \034\312a\036\330\240\r\304\301\034\342\300\016\330\240\r\306\201\034\312a\034\340\001\016\330\240\r\306\201\034\312a\034\340!\016\330\240\r\306\201\034\312a\034\340A\016\330\240\r\306\201\034\312a\034\340a\016\330\240\r\306\201\034\312a\034\340\201\016\330\240\r\306\201\034\312a\034\340\241\016\330\240\r\306\201\034\312a\034\340\301\016\330\240\r\306\201\034\312a\034\340\341\016\330\240\r\306A\036\306\201\r\332`\034\344!\037\340\201\036\336\201\r\332\200\034\346@\016\330\240\r\310\341\035\350\001\036\344\341\035\310\201\r\332\200\034\346\001\036\330\240\r\314a\034\312\201\r\332\300\034\340\241\r\302A\036\332\301\036\360\200\r\332\300\034\340\241\r\302A\036\332\301\036\360\200\034\342\300\016\330\240\r\314\001\036\332 \034\344\241\035\354\001\017\310!\016\354`\036\340\201\r\332\300\034\340\241\r\302A\036\332\301\036\360`\036\340\201\r\332\300\034\340!\016\354\200\r\332\300\034\340!\016\354\300\034\332\201\035\330\240\r\314\001\036\354\200\016\330\240\r\314\001\036\344\241\034\316a\036\330\240\r\314\241\036\330\201\035\314\001\036\342\300\016\330\240\r\320\341\036\310!\035\354\241\r\302A\036\332\201\r\332 \035\360\240\035\332\201\r\332\200\035\336A\034\330\240\r\332\301\036\312\201\r\332\240\035\354\241\034\334\300\034\340\201\r\332\300\035\312\341\035\334\201\r\332\000\036\302a\034\304\201\036\322\201\r\332@\036\302a\036\330\240\r\346A\034\330\240\r\346\001\035\302A\016\330\240\r\354\301\034\340A\016\330\240\r\354\301\034\340A\016\346\001\036\330\240\r\354\301\034\340a\016\330\240\r\354\301\034\340a\016\310!\016\354\200\r\332\300\036\314\001\036\346\200\034\342\300\016\346\001\036\330\240\r\354\301\034\340a\016\346\001\036\330\240\r\354\301\034\340\201\016\330\240\r\354\301\034\340\201\016\310!\016\354\200\r\332\300\036\314\001\036\350\200\034\342\300\016\346\001\036\330\240\r\354\301\034\340\201\016\346\001\036\200\r\255D\374\377\377\377\377\000D\0049\224\203;\274\203<\264C8\260C\033\230\003<\264A;\204\003=\240\003\000\017\362P\016\363P\016\362`\017\345\320\006\363\220\016\347\340\016l\000\017\362P\016\363P\016\362`\017\345\320\006\363\220\016\347\340\016\000a\016\362\020\016\355P\016m\000\017\357\220\016\356@\017\345 \017\200;\274\203;\224\003@\270\303;\264A:\270\2039\314C\033\230\003<\264A;\204\003=\240\003@\017\362P\017\345\000\020\356\360\016m\340\016\341\340\016\363\320\006\346\000\017m\320\016\341@\017\350\000\320\203<\324C9\000\204;\274C\033\314C:\234\203;\224\0039\264\201>\224\203<\274\303<\264\2019\300C\033\264C8\320\003:\000\364 \017\365P\016\0001\017\364\020\016\343\260\016m\000\017\362\360\016\364P\016\343@\017\357 \017m \016\365`\016\346P\016\362\320\006\363\220\016\372P\016\000\036\000\004=\204\203<\234C9\320C\033\214\003<\324\0030\016\357 \017\364P\016\370\320\006\3550\007\000A\017\341 \017\347P\016\364\320\006\346P\016\341@\017\365 \017\3450\017\300\032\204\203<\264\203=\334A\033\264\003\033\254\001:\334\0039\244\203=\260\301\032\320\003:\324C;\210C\033\264\303;\220C9\260A\033\204C9\314\003\033\264\2018\230C\034\330\001\033\264\3018\220C9\214\003<\300\001\033\264\3018\220C9\214\003<\304\001\033\264\3018\220C9\214\003<\310\001\033\264\3018\220C9\214\003<\314\001\033\264\3018\220C9\214\003<\320\001\033\264\3018\220C9\214\003<\324\001\033\264\3018\220C9\214\003<\330\001\033\264\3018\220C9\214\003<\334\001\033\264\3018\310\3038\260A\033\214\203<\344\003<\320\303;\260A\033\220\303\034\310\001\033\264\0019\274\003=\300\203<\274\0039\260A\033\220\303<\300\003\033\264\2019\214C9\260A\033\230\003<\264A8\310C;\330\003\036\260A\033\230\003<\264A8\310C;\330\003\036\220C\034\330\001\033\264\2019\300C\033\204\203<\264\203=\340\0019\304\201\035\314\003<\260A\033\230\003<\264A8\310C;\330\003\036\314\003<\260A\033\230\003<\304\201\035\260A\033\230\003<\304\201\035\230C;\260\003\033\264\2019\300\203\035\320\001\033\264\2019\300\203<\224\3039\314\003\033\264\2019\324\003;\260\2039\300C\034\330\001\033\264\001:\334\0039\244\203=\264A8\310C;\260A\033\244\003\036\264C;\260A\033\260\303;\210\003\033\264A;\330C9\260A\033\264\203=\224\203\033\230\003<\260A\033\270C9\274\203;\260A\033\300C8\214\2038\320C:\260A\033\310C8\314\003\033\264\301<\210\003\033\264\301<\240C8\310\001\033\264\201=\230\003<\310\001\033\264\201=\230\003<\310\301<\300\003\033\264\201=\230\003<\314\001\033\264\201=\230\003<\314\0019\304\201\035\260A\033\330\2039\300\303\034\220C\034\330\301<\300\003\033\264\201=\230\003<\314\301<\300\003\033\264\201=\230\003<\320\001\033\264\201=\230\003<\320\0019\304\201\035\260A\033\330\2039\300\003\035\220C\034\330\301<\300\003\033\264\201=\230\003<\320\301<\300\003\260\201(\376\377\377\377\177\000\"\000\000\000I\030\000\000\004\000\000\000\023\202`B L\b\206\t\0011!(\000\000\000\023,z@\207zh\007q\260\207;h\2076\b\007yh\2076p\207wp\207rh\203r\b\007qH\207\rsP\016m\320\016zP\016m\000\017z0\007r\240\007s \007m`\n\351\200\007m\220\016v@\007z`\007t\320\006\366\020\007r\200\007z`\007t\240\007q \007x\320\006\341\240\007p\240\007s \007m\340\016s \007m0\013v@\007+\nY(\205Y(\005ZX\321\260\003;\330C;\270A;\224\003=\204\0039\204\003=\204\203\322\003B\204D\220!#E\204\b\215\020&\247~\340r\275\\\256\227\313\365\"\312\323\366\262|\376\242\006\2133\231\2616\303\343\277\304\262==.\277\246\357\272|\\~\315\351a9\275\016\377\322\303\345\231\314\\\233\341\361\256\361\216\t\370\002\001\000\006\000\000\000\000\000\200\340\003\200\035\323\227\bC+\000C\020\000\000\000\000@\360\001\000Q\022\026\\A\340\220*\016\236\002\000\200\000\000\002\000\000\000\000\000\002\340\003\206T\240\320\024\000\000\b\000\020\000\000\000\000\000\020\000\0370\244j\005\245\000\002`\000\000\000\000\000\000\000\200\000\370\200!\325-\030\005\020\000\004\000\000\000\000\000\000\000\004\300\007\314iza)\200\001\n\000\000\b>`N\203\016Q\001\fP\000\000@\360\001s\232|\210\n`\200\002\000\000\202\017\230\323\250\004T\000\003\024\000\000\020|\300\234F'\244\002\030\240\000\000\200\340\003\3464l\261\024\300\000\005\000\000\004\0370\247\271\013\250\000\006(\000\000 \370\2009\315i8\0050@\001\000\000\301\007\314ij\343)\200\001\n\000\000\b>`NC\036O\001\fP\000\000@\360\001s\232\371x\n`\200\002\000\000\202\017\230\323\210\bT\000\003\024\000\000\020|\300\234FF\240\002\030\240\000\000\200\340\003\3464b\362\024\300\000\005\000\000\004\0370\247\211\223\247\000\006(\000\000 \370\2009\r\250<\0050@\001\000\000\301\007\314i^\345)\200\001\n\000\000\b>`N\343+N\001\fP\000\000@\360\001s\032vy\n`\200\002\000\000\202\017\230\323\354\313S\000\003\024\000\000\020|\300\234Fe\236\002\030\240\000\000\200\340\003\34649\363\024\300\000\005\000\000\004\0370\247A\233\247\000\006(\000\000 \370\2009\315\335<\0050@\001\000\000\301\007\314iL\347)\200\001\n\000\000\b>`NS;O\001\fP\000\000@\360\001s\032\362y\n`\200\002\000\000\202\017\230\323\314\317S\000\003\024\000\000\020|\300\234F\204\236\002\030\240\000\000\200\340\003\34641\344\024\300\000\005\000\000\004\0370\247\371!\247\000\006(\000\000 \370\2009M\0339\0050@\001\000\000\301\007\314i\366\b*\200\001\n\000\000\b>`N\263JP\001\fP\000\000@\360\001s\232]\202\n`\200\002\000\000\202\017\230\323\254\023T\000\003\024\000\000\020|\300\234f\237\240\002\030\240\000\000\200\340\003\3464+\025\025\300\000\005\000\000\004\0370\247\341\251\252\000\006(\000\000 \370\2009M\\U\0050@\001\000\000\301\007\314iL\253*\200\001\n\000\000\b>`N\263[U\001\fP\000\000@\360\001s\032\370\252\n`\200\002\000\000\202\017\230\323\224XU\000\003\024\000\000\020|\300\234F\307\252\002\030\240\000\000\200\340\003\3464oF\025\300\000\005\000\000\004\0370\247\0315\252\000\006(\000\000 \370\2009\315\255Q\0050@\001\000\000\301\007\314i\326\215*\200\001\n\000\000\b>`N\363oT\001\fP\000\000@\360\001s\232\231\243\n`\200\002\000\000\202\017\230\323\234\035U\000\003\024\000\000\020|\300\234f\357\250\002\030\240\000\000\200\340\003\3464\257G\025\300\000\005\000\000\004\0370\247\031?\247\000\006(\000\000 \370\2009M\3749\0050@\001\000\000\301\007\314i\376O*\200\001\n\000\000\b>`N\023\203\201T\000\003\024\000\000\020|\300\234f\f\003\251\000\006(\000\000 \370\2009M\035\006Q\001\fP\000\000@\360\001s\032S\f\236\002\030\240\000\000\200\340\003$6\b\024V7\000\000\310\002\001\000\000\000\031\000\000\0002\036\230\034\031\021L\220\214\t&G\306\004C\212r(\204\"(\203\022\030\001\240+\304\000\202\021\000\022$\005\000\341\200H(\026\313\345r\311h,\035\017HD2\241T,\027LF\263\341t<\037PH4\"\225L'TJ\265b\265\\/XL6\243\325l7\\N\267\343\365|?`P8\244\301 \000\000\000\261\030\000\000\265\000\000\0003\b\200\034\304\341\034f\024\001=\210C8\204\303\214B\200\007yx\007s\230q\f\346\000\017\355\020\016\364\200\0163\fB\036\302\301\035\316\241\034f0\005=\210C8\204\203\033\314\003=\310C=\214\003=\314x\214tp\007{\b\007yH\207pp\007zp\003vx\207p \207\031\314\021\016\354\220\016\3410\017n0\017\343\360\016\360P\0163\020\304\035\336!\034\330!\035\302a\036f0\211;\274\203;\320C9\264\003<\274\203<\204\003;\314\360\024v`\007{h\0077h\207rh\0077\200\207p\220\207p`\007v(\007v\370\005vx\207w\200\207_\b\207q\030\207r\230\207y\230\201,\356\360\016\356\340\016\365\300\016\3540\003b\310\241\034\344\241\034\314\241\034\344\241\034\334a\034\312!\034\304\201\035\312a\006\326\220C9\310C9\230C9\310C9\270\3038\224C8\210\003;\224\303/\274\203<\374\202;\324\003;\260\303\f\307i\207pX\207rp\203th\007x`\207t\030\207t\240\207\031\316S\017\356\000\017\362P\016\344\220\016\343@\017\341 \016\354P\0163 (\035\334\301\036\302A\036\322!\034\334\201\036\334\340\034\344\341\035\352\001\036f\030Q8\260C:\234\203;\314P$v`\007{h\0077`\207wx\007x\230QL\364\220\017\360P\0163\036j\036\312a\034\350!\035\336\301\035~\001\036\344\241\034\314!\035\360a\006T\205\2038\314\303;\260C=\320C9\374\302<\344C;\210\303;\260\303\214\305\n\207y\230\207w\030\207t\b\007z(\007r\230\201\\\343\020\016\354\300\016\345P\016\3630#\301\322A\036\344\341\027\330\341\035\336\001\036fH\031;\260\203=\264\203\033\204\3038\214C9\314\303<\270\3019\310\303;\324\003<\314H\264q\b\007v`\007q\b\207qX\207\031\333\306\016\354`\017\355\340\006\360 \017\3450\017\345 \017\366P\016n\020\016\3430\016\3450\017\363\340\006\351\340\016\344P\016\3700#\342\354a\034\302\201\035\330\341\027\354!\035\346!\035\304!\035\330!\035\350!\037f \235;\274C=\270\0039\224\2039\314X\274pp\007wx\007z\b\007zH\207wp\207\031\313\347\016\3570\017\341\340\016\351@\017\351\240\017\3450\303\001\003s\250\007w\030\207_\230\207pp\207t\240\207t\320\207r\230\201\204A9\340\3038\260C=\220C9\314@\304\240\035\312\241\035\340A\036\336\301\034f$c0\016\341\300\016\3540\017\351@\017\3450C!\203u\030\007sH\207_\240\207|\200\207r\230\261\224\001<\214\303<\224\3038\320C:\274\203;\314\003\000\000\000y \000\000\320\000\000\000r\036H C\210\f\031\tr2H #\201\214\221\221\321D\240\020(d<12B\216\220!\243\350@\274\003~ \022\243\220\370A\324HJ#I\023\001\000\000../../../Drivers/TAE32F53xx_Device/Source\\startup_tae32f53xx.cC:\\Users\\11841\\Documents\\svn\\Digital_RAD_Power_Department\\11_FAE\\Wuwenzhan\\TAE32F53xx_FW_ReleaseV1.4.7\\ProjectTemplate\\Project\\MDKComponent: Arm Compiler for Embedded 6.19 Tool: armclang [5e73cb00]__Vectors../../../Drivers/TAE32F53xx_Device/Source/startup_tae32f53xx.cVECTOR_TABLE_TypeDwarf VersionDebug Info Versionwchar_sizestatic_rwdataenumsize_buildattrarmlib_unavailablearmcompiler-version6.19\206b\000\000\000\000\000\0000\202p\250\302\bB@\n#\bA)\214 \004\2460\202\020\234\302\bB\200\n#\bA*\314\326\024\027\001pfA\006@\000\000\0000\224\0250\330\020\000\000\020\000\000\260\001\000\000\000\002\000\000\003\025@ \000\300t\2011e0\000V6C\240\rT\000\205\000\0003\004\300L\204\000t\300D\016\360\000\000\000x`\000\000\000\000\000\0239\200epm\000|\000\000\000\000\000L\344\000f\000\000\000\000\006\000\000\000\000\000LS\020\017\000\0003\004b0\222%\004\000\000\000a\000\222\002\000\000c\000\000\000\000\000\000\000\0003\f\320\021\3150H\3104\303@%\322\f\003\245P3\f\324B\3150PL5\303@5\316\f\3010\003p\037 \006b \006b \006b \006\352@\023n`\241\201\345\006\026\032\250\203:\300\203\033pl!\006b \006b \006b \006\226\214\004&(\02766\2736\0272\2613\227\261\272Q\002+#66\2736\227\2667\262:\2662\0273\266\260\263\271Q\0162(\00338\0034H\0035H\205\215\315\256\315%\215\254\314\215n\224`\r\206\f\206\000\310\000\000\251\030\000\000/\000\000\000\013\nr(\207w\200\007zXp\230C=\270\3038\260C9\320\303\202\346\034\306\241\r\350A\036\302\301\035\346!\035\350!\035\336\301\035\026(\342P\016\346\360\016\362P\016\351\340\016\363@\017\013\222p0\007z(\007yH\007w\230\007zX\320\214\2039\234C=\204\203<\220\003=\204\203<\234C9\320\303\002\006\036\344\241\034\302\201\035\330\341\035\306!\034\350\241\034\310a\301q\016\343\320\006\354\220\016\366P\016\013\254q`\207pp\207sp\203p\220\207qp\203p\240\007z\b\207q@\207r \207q\b\007v`\207\005\007<\320\203<\204C=\320\003:, \326a\034\314!\035\000\000\000\000\321\020\000\000\006\000\000\000\007\314<\244\203;\234\003;\224\003=\240\203<\224C8\220\303\001\000\000\000a \000\000!\000\000\000\023\004B<\f\000\000\000\024\000\000\000\"G\310\220Q\006\304\004\017\000\000\000Default_Handler\000\253\250\203s\003\200\373\021\017L\000\004\000Q\020\f.\000h\003\000\000\200\025\003\034\304\201\034\350<\220@\206\020\0312\022*L\n\334\000Pa\342\340\006\000\000\000\000\263\004\301\214A\021&\305\033\000\300,A0a\000\004\304\000\000\003\000\000\000[\004\300\r\266\f\201\364\006\000\000\000\000\000\000\000a \000\000\036\000\000\000\023\004A<\f\000\000\000\r\000\000\000\"G\310\220Q\006D\004\r\000\000\000Reset_Handler\000\000\000\253\250\203s\003\200\243\021\257F\000\004\000Q\020\f.\000h\003\000\000\000\000#\006\004\000\202`P\244\302\214Aa#\305\033\000\300\210\001Q\200 \030\024\2500cP\334H\361\006\000\300\023\006@@\f\000\002\000\000\000[\004\300\r\000\000\000\000\000\000\000\000q \000\000\003\000\000\0002\016\020\"\204\003\247\rH\240\334\000\000\000\000\000e\f\000\000\275\001\000\000\022\003\224\350\035\000\000\000\003\000\000\000U\004\000\000\t\000\000\000L\000\000\000\001\000\000\000X\000\000\000\000\000\000\000X\000\000\000D\000\000\000\270\006\000\000\002\000\000\000^\004\000\000\026\000\000\000t\004\000\000>\000\000\000\037\000\000\000\000\000\000\000\350\006\000\000\000\000\000\000\000\000\000\000D\000\000\000\000\000\000\0001\000\000\000\017\000\000\0001\000\000\000\017\000\000\000\377\377\377\377\001$\000\000@\000\000\000\r\000\000\000@\000\000\000\r\000\000\000\377\377\377\377\001$\000\000M\000\000\000\n\000\000\000M\000\000\000\n\000\000\000\377\377\377\377\b$\000\000W\000\000\000\006\000\000\000W\000\000\000\006\000\000\000\377\377\377\377\b$\000\000\000\000\000\000\037\000\000\000\000\000\000\000\037\000\000\000\377\377\377\377\b\004\000\000\037\000\000\000\t\000\000\000\037\000\000\000\t\000\000\000\377\377\377\377\205\004\000\000(\000\000\000\t\000\000\000(\000\000\000\t\000\000\000\377\377\377\377\004\f\000\000]\000\000\000\013\000\000\000]\000\000\000\013\000\000\000\377\377\377\377Q$\000\000h\000\000\000\021\000\000\000h\000\000\000\021\000\000\000\377\377\377\377Q$\000\000y\000\000\000\021\000\000\000y\000\000\000\021\000\000\000\377\377\377\377Q$\000\000\212\000\000\000\020\000\000\000\212\000\000\000\020\000\000\000\377\377\377\377Q$\000\000\232\000\000\000\022\000\000\000\232\000\000\000\022\000\000\000\377\377\377\377Q$\000\000\254\000\000\000\013\000\000\000\254\000\000\000\013\000\000\000\377\377\377\377Q$\000\000\267\000\000\000\020\000\000\000\267\000\000\000\020\000\000\000\377\377\377\377Q$\000\000\307\000\000\000\016\000\000\000\307\000\000\000\016\000\000\000\377\377\377\377Q$\000\000\325\000\000\000\017\000\000\000\325\000\000\000\017\000\000\000\377\377\377\377Q$\000\000\344\000\000\000\017\000\000\000\344\000\000\000\017\000\000\000\377\377\377\377Q$\000\000\363\000\000\000\017\000\000\000\363\000\000\000\017\000\000\000\377\377\377\377Q$\000\000\002\001\000\000\020\000\000\000\002\001\000\000\020\000\000\000\377\377\377\377Q$\000\000\022\001\000\000\020\000\000\000\022\001\000\000\020\000\000\000\377\377\377\377Q$\000\000\"\001\000\000\017\000\000\000\"\001\000\000\017\000\000\000\377\377\377\377Q$\000\0001\001\000\000\017\000\000\0001\001\000\000\017\000\000\000\377\377\377\377Q$\000\000@\001\000\000\017\000\000\000@\001\000\000\017\000\000\000\377\377\377\377Q$\000\000O\001\000\000\017\000\000\000O\001\000\000\017\000\000\000\377\377\377\377Q$\000\000^\001\000\000\016\000\000\000^\001\000\000\016\000\000\000\377\377\377\377Q$\000\000l\001\000\000\017\000\000\000l\001\000\000\017\000\000\000\377\377\377\377Q$\000\000{\001\000\000\017\000\000\000{\001\000\000\017\000\000\000\377\377\377\377Q$\000\000\212\001\000\000\017\000\000\000\212\001\000\000\017\000\000\000\377\377\377\377Q$\000\000\231\001\000\000\017\000\000\000\231\001\000\000\017\000\000\000\377\377\377\377Q$\000\000\250\001\000\000\017\000\000\000\250\001\000\000\017\000\000\000\377\377\377\377Q$\000\000\267\001\000\000\017\000\000\000\267\001\000\000\017\000\000\000\377\377\377\377Q$\000\000\306\001\000\000\017\000\000\000\306\001\000\000\017\000\000\000\377\377\377\377Q$\000\000\325\001\000\000\017\000\000\000\325\001\000\000\017\000\000\000\377\377\377\377Q$\000\000\344\001\000\000\017\000\000\000\344\001\000\000\017\000\000\000\377\377\377\377Q$\000\000\363\001\000\000\017\000\000\000\363\001\000\000\017\000\000\000\377\377\377\377Q$\000\000\002\002\000\000\017\000\000\000\002\002\000\000\017\000\000\000\377\377\377\377Q$\000\000\021\002\000\000\016\000\000\000\021\002\000\000\016\000\000\000\377\377\377\377Q$\000\000\037\002\000\000\016\000\000\000\037\002\000\000\016\000\000\000\377\377\377\377Q$\000\000-\002\000\000\016\000\000\000-\002\000\000\016\000\000\000\377\377\377\377Q$\000\000;\002\000\000\020\000\000\000;\002\000\000\020\000\000\000\377\377\377\377Q$\000\000K\002\000\000\020\000\000\000K\002\000\000\020\000\000\000\377\377\377\377Q$\000\000[\002\000\000\020\000\000\000[\002\000\000\020\000\000\000\377\377\377\377Q$\000\000k\002\000\000\020\000\000\000k\002\000\000\020\000\000\000\377\377\377\377Q$\000\000{\002\000\000\020\000\000\000{\002\000\000\020\000\000\000\377\377\377\377Q$\000\000\213\002\000\000\021\000\000\000\213\002\000\000\021\000\000\000\377\377\377\377Q$\000\000\234\002\000\000\025\000\000\000\234\002\000\000\025\000\000\000\377\377\377\377Q$\000\000\261\002\000\000\025\000\000\000\261\002\000\000\025\000\000\000\377\377\377\377Q$\000\000\306\002\000\000\025\000\000\000\306\002\000\000\025\000\000\000\377\377\377\377Q$\000\000\333\002\000\000\025\000\000\000\333\002\000\000\025\000\000\000\377\377\377\377Q$\000\000\360\002\000\000\025\000\000\000\360\002\000\000\025\000\000\000\377\377\377\377Q$\000\000\005\003\000\000\025\000\000\000\005\003\000\000\025\000\000\000\377\377\377\377Q$\000\000\032\003\000\000\025\000\000\000\032\003\000\000\025\000\000\000\377\377\377\377Q$\000\000/\003\000\000\024\000\000\000/\003\000\000\024\000\000\000\377\377\377\377Q$\000\000C\003\000\000\024\000\000\000C\003\000\000\024\000\000\000\377\377\377\377Q$\000\000W\003\000\000\024\000\000\000W\003\000\000\024\000\000\000\377\377\377\377Q$\000\000k\003\000\000\024\000\000\000k\003\000\000\024\000\000\000\377\377\377\377Q$\000\000\177\003\000\000\024\000\000\000\177\003\000\000\024\000\000\000\377\377\377\377Q$\000\000\223\003\000\000\024\000\000\000\223\003\000\000\024\000\000\000\377\377\377\377Q$\000\000\247\003\000\000\024\000\000\000\247\003\000\000\024\000\000\000\377\377\377\377Q$\000\000\273\003\000\000\024\000\000\000\273\003\000\000\024\000\000\000\377\377\377\377Q$\000\000\317\003\000\000\024\000\000\000\317\003\000\000\024\000\000\000\377\377\377\377Q$\000\000\343\003\000\000\016\000\000\000\343\003\000\000\016\000\000\000\377\377\377\377Q$\000\000\361\003\000\000\016\000\000\000\361\003\000\000\016\000\000\000\377\377\377\377Q$\000\000\377\003\000\000\022\000\000\000\377\003\000\000\022\000\000\000\377\377\377\377Q$\000\000\021\004\000\000\022\000\000\000\021\004\000\000\022\000\000\000\377\377\377\377Q$\000\000#\004\000\000\022\000\000\000#\004\000\000\022\000\000\000\377\377\377\377Q$\000\0005\004\000\000\021\000\000\0005\004\000\000\021\000\000\000\377\377\377\377Q$\000\000F\004\000\000\017\000\000\000F\004\000\000\017\000\000\000\377\377\377\377Q$\000\000\000\000\000\000\000\000\000\000\037\000\000\000\000\000\000\000\262\004\000\000\005\000\000\000\000\000\000\000\000\000\000\000\037\000\000\000\000\000\000\000\267\004\000\000\r\000\000\000\000\000\000\000]\f\000\0004\001\000\000\022\003\224\244\031\000\000\000Image$$ARM_LIB_STACK$$ZI$$Limit__Vectorsllvm.usedDefault_HandlerReset_HandlerSystemInit__mainNMI_HandlerHardFault_HandlerMemManage_HandlerBusFault_HandlerUsageFault_HandlerSVC_HandlerDebugMon_HandlerPendSV_HandlerSysTick_HandlerI2C0_IRQHandlerI2C1_IRQHandlerUART0_IRQHandlerUART1_IRQHandlerTMR0_IRQHandlerTMR1_IRQHandlerTMR2_IRQHandlerTMR3_IRQHandlerLVD_IRQHandlerTMR4_IRQHandlerTMR5_IRQHandlerTMR6_IRQHandlerTMR7_IRQHandlerIWDG_IRQHandlerWWDG_IRQHandlerIIR0_IRQHandlerIIR1_IRQHandlerIIR2_IRQHandlerIIR3_IRQHandlerIIR4_IRQHandlerECU_IRQHandlerDMA_IRQHandlerCAN_IRQHandlerGPIOA_IRQHandlerGPIOB_IRQHandlerGPIOC_IRQHandlerGPIOD_IRQHandlerFLASH_IRQHandlerDFLASH_IRQHandlerHRPWM_MSTR_IRQHandlerHRPWM_SLV0_IRQHandlerHRPWM_SLV1_IRQHandlerHRPWM_SLV2_IRQHandlerHRPWM_SLV3_IRQHandlerHRPWM_SLV4_IRQHandlerHRPWM_SLV5_IRQHandlerHRPWM_FLT_IRQHandlerADC0_NORM_IRQHandlerADC0_HALF_IRQHandlerADC0_FULL_IRQHandlerADC0_SAMP_IRQHandlerADC1_NORM_IRQHandlerADC1_HALF_IRQHandlerADC1_FULL_IRQHandlerADC1_SAMP_IRQHandlerDAC_IRQHandlerCMP_IRQHandlerUSB_STA_IRQHandlerUSB_DET_IRQHandlerUSB_LPM_IRQHandlerUSB_EP_IRQHandlerDALI_IRQHandler16.0.0gitthumbv7m-arm-none-eabi../../../Drivers/TAE32F53xx_Device/Source/startup_tae32f53xx.cRESETllvm.metadata\000\000\000"
	.size	.Lllvm.embedded.module, 10132

	.section	.debug_abbrev,"",%progbits
	.byte	1                               @ Abbreviation Code
	.byte	17                              @ DW_TAG_compile_unit
	.byte	1                               @ DW_CHILDREN_yes
	.byte	37                              @ DW_AT_producer
	.byte	14                              @ DW_FORM_strp
	.byte	19                              @ DW_AT_language
	.byte	5                               @ DW_FORM_data2
	.byte	3                               @ DW_AT_name
	.byte	14                              @ DW_FORM_strp
	.byte	16                              @ DW_AT_stmt_list
	.byte	23                              @ DW_FORM_sec_offset
	.byte	27                              @ DW_AT_comp_dir
	.byte	14                              @ DW_FORM_strp
	.byte	0                               @ EOM(1)
	.byte	0                               @ EOM(2)
	.byte	2                               @ Abbreviation Code
	.byte	52                              @ DW_TAG_variable
	.byte	0                               @ DW_CHILDREN_no
	.byte	3                               @ DW_AT_name
	.byte	14                              @ DW_FORM_strp
	.byte	73                              @ DW_AT_type
	.byte	19                              @ DW_FORM_ref4
	.byte	63                              @ DW_AT_external
	.byte	25                              @ DW_FORM_flag_present
	.byte	58                              @ DW_AT_decl_file
	.byte	11                              @ DW_FORM_data1
	.byte	59                              @ DW_AT_decl_line
	.byte	11                              @ DW_FORM_data1
	.byte	0                               @ EOM(1)
	.byte	0                               @ EOM(2)
	.byte	3                               @ Abbreviation Code
	.byte	1                               @ DW_TAG_array_type
	.byte	1                               @ DW_CHILDREN_yes
	.byte	73                              @ DW_AT_type
	.byte	19                              @ DW_FORM_ref4
	.byte	0                               @ EOM(1)
	.byte	0                               @ EOM(2)
	.byte	4                               @ Abbreviation Code
	.byte	33                              @ DW_TAG_subrange_type
	.byte	0                               @ DW_CHILDREN_no
	.byte	73                              @ DW_AT_type
	.byte	19                              @ DW_FORM_ref4
	.byte	55                              @ DW_AT_count
	.byte	11                              @ DW_FORM_data1
	.byte	0                               @ EOM(1)
	.byte	0                               @ EOM(2)
	.byte	5                               @ Abbreviation Code
	.byte	38                              @ DW_TAG_const_type
	.byte	0                               @ DW_CHILDREN_no
	.byte	73                              @ DW_AT_type
	.byte	19                              @ DW_FORM_ref4
	.byte	0                               @ EOM(1)
	.byte	0                               @ EOM(2)
	.byte	6                               @ Abbreviation Code
	.byte	22                              @ DW_TAG_typedef
	.byte	0                               @ DW_CHILDREN_no
	.byte	73                              @ DW_AT_type
	.byte	19                              @ DW_FORM_ref4
	.byte	3                               @ DW_AT_name
	.byte	14                              @ DW_FORM_strp
	.byte	58                              @ DW_AT_decl_file
	.byte	11                              @ DW_FORM_data1
	.byte	59                              @ DW_AT_decl_line
	.byte	11                              @ DW_FORM_data1
	.byte	0                               @ EOM(1)
	.byte	0                               @ EOM(2)
	.byte	7                               @ Abbreviation Code
	.byte	15                              @ DW_TAG_pointer_type
	.byte	0                               @ DW_CHILDREN_no
	.byte	73                              @ DW_AT_type
	.byte	19                              @ DW_FORM_ref4
	.byte	0                               @ EOM(1)
	.byte	0                               @ EOM(2)
	.byte	8                               @ Abbreviation Code
	.byte	21                              @ DW_TAG_subroutine_type
	.byte	0                               @ DW_CHILDREN_no
	.byte	39                              @ DW_AT_prototyped
	.byte	25                              @ DW_FORM_flag_present
	.byte	0                               @ EOM(1)
	.byte	0                               @ EOM(2)
	.byte	9                               @ Abbreviation Code
	.byte	36                              @ DW_TAG_base_type
	.byte	0                               @ DW_CHILDREN_no
	.byte	3                               @ DW_AT_name
	.byte	14                              @ DW_FORM_strp
	.byte	11                              @ DW_AT_byte_size
	.byte	11                              @ DW_FORM_data1
	.byte	62                              @ DW_AT_encoding
	.byte	11                              @ DW_FORM_data1
	.byte	0                               @ EOM(1)
	.byte	0                               @ EOM(2)
	.byte	0                               @ EOM(3)
	.section	.debug_info,"",%progbits
.Lcu_begin0:
	.long	.Ldebug_info_end0-.Ldebug_info_start0 @ Length of Unit
.Ldebug_info_start0:
	.short	4                               @ DWARF version number
	.long	.debug_abbrev                   @ Offset Into Abbrev. Section
	.byte	4                               @ Address Size (in bytes)
	.byte	1                               @ Abbrev [1] 0xb:0x48 DW_TAG_compile_unit
	.long	.Linfo_string0                  @ DW_AT_producer
	.short	12                              @ DW_AT_language
	.long	.Linfo_string1                  @ DW_AT_name
	.long	.Lline_table_start0             @ DW_AT_stmt_list
	.long	.Linfo_string2                  @ DW_AT_comp_dir
	.byte	2                               @ Abbrev [2] 0x1e:0xb DW_TAG_variable
	.long	.Linfo_string3                  @ DW_AT_name
	.long	41                              @ DW_AT_type
                                        @ DW_AT_external
	.byte	1                               @ DW_AT_decl_file
	.byte	166                             @ DW_AT_decl_line
	.byte	3                               @ Abbrev [3] 0x29:0xc DW_TAG_array_type
	.long	53                              @ DW_AT_type
	.byte	4                               @ Abbrev [4] 0x2e:0x6 DW_TAG_subrange_type
	.long	75                              @ DW_AT_type
	.byte	68                              @ DW_AT_count
	.byte	0                               @ End Of Children Mark
	.byte	5                               @ Abbrev [5] 0x35:0x5 DW_TAG_const_type
	.long	58                              @ DW_AT_type
	.byte	6                               @ Abbrev [6] 0x3a:0xb DW_TAG_typedef
	.long	69                              @ DW_AT_type
	.long	.Linfo_string4                  @ DW_AT_name
	.byte	1                               @ DW_AT_decl_file
	.byte	45                              @ DW_AT_decl_line
	.byte	7                               @ Abbrev [7] 0x45:0x5 DW_TAG_pointer_type
	.long	74                              @ DW_AT_type
	.byte	8                               @ Abbrev [8] 0x4a:0x1 DW_TAG_subroutine_type
                                        @ DW_AT_prototyped
	.byte	9                               @ Abbrev [9] 0x4b:0x7 DW_TAG_base_type
	.long	.Linfo_string5                  @ DW_AT_name
	.byte	8                               @ DW_AT_byte_size
	.byte	7                               @ DW_AT_encoding
	.byte	0                               @ End Of Children Mark
.Ldebug_info_end0:
	.section	.debug_str,"MS",%progbits,1
.Linfo_string0:
	.asciz	"Component: Arm Compiler for Embedded 6.19 Tool: armclang [5e73cb00]" @ string offset=0
.Linfo_string1:
	.asciz	"../../../Drivers/TAE32F53xx_Device/Source\\startup_tae32f53xx.c" @ string offset=68
.Linfo_string2:
	.asciz	"C:\\Users\\11841\\Documents\\svn\\Digital_RAD_Power_Department\\11_FAE\\Wuwenzhan\\TAE32F53xx_FW_ReleaseV1.4.7\\ProjectTemplate\\Project\\MDK" @ string offset=131
.Linfo_string3:
	.asciz	"__Vectors"                     @ string offset=262
.Linfo_string4:
	.asciz	"VECTOR_TABLE_Type"             @ string offset=272
.Linfo_string5:
	.asciz	"__ARRAY_SIZE_TYPE__"           @ string offset=290
	.ident	"Component: Arm Compiler for Embedded 6.19 Tool: armclang [5e73cb00]"
	.section	".note.GNU-stack","",%progbits
	.ARM_attribute	16, 1	@ Tag_AV_eba
	.section	.debug_line,"",%progbits
.Lline_table_start0:
