	.text
	.syntax unified
	.eabi_attribute	67, "2.09"	@ Tag_conformance
	.cpu	cortex-m3
	.eabi_attribute	6, 10	@ Tag_CPU_arch
	.eabi_attribute	7, 77	@ Tag_CPU_arch_profile
	.eabi_attribute	8, 0	@ Tag_ARM_ISA_use
	.eabi_attribute	9, 2	@ Tag_THUMB_ISA_use
	.eabi_attribute	34, 1	@ Tag_CPU_unaligned_access
	.eabi_attribute	17, 1	@ Tag_ABI_PCS_GOT_use
	.eabi_attribute	20, 2	@ Tag_ABI_FP_denormal
	.eabi_attribute	21, 0	@ Tag_ABI_FP_exceptions
	.eabi_attribute	23, 1	@ Tag_ABI_FP_number_model
	.eabi_attribute	24, 1	@ Tag_ABI_align_needed
	.eabi_attribute	25, 1	@ Tag_ABI_align_preserved
	.eabi_attribute	38, 1	@ Tag_ABI_FP_16bit_format
	.eabi_attribute	18, 2	@ Tag_ABI_PCS_wchar_t
	.eabi_attribute	26, 1	@ Tag_ABI_enum_size
	.eabi_attribute	14, 0	@ Tag_ABI_PCS_R9_use
	.file	"system_tae32f53xx.c"
	.file	1 "C:\\Keil_v5\\ARM\\ARMCLANG\\Bin\\..\\include" "stdint.h"
	.file	2 "C:\\Users\\11841\\Documents\\svn\\\346\225\260\345\255\227\347\224\265\346\272\220\347\240\224\345\217\221\351\203\250\\11_FAE\\Wuwenzhan\\TAE32F53xx_FW_ReleaseV1.4.7\\ProjectTemplate\\Project\\MDK" "../../../Drivers/TAE32F53xx_Device/Source/system_tae32f53xx.c"
	.file	3 "C:/Users/11841/AppData/Local/Arm/Packs/ARM/CMSIS/5.9.0/CMSIS/Core/Include" "core_cm3.h"
	.type	.Lllvm.embedded.module,%object  @ @llvm.embedded.module
	.section	.llvmbc,"",%progbits
	.p2align	4, 0x0
.Lllvm.embedded.module:
	.asciz	"BC\300\3365\024\000\000\005\000\000\000b\f0$MY\276f\255\373\264O\033\310$D\0012\005\000!\f\000\000|\005\000\000\013\002!\000\002\000\000\000\026\000\000\000\007\201#\221A\310\004I\006\02029\222\001\204\f%\005\b\031\036\004\213b\200\024E\002B\222\013B\244\0202\0248\b\030K\n2R\210Hp\304!#D\022\207\214\020A\222\002d\310\b\261\024 CF\210 \311\0012R\204\030*(*\2201|\260\\\221 \305\310\000\000\000\211 \000\000\031\000\000\0002\"H\t bF\000!+$\230\024!%$\230\024\031'\f\205\244\220`Rd\\ $e\202 \2529\0020P\0000\002`\202a\204\021\006\002\f1\2141s\004\2400G\200(CR\201\240\004A\013\002>\322\024Q\302\344\263\334\366\267\330C\244*\204\020BP!\204\020BX!\260\326\302\034A0\005\000\000Q\030\000\000\304\001\000\000\033\326)\370\377\377\377\377\001p\000\t(\003\202\034\312\301\035\336A\036\332!\034\330\241\r\314\001\036\332\240\035\302\201\036\320\001\200\007y(\207y(\007y\260\207rh\203yH\207sp\0076\200\007y(\207y(\007y\260\207rh\203yH\207sp\007\2000\007y\b\207v(\2076\200\207wH\007w\240\207r\220\007\300\035\336\301\035\312\001 \332!\035\334\241\r\330\241\034\316!\034\330\241\r\354\241\034\306\201\036\336A\036\332\340\036\322\201\034\350\001\035\0008\000\bwx\2076H\007w0\207yh\003s\200\2076h\207p\240\007t\000\350A\036\352\241\034\000\302\035\336\241\r\334!\034\334a\036\332\300\034\340\241\r\332!\034\350\001\035\000z\220\207z(\007\200p\207wh\203yH\207sp\207r \2076\320\207r\220\207w\230\20760\007xh\203v\b\007z@\007\200\036\344\241\036\312\001 \346\201\036\302a\034\326\241\r\340A\036\336\201\036\312a\034\350\341\035\344\241\r\304\241\036\314\301\034\312A\036\332`\036\322A\037\312\001\300\003\200\240\207p\220\207s(\007zh\203q\200\207z\000\306\341\035\344\201\036\312\001\037\332\240\035\346\000 \350!\034\344\341\034\312\201\036\332\300\034\312!\034\350\241\036\344\241\034\346\001X\203p\220\207v\260\207;h\203v`\2035@\207{ \207t\260\0076X\003z@\207zh\007qh\203vx\007r(\0076h\203p(\207y`\2036\020\007s\210\003;`\2036\030\007r(\207q\200\0078`\2036\030\007r(\207q\200\2078`\2036\030\007r(\207q\200\0079`\2036\030\007r(\207q\200\2079`\2036\030\007r(\207q\200\007:`\2036\030\007r(\207q\200\207:`\2036\030\007r(\207q\200\007;`\2036\030\007r(\207q\200\207;`\2036\030\007y\030\0076h\203q\220\207|\200\007zx\0076h\003r\230\0039`\2036 \207w\240\007x\220\207w \0076h\003r\230\007x`\20360\207q(\0076h\003s\200\2076\b\007yh\007{\300\0036h\003s\200\2076\b\007yh\007{\300\003r\210\003;`\20360\007xh\203p\220\207v\260\007< \2078\260\203y\200\0076h\003s\200\2076\b\007yh\007{\300\203y\200\0076h\003s\200\2078\260\0036h\003s\200\2078\260\003sh\007v`\20360\007x\260\003:`\20360\007x\220\207r8\207y`\20360\207z`\007v0\007x\210\003;`\2036@\207{ \207t\260\2076\b\007yh\0076h\203t\300\203vh\0076h\003vx\007q`\2036h\007{(\0076h\203v\260\207rp\003s\200\0076h\003w(\207wp\0076h\003x\b\207q\020\007zH\0076h\003y\b\207y`\2036\230\007q`\2036\230\007t\b\0079`\2036\260\007s\200\0079`\2036\260\007s\200\0079\230\007x`\2036\260\007s\200\2079`\2036\260\007s\200\2079 \2078\260\0036h\003{0\007x\230\003r\210\003;\230\007x`\2036\260\007s\200\2079\230\007x`\2036\260\007s\200\007:`\2036\260\007s\200\007: \2078\260\0036h\003{0\007x\240\003r\210\003;\230\007x`\2036\260\007s\200\007:\230\007x\0006\254\222\360\377\377\377\377\003A\016\345\340\016\357 \017\355\020\016\354\320\006\346\000\017m\320\016\341@\017\350\000\300\203<\224\303<\224\203<\330C9\264\301<\244\3039\270\003\033\300\203<\224\303<\224\203<\330C9\264\301<\244\3039\270\003@\230\203<\204C;\224C\033\300\303;\244\203;\320C9\310\003\340\016\357\340\016\345\000\020\356\360\016m\220\016\356`\016\363\320\006\346\000\017m\320\016\341@\017\350\000\320\203<\324C9\000\204;\274C\033\270C8\270\303<\264\2019\300C\033\264C8\320\003:\000\364 \017\365P\016\000\341\016\357\320\006\363\220\016\347\340\016\345@\016m\240\017\345 \017\3570\017m`\016\360\320\006\355\020\016\364\200\016\000=\310C=\224\003@\314\003=\204\3038\254C\033\300\203<\274\003=\224\3038\320\303;\310C\033\210C=\230\2039\224\203<\264\301<\244\203>\224\003\200\007\000A\017\341 \017\347P\016\364\320\006\343\000\017\365\000\214\303;\310\003=\224\003>\264A;\314\001@\320C8\310\3039\224\003=\264\2019\224C8\320C=\310C9\314\003\260\006\341 \017\355`\017w\320\006\355\300\006k\200\016\367@\016\351`\017l\260\006\364\200\016\365\320\016\342\320\006\355\360\016\344P\016l\320\006\341P\016\363\300\006m \016\346\020\007v\300\006m0\016\344P\016\343\000\017p\300\006m0\016\344P\016\343\000\017q\300\006m0\016\344P\016\343\000\017r\300\006m0\016\344P\016\343\000\017s\300\006m0\016\344P\016\343\000\017t\300\006m0\016\344P\016\343\000\017u\300\006m0\016\344P\016\343\000\017v\300\006m0\016\344P\016\343\000\017w\300\006m0\016\3620\016l\320\006\343 \017\371\000\017\364\360\016l\320\006\3440\007r\300\006m@\016\357@\017\360 \017\357@\016l\320\006\3440\017\360\300\006m`\016\343P\016l\320\006\346\000\017m\020\016\362\320\016\366\200\007l\320\006\346\000\017m\020\016\362\320\016\366\200\007\344\020\007v\300\006m`\016\360\320\006\341 \017\355`\017x@\016q`\007\363\000\017l\320\006\346\000\017m\020\016\362\320\016\366\200\007\363\000\017l\320\006\346\000\017q`\007l\320\006\346\000\017q`\007\346\320\016\354\300\006m`\016\360`\007t\300\006m`\016\360 \017\345p\016\363\300\006m`\016\365\300\016\354`\016\360\020\007v\300\006m\200\016\367@\016\351`\017m\020\016\362\320\016l\320\006\351\200\007\355\320\016l\320\006\354\360\016\342\300\006m\320\016\366P\016l\320\006\355`\017\345\340\006\346\000\017l\320\006\356P\016\357\340\016l\320\006\360\020\016\343 \016\364\220\016l\320\006\362\020\016\363\300\006m0\017\342\300\006m0\017\350\020\016r\300\006m`\017\346\000\017r\300\006m`\017\346\000\017r0\017\360\300\006m`\017\346\000\017s\300\006m`\017\346\000\017s@\016q`\007l\320\006\366`\016\3600\007\344\020\007v0\017\360\300\006m`\017\346\000\017s0\017\360\300\006m`\017\346\000\017t\300\006m`\017\346\000\017t@\016q`\007l\320\006\366`\016\360@\007\344\020\007v0\017\360\300\006m`\017\346\000\017t0\017\360\000l \206\000 \205\r\020\361\377\377\377\377\003p\n\200\037\000\177\000H\000\005\324\001\320\007\000\000I\030\000\000\003\000\000\000\023\202`B L\020\202aB@\000\023,z@\207zh\007q\260\207;h\2076\b\007yh\2076p\207wp\207rh\203r\b\007qH\207\rsP\016m\320\016zP\016m\000\017z0\007r\240\007s \007m`\n\351\200\007m\220\016v@\007z`\007t\320\006\366\020\007r\200\007z`\007t\240\007q \007x\320\006\341\240\007p\240\007s \007m\340\016s \007m0\013v@\007J\017\b\021\022A\206\214\024\021\0014B\230\234\366\201\313\365r\271^.\327\213(O\333\313\362\371\213\032,\316d\306\332\f\217\377\022\313\366\364\270\374\232\276\353\362q\3715\317\317\351\345\366\227\036.\317d\346\332\f\217w\215wL\300\023\b\0070\000\001\000\000\000\000\004\017\000\354\230\236D\030\000`\000\000\000\000\000\000\b\036\000\030Ra\n\001\000@\000\000\001\000\000\000\000\000\001\360\000C*1\260\b \000\004\000\000\000\000\000\000\000\b\200\007\030R\341AU\000\0000\000@\000\000\000\000\000@\000<\300\220\252\025\240\003\b\000\002\000\000\000\000\000\000\000\000\340\001$6\b\024\006,\000\000\310\002\001\n\000\000\0002\036\230\024\031\021L\220\214\t&G\306\004C\n\005H?P\016\205P\004eP\002#\000\204\n\243\b\n\241\024\000\000\000\000\261\030\000\000\265\000\000\0003\b\200\034\304\341\034f\024\001=\210C8\204\303\214B\200\007yx\007s\230q\f\346\000\017\355\020\016\364\200\0163\fB\036\302\301\035\316\241\034f0\005=\210C8\204\203\033\314\003=\310C=\214\003=\314x\214tp\007{\b\007yH\207pp\007zp\003vx\207p \207\031\314\021\016\354\220\016\3410\017n0\017\343\360\016\360P\0163\020\304\035\336!\034\330!\035\302a\036f0\211;\274\203;\320C9\264\003<\274\203<\204\003;\314\360\024v`\007{h\0077h\207rh\0077\200\207p\220\207p`\007v(\007v\370\005vx\207w\200\207_\b\207q\030\207r\230\207y\230\201,\356\360\016\356\340\016\365\300\016\3540\003b\310\241\034\344\241\034\314\241\034\344\241\034\334a\034\312!\034\304\201\035\312a\006\326\220C9\310C9\230C9\310C9\270\3038\224C8\210\003;\224\303/\274\203<\374\202;\324\003;\260\303\f\307i\207pX\207rp\203th\007x`\207t\030\207t\240\207\031\316S\017\356\000\017\362P\016\344\220\016\343@\017\341 \016\354P\0163 (\035\334\301\036\302A\036\322!\034\334\201\036\334\340\034\344\341\035\352\001\036f\030Q8\260C:\234\203;\314P$v`\007{h\0077`\207wx\007x\230QL\364\220\017\360P\0163\036j\036\312a\034\350!\035\336\301\035~\001\036\344\241\034\314!\035\360a\006T\205\2038\314\303;\260C=\320C9\374\302<\344C;\210\303;\260\303\214\305\n\207y\230\207w\030\207t\b\007z(\007r\230\201\\\343\020\016\354\300\016\345P\016\3630#\301\322A\036\344\341\027\330\341\035\336\001\036fH\031;\260\203=\264\203\033\204\3038\214C9\314\303<\270\3019\310\303;\324\003<\314H\264q\b\007v`\007q\b\207qX\207\031\333\306\016\354`\017\355\340\006\360 \017\3450\017\345 \017\366P\016n\020\016\3430\016\3450\017\363\340\006\351\340\016\344P\016\3700#\342\354a\034\302\201\035\330\341\027\354!\035\346!\035\304!\035\330!\035\350!\037f \235;\274C=\270\0039\224\2039\314X\274pp\007wx\007z\b\007zH\207wp\207\031\313\347\016\3570\017\341\340\016\351@\017\351\240\017\3450\303\001\003s\250\007w\030\207_\230\207pp\207t\240\207t\320\207r\230\201\204A9\340\3038\260C=\220C9\314@\304\240\035\312\241\035\340A\036\336\301\034f$c0\016\341\300\016\3540\017\351@\017\3450C!\203u\030\007sH\207_\240\207|\200\207r\230\261\224\001<\214\303<\224\3038\320C:\274\203;\314\003\000\000\000y \000\000\302\001\000\000r\036H C\210\f\031\tr2H #\201\214\221\221\321D\240\020(d<12B\216\220!\243\230\006dp^\000\000\000}\260\017\243\360\006\bC\013HA\020\3050\fGS\020\004Q\020\3040\f\004\221\024O\0374\222\322H\322D\000../../../Drivers/TAE32F53xx_Device/Source\\system_tae32f53xx.cC:\\Users\\11841\\Documents\\svn\\\346\225\260\345\255\227\347\224\265\346\272\220\347\240\224\345\217\221\351\203\250\\11_FAE\\Wuwenzhan\\TAE32F53xx_FW_ReleaseV1.4.7\\ProjectTemplate\\Project\\MDKComponent: Arm Compiler for Embedded 6.19 Tool: armclang [5e73cb00]C:\\Keil_v5\\ARM\\ARMCLANG\\Bin\\..\\include\\stdint.huint32_tunsigned intC:/Users/11841/AppData/Local/Arm/Packs/ARM/CMSIS/5.9.0/CMSIS/Core/Include\\core_cm3.hSCB_TypeCPUIDICSRVTORAIRCRSCRCCRSHPuint8_tunsigned charSHCSRCFSRHFSRDFSRMMFARBFARAFSRPFRDFRADRMMFRISARRESERVED0CPACRSystemCoreClock../../../Drivers/TAE32F53xx_Device/Source/system_tae32f53xx.cDwarf VersionDebug Info Versionwchar_sizestatic_rwdataenumsize_buildattrarmlib_unavailablearmcompiler-version6.19\000F\242\001\000\000\000\000\0000\202\2004#\b\2103\202\200<#\b\b4\202\020\034#\b\0012\202\020$#\b\2012\202\020,#\b\0013\2225L\300\036\354\013\000\200c\000\000\2009\000\000\000\000\000\000\000\300lMa\007`\000\250\3038\350\001\020\000\000\000\fe\005\314\035\f\001\000\000\001\340\007@:\000\000\000\000\002\000\000\003\025@ \000\300@\005@\000\0000\317\001\220\201\001\006\300\001L\344\000V\201\007\240\000\344\001\000\000\000\000\000\003\025\300\001\000\300D\016`!{ 3\000\035\000\000\000\000\0000\221\003<\000\000\000|\000\006\000\000\000\0000\203\240\007}0\221\003\324\001\000\000\200\036\000\000\000\000\0000\221\003\230\001\000\000\300\037\000\000\000\000\0000\221\0034\311\036\364\013\035\200\002\030\000\000\000\000\300D\016\320({\340/t\360\007`\000\200\001\000\000\300D\016\320,{\360/t\360\007`\000\200\002\000\000\300D\016\3200{\0002t\360\007`\000\200\003\000\000\300D\016\3204{\0202t\360\007`\000\200\004\000\000\300D\016\3208{ 2t\360\007`\000\200\005\000\000\300<\007@\006\021\002 \300D\016`Ax\340\007\300)\000\000\000\000\0000\221\003\324\001\000\000\000*\000\000\000\000\0000MA\250\001\000\0003\004\2520\222%\004\000\000\000\251\000\016\000\000\254\002\000\000\000\000\000\000\000L\344\000\315\263\007#C\007\254\000\016\000h\000\000\000L\344\000\215\264\007$C\007\177\000\006\000\230\000\000\000L\344\000\315\264\007%C\007\177\000\006\000\250\000\000\000L\344\000\r\265\007&C\007\177\000\006\000\270\000\000\000L\344\000M\265\007'C\007\177\000\006\000\310\000\000\000L\344\000\215\265\007(C\007\177\000\006\000\330\000\000\000L\344\000\315\265\007)C\007\177\000\006\000\350\000\000\000L\344\000\r\266\007*C\007\177\000\006\000\370\000\000\000LS\020k\000\000\300\fA-\214d\t\001\000\000\000(\200\002\000\000\266\000\000\000\000\000\000\000\000\0239@\223\355\301\312\320\301-\200\002\000B\000\000\000\0239@\243\355\001\313\320\001(\200\001\000J\000\000\000\0239@\263\355A\313\320\001(\200\001\000N\000\000\000\323\024\004\033\000\0000C\260\013#YB\000\000\000\000\n \001\000\000/\000\000\000\000\000\000\000\300D\016\320p{\3402t\320\013 \001\200\024\000\000\3004\005\321\006\000\000\314\020\374\302H\226\020\000\000\000\200\002X\000\000\000\016\000\000\000\000\000\000\0000\221\0034\335\036\274\f\035\204\003X\000 \006\000\0000\222%\004\000\000\000z\000\026\000\000\200\003\000\000\000\000\000\000\000L\344\000\215\267\0070C\007\343\000\026\000\330\001\000\000L\344\000\315\267\0071C\007\177\000\006\000(\006\000\000\0003T\241 \n\243@\n\245`\n\255\340\n\257\000\013\261 \013\263@\013\270\220\013\272\340\013\342@\016\3450]`L\031\f@\035\234\303\f\001:\fT\000a \000\300\f\203\033\210\301\033\3140\300\301\030\304\301\f\203\034\220\001\034\3140\310A\031\310\301\f\203\034\230\201\034\3140\310\301\031\314\301\f\203\034\240A\032\314\020\f3\000\247\n\000\307q\034\307q\034\307\311\005?\230\205\033\270\201)\330\203\033\330\003<\240\001<\300\203H\240\004J\240\004J\240\004(\330\003<\320\001g\026(\201\022(\201\022(\201\022(\201\022t\300\231\005J\240\004J\320\001g\026(A\007\234Y\240\204Y\240\204K\260\210E\007\034\035\320\001\035\320\001\035\320\001\035\320\201%#\201\t\312\205\215\315\256\315\205L\354\314e\254n\224\240\0162bc\263ksi{#\253c+s1c\013;\233\033\345P\207u`\207vp\207w\200\207T\330\330\354\332\\\322\310\312\334\350F\t\342a\310`\000\200s\000\251\030\000\000/\000\000\000\013\nr(\207w\200\007zXp\230C=\270\3038\260C9\320\303\202\346\034\306\241\r\350A\036\302\301\035\346!\035\350!\035\336\301\035\026(\342P\016\346\360\016\362P\016\351\340\016\363@\017\013\222p0\007z(\007yH\007w\230\007zX\320\214\2039\234C=\204\203<\220\003=\204\203<\234C9\320\303\002\006\036\344\241\034\302\201\035\330\341\035\306!\034\350\241\034\310a\301q\016\343\320\006\354\220\016\366P\016\013\254q`\207pp\207sp\203p\220\207qp\203p\240\007z\b\207q@\207r \207q\b\007v`\207\005\007<\320\203<\204C=\320\003:, \326a\034\314!\035\000\000\000\000\321\020\000\000\006\000\000\000\007\314<\244\203;\234\003;\224\003=\240\203<\224C8\220\303\001\000\000\000a \000\000)\000\000\000\023\004A,\020\000\000\000\006\000\000\000\024,A@\0052\343\377\017\0200\r\022C\035\0160\005L\220\000\000\000\000\3610\000\000\017\000\000\000\"G\310\220Q\006\204\003\n\000\000\000SystemInit\000\000\253\250C\035\350\001P\207z\270\007{\000\020\000D\354\000\000\346\001\000\000`C\000l\"\004\300\036\000\000\000\000\000#\006\004\000\202`@H3\006\305=\024\365\000\000\303\006D@\f\301\214A\241\017O=\000\200\316\030\024\373\020\324\003\000\004\304\000\000\000\000\002\000\000\000[\004\200\036\000\000\000\000\000\000\000\000a \000\000@\000\000\000\023\004C<\f\000\000\000\033\000\000\000\"G\310\220Q\n\304\007\225\001\000\000SystemCoreClockUpdatesysclk\000\253\250C\035\350\001P\207\223\320\007\224\000\020\000D\354\000\000\346\001\000\000`V\021\330\203:\244D2\253\b\356A\035R\"\332 \000z\260\211\020\200|\000\306)\202=\324\203:\234\204\036\004\000\000L\020\000\t\000\0003\021A\260\214\302\260\001\021\b\0030bp\000 \b\006\207\203\363\377\377\377C\316\377\377\377\017m\377\377\377?\314\030\024'Q\006\366\000\000\024\2041cP\244Dr\017\0000\334\020 a0a\000\3142\004B0cP\244Db\017\000@C\0303\006\205Jl\370\000\000\303\006\204\025\f\300\214A\241\022\031>\000\300,\2010cP\254D\201\017\000\2403\006\005K\004\366\000\000\0011\002\000\000\000[\004\240\036\000\000\000\000\000\000\000\000q \000\000\003\000\000\0002\016\020\"\204\002\223\nH\340\253\000\000\000\000\000e\f\000\000=\000\000\000\022\003\224\350\001\000\000\000\003\000\000\000]\000\000\000\t\000\000\000L\000\000\000\001\000\000\000X\000\000\000\000\000\000\000X\000\000\000\006\000\000\000\350\000\000\000\000\000\000\000f\000\000\000\026\000\000\000|\000\000\000=\000\000\000\017\000\000\000\000\000\000\000\350\000\000\000\000\000\000\000\000\000\000\000\006\000\000\000\000\000\000\000\030\000\000\000\n\000\000\000\030\000\000\000\n\000\000\000\377\377\377\377\001$\000\000\"\000\000\000\026\000\000\000\"\000\000\000\026\000\000\000\377\377\377\377\b$\000\0008\000\000\000\025\000\000\0008\000\000\000\025\000\000\000\377\377\377\377\001$\000\000M\000\000\000\020\000\000\000M\000\000\000\020\000\000\000\377\377\377\377\b,\000\000\000\000\000\000\017\000\000\000\000\000\000\000\017\000\000\000\377\377\377\377\001\004\000\000\017\000\000\000\t\000\000\000\017\000\000\000\t\000\000\000\377\377\377\377\b\004\000\000\000\000\000\000]\f\000\0002\000\000\000\022\003\224y\001\000\000\000SystemCoreClock__VectorsSystemInitLL_SYSCTRL_CaliValLoadSystemCoreClockUpdatellvm.dbg.declare16.0.0gitthumbv7m-arm-none-eabi../../../Drivers/TAE32F53xx_Device/Source/system_tae32f53xx.c\000\000\000\000\000\000"
	.size	.Lllvm.embedded.module, 6116

	.section	.debug_abbrev,"",%progbits
	.byte	1                               @ Abbreviation Code
	.byte	17                              @ DW_TAG_compile_unit
	.byte	1                               @ DW_CHILDREN_yes
	.byte	37                              @ DW_AT_producer
	.byte	14                              @ DW_FORM_strp
	.byte	19                              @ DW_AT_language
	.byte	5                               @ DW_FORM_data2
	.byte	3                               @ DW_AT_name
	.byte	14                              @ DW_FORM_strp
	.byte	16                              @ DW_AT_stmt_list
	.byte	23                              @ DW_FORM_sec_offset
	.byte	27                              @ DW_AT_comp_dir
	.byte	14                              @ DW_FORM_strp
	.byte	0                               @ EOM(1)
	.byte	0                               @ EOM(2)
	.byte	2                               @ Abbreviation Code
	.byte	52                              @ DW_TAG_variable
	.byte	0                               @ DW_CHILDREN_no
	.byte	3                               @ DW_AT_name
	.byte	14                              @ DW_FORM_strp
	.byte	73                              @ DW_AT_type
	.byte	19                              @ DW_FORM_ref4
	.byte	63                              @ DW_AT_external
	.byte	25                              @ DW_FORM_flag_present
	.byte	58                              @ DW_AT_decl_file
	.byte	11                              @ DW_FORM_data1
	.byte	59                              @ DW_AT_decl_line
	.byte	11                              @ DW_FORM_data1
	.byte	0                               @ EOM(1)
	.byte	0                               @ EOM(2)
	.byte	3                               @ Abbreviation Code
	.byte	22                              @ DW_TAG_typedef
	.byte	0                               @ DW_CHILDREN_no
	.byte	73                              @ DW_AT_type
	.byte	19                              @ DW_FORM_ref4
	.byte	3                               @ DW_AT_name
	.byte	14                              @ DW_FORM_strp
	.byte	58                              @ DW_AT_decl_file
	.byte	11                              @ DW_FORM_data1
	.byte	59                              @ DW_AT_decl_line
	.byte	11                              @ DW_FORM_data1
	.byte	0                               @ EOM(1)
	.byte	0                               @ EOM(2)
	.byte	4                               @ Abbreviation Code
	.byte	36                              @ DW_TAG_base_type
	.byte	0                               @ DW_CHILDREN_no
	.byte	3                               @ DW_AT_name
	.byte	14                              @ DW_FORM_strp
	.byte	62                              @ DW_AT_encoding
	.byte	11                              @ DW_FORM_data1
	.byte	11                              @ DW_AT_byte_size
	.byte	11                              @ DW_FORM_data1
	.byte	0                               @ EOM(1)
	.byte	0                               @ EOM(2)
	.byte	5                               @ Abbreviation Code
	.byte	15                              @ DW_TAG_pointer_type
	.byte	0                               @ DW_CHILDREN_no
	.byte	73                              @ DW_AT_type
	.byte	19                              @ DW_FORM_ref4
	.byte	0                               @ EOM(1)
	.byte	0                               @ EOM(2)
	.byte	6                               @ Abbreviation Code
	.byte	22                              @ DW_TAG_typedef
	.byte	0                               @ DW_CHILDREN_no
	.byte	73                              @ DW_AT_type
	.byte	19                              @ DW_FORM_ref4
	.byte	3                               @ DW_AT_name
	.byte	14                              @ DW_FORM_strp
	.byte	58                              @ DW_AT_decl_file
	.byte	11                              @ DW_FORM_data1
	.byte	59                              @ DW_AT_decl_line
	.byte	5                               @ DW_FORM_data2
	.byte	0                               @ EOM(1)
	.byte	0                               @ EOM(2)
	.byte	7                               @ Abbreviation Code
	.byte	19                              @ DW_TAG_structure_type
	.byte	1                               @ DW_CHILDREN_yes
	.byte	11                              @ DW_AT_byte_size
	.byte	11                              @ DW_FORM_data1
	.byte	58                              @ DW_AT_decl_file
	.byte	11                              @ DW_FORM_data1
	.byte	59                              @ DW_AT_decl_line
	.byte	5                               @ DW_FORM_data2
	.byte	0                               @ EOM(1)
	.byte	0                               @ EOM(2)
	.byte	8                               @ Abbreviation Code
	.byte	13                              @ DW_TAG_member
	.byte	0                               @ DW_CHILDREN_no
	.byte	3                               @ DW_AT_name
	.byte	14                              @ DW_FORM_strp
	.byte	73                              @ DW_AT_type
	.byte	19                              @ DW_FORM_ref4
	.byte	58                              @ DW_AT_decl_file
	.byte	11                              @ DW_FORM_data1
	.byte	59                              @ DW_AT_decl_line
	.byte	5                               @ DW_FORM_data2
	.byte	56                              @ DW_AT_data_member_location
	.byte	11                              @ DW_FORM_data1
	.byte	0                               @ EOM(1)
	.byte	0                               @ EOM(2)
	.byte	9                               @ Abbreviation Code
	.byte	38                              @ DW_TAG_const_type
	.byte	0                               @ DW_CHILDREN_no
	.byte	73                              @ DW_AT_type
	.byte	19                              @ DW_FORM_ref4
	.byte	0                               @ EOM(1)
	.byte	0                               @ EOM(2)
	.byte	10                              @ Abbreviation Code
	.byte	53                              @ DW_TAG_volatile_type
	.byte	0                               @ DW_CHILDREN_no
	.byte	73                              @ DW_AT_type
	.byte	19                              @ DW_FORM_ref4
	.byte	0                               @ EOM(1)
	.byte	0                               @ EOM(2)
	.byte	11                              @ Abbreviation Code
	.byte	1                               @ DW_TAG_array_type
	.byte	1                               @ DW_CHILDREN_yes
	.byte	73                              @ DW_AT_type
	.byte	19                              @ DW_FORM_ref4
	.byte	0                               @ EOM(1)
	.byte	0                               @ EOM(2)
	.byte	12                              @ Abbreviation Code
	.byte	33                              @ DW_TAG_subrange_type
	.byte	0                               @ DW_CHILDREN_no
	.byte	73                              @ DW_AT_type
	.byte	19                              @ DW_FORM_ref4
	.byte	55                              @ DW_AT_count
	.byte	11                              @ DW_FORM_data1
	.byte	0                               @ EOM(1)
	.byte	0                               @ EOM(2)
	.byte	13                              @ Abbreviation Code
	.byte	36                              @ DW_TAG_base_type
	.byte	0                               @ DW_CHILDREN_no
	.byte	3                               @ DW_AT_name
	.byte	14                              @ DW_FORM_strp
	.byte	11                              @ DW_AT_byte_size
	.byte	11                              @ DW_FORM_data1
	.byte	62                              @ DW_AT_encoding
	.byte	11                              @ DW_FORM_data1
	.byte	0                               @ EOM(1)
	.byte	0                               @ EOM(2)
	.byte	0                               @ EOM(3)
	.section	.debug_info,"",%progbits
.Lcu_begin0:
	.long	.Ldebug_info_end0-.Ldebug_info_start0 @ Length of Unit
.Ldebug_info_start0:
	.short	4                               @ DWARF version number
	.long	.debug_abbrev                   @ Offset Into Abbrev. Section
	.byte	4                               @ Address Size (in bytes)
	.byte	1                               @ Abbrev [1] 0xb:0x1bd DW_TAG_compile_unit
	.long	.Linfo_string0                  @ DW_AT_producer
	.short	12                              @ DW_AT_language
	.long	.Linfo_string1                  @ DW_AT_name
	.long	.Lline_table_start0             @ DW_AT_stmt_list
	.long	.Linfo_string2                  @ DW_AT_comp_dir
	.byte	2                               @ Abbrev [2] 0x1e:0xb DW_TAG_variable
	.long	.Linfo_string3                  @ DW_AT_name
	.long	41                              @ DW_AT_type
                                        @ DW_AT_external
	.byte	2                               @ DW_AT_decl_file
	.byte	99                              @ DW_AT_decl_line
	.byte	3                               @ Abbrev [3] 0x29:0xb DW_TAG_typedef
	.long	52                              @ DW_AT_type
	.long	.Linfo_string5                  @ DW_AT_name
	.byte	1                               @ DW_AT_decl_file
	.byte	64                              @ DW_AT_decl_line
	.byte	4                               @ Abbrev [4] 0x34:0x7 DW_TAG_base_type
	.long	.Linfo_string4                  @ DW_AT_name
	.byte	7                               @ DW_AT_encoding
	.byte	4                               @ DW_AT_byte_size
	.byte	5                               @ Abbrev [5] 0x3b:0x5 DW_TAG_pointer_type
	.long	64                              @ DW_AT_type
	.byte	6                               @ Abbrev [6] 0x40:0xc DW_TAG_typedef
	.long	76                              @ DW_AT_type
	.long	.Linfo_string30                 @ DW_AT_name
	.byte	3                               @ DW_AT_decl_file
	.short	402                             @ DW_AT_decl_line
	.byte	7                               @ Abbrev [7] 0x4c:0x117 DW_TAG_structure_type
	.byte	140                             @ DW_AT_byte_size
	.byte	3                               @ DW_AT_decl_file
	.short	379                             @ DW_AT_decl_line
	.byte	8                               @ Abbrev [8] 0x51:0xd DW_TAG_member
	.long	.Linfo_string6                  @ DW_AT_name
	.long	355                             @ DW_AT_type
	.byte	3                               @ DW_AT_decl_file
	.short	381                             @ DW_AT_decl_line
	.byte	0                               @ DW_AT_data_member_location
	.byte	8                               @ Abbrev [8] 0x5e:0xd DW_TAG_member
	.long	.Linfo_string7                  @ DW_AT_name
	.long	360                             @ DW_AT_type
	.byte	3                               @ DW_AT_decl_file
	.short	382                             @ DW_AT_decl_line
	.byte	4                               @ DW_AT_data_member_location
	.byte	8                               @ Abbrev [8] 0x6b:0xd DW_TAG_member
	.long	.Linfo_string8                  @ DW_AT_name
	.long	360                             @ DW_AT_type
	.byte	3                               @ DW_AT_decl_file
	.short	383                             @ DW_AT_decl_line
	.byte	8                               @ DW_AT_data_member_location
	.byte	8                               @ Abbrev [8] 0x78:0xd DW_TAG_member
	.long	.Linfo_string9                  @ DW_AT_name
	.long	360                             @ DW_AT_type
	.byte	3                               @ DW_AT_decl_file
	.short	384                             @ DW_AT_decl_line
	.byte	12                              @ DW_AT_data_member_location
	.byte	8                               @ Abbrev [8] 0x85:0xd DW_TAG_member
	.long	.Linfo_string10                 @ DW_AT_name
	.long	360                             @ DW_AT_type
	.byte	3                               @ DW_AT_decl_file
	.short	385                             @ DW_AT_decl_line
	.byte	16                              @ DW_AT_data_member_location
	.byte	8                               @ Abbrev [8] 0x92:0xd DW_TAG_member
	.long	.Linfo_string11                 @ DW_AT_name
	.long	360                             @ DW_AT_type
	.byte	3                               @ DW_AT_decl_file
	.short	386                             @ DW_AT_decl_line
	.byte	20                              @ DW_AT_data_member_location
	.byte	8                               @ Abbrev [8] 0x9f:0xd DW_TAG_member
	.long	.Linfo_string12                 @ DW_AT_name
	.long	365                             @ DW_AT_type
	.byte	3                               @ DW_AT_decl_file
	.short	387                             @ DW_AT_decl_line
	.byte	24                              @ DW_AT_data_member_location
	.byte	8                               @ Abbrev [8] 0xac:0xd DW_TAG_member
	.long	.Linfo_string16                 @ DW_AT_name
	.long	360                             @ DW_AT_type
	.byte	3                               @ DW_AT_decl_file
	.short	388                             @ DW_AT_decl_line
	.byte	36                              @ DW_AT_data_member_location
	.byte	8                               @ Abbrev [8] 0xb9:0xd DW_TAG_member
	.long	.Linfo_string17                 @ DW_AT_name
	.long	360                             @ DW_AT_type
	.byte	3                               @ DW_AT_decl_file
	.short	389                             @ DW_AT_decl_line
	.byte	40                              @ DW_AT_data_member_location
	.byte	8                               @ Abbrev [8] 0xc6:0xd DW_TAG_member
	.long	.Linfo_string18                 @ DW_AT_name
	.long	360                             @ DW_AT_type
	.byte	3                               @ DW_AT_decl_file
	.short	390                             @ DW_AT_decl_line
	.byte	44                              @ DW_AT_data_member_location
	.byte	8                               @ Abbrev [8] 0xd3:0xd DW_TAG_member
	.long	.Linfo_string19                 @ DW_AT_name
	.long	360                             @ DW_AT_type
	.byte	3                               @ DW_AT_decl_file
	.short	391                             @ DW_AT_decl_line
	.byte	48                              @ DW_AT_data_member_location
	.byte	8                               @ Abbrev [8] 0xe0:0xd DW_TAG_member
	.long	.Linfo_string20                 @ DW_AT_name
	.long	360                             @ DW_AT_type
	.byte	3                               @ DW_AT_decl_file
	.short	392                             @ DW_AT_decl_line
	.byte	52                              @ DW_AT_data_member_location
	.byte	8                               @ Abbrev [8] 0xed:0xd DW_TAG_member
	.long	.Linfo_string21                 @ DW_AT_name
	.long	360                             @ DW_AT_type
	.byte	3                               @ DW_AT_decl_file
	.short	393                             @ DW_AT_decl_line
	.byte	56                              @ DW_AT_data_member_location
	.byte	8                               @ Abbrev [8] 0xfa:0xd DW_TAG_member
	.long	.Linfo_string22                 @ DW_AT_name
	.long	360                             @ DW_AT_type
	.byte	3                               @ DW_AT_decl_file
	.short	394                             @ DW_AT_decl_line
	.byte	60                              @ DW_AT_data_member_location
	.byte	8                               @ Abbrev [8] 0x107:0xd DW_TAG_member
	.long	.Linfo_string23                 @ DW_AT_name
	.long	407                             @ DW_AT_type
	.byte	3                               @ DW_AT_decl_file
	.short	395                             @ DW_AT_decl_line
	.byte	64                              @ DW_AT_data_member_location
	.byte	8                               @ Abbrev [8] 0x114:0xd DW_TAG_member
	.long	.Linfo_string24                 @ DW_AT_name
	.long	355                             @ DW_AT_type
	.byte	3                               @ DW_AT_decl_file
	.short	396                             @ DW_AT_decl_line
	.byte	72                              @ DW_AT_data_member_location
	.byte	8                               @ Abbrev [8] 0x121:0xd DW_TAG_member
	.long	.Linfo_string25                 @ DW_AT_name
	.long	355                             @ DW_AT_type
	.byte	3                               @ DW_AT_decl_file
	.short	397                             @ DW_AT_decl_line
	.byte	76                              @ DW_AT_data_member_location
	.byte	8                               @ Abbrev [8] 0x12e:0xd DW_TAG_member
	.long	.Linfo_string26                 @ DW_AT_name
	.long	419                             @ DW_AT_type
	.byte	3                               @ DW_AT_decl_file
	.short	398                             @ DW_AT_decl_line
	.byte	80                              @ DW_AT_data_member_location
	.byte	8                               @ Abbrev [8] 0x13b:0xd DW_TAG_member
	.long	.Linfo_string27                 @ DW_AT_name
	.long	431                             @ DW_AT_type
	.byte	3                               @ DW_AT_decl_file
	.short	399                             @ DW_AT_decl_line
	.byte	96                              @ DW_AT_data_member_location
	.byte	8                               @ Abbrev [8] 0x148:0xd DW_TAG_member
	.long	.Linfo_string28                 @ DW_AT_name
	.long	443                             @ DW_AT_type
	.byte	3                               @ DW_AT_decl_file
	.short	400                             @ DW_AT_decl_line
	.byte	116                             @ DW_AT_data_member_location
	.byte	8                               @ Abbrev [8] 0x155:0xd DW_TAG_member
	.long	.Linfo_string29                 @ DW_AT_name
	.long	360                             @ DW_AT_type
	.byte	3                               @ DW_AT_decl_file
	.short	401                             @ DW_AT_decl_line
	.byte	136                             @ DW_AT_data_member_location
	.byte	0                               @ End Of Children Mark
	.byte	9                               @ Abbrev [9] 0x163:0x5 DW_TAG_const_type
	.long	360                             @ DW_AT_type
	.byte	10                              @ Abbrev [10] 0x168:0x5 DW_TAG_volatile_type
	.long	41                              @ DW_AT_type
	.byte	11                              @ Abbrev [11] 0x16d:0xc DW_TAG_array_type
	.long	377                             @ DW_AT_type
	.byte	12                              @ Abbrev [12] 0x172:0x6 DW_TAG_subrange_type
	.long	400                             @ DW_AT_type
	.byte	12                              @ DW_AT_count
	.byte	0                               @ End Of Children Mark
	.byte	10                              @ Abbrev [10] 0x179:0x5 DW_TAG_volatile_type
	.long	382                             @ DW_AT_type
	.byte	3                               @ Abbrev [3] 0x17e:0xb DW_TAG_typedef
	.long	393                             @ DW_AT_type
	.long	.Linfo_string14                 @ DW_AT_name
	.byte	1                               @ DW_AT_decl_file
	.byte	62                              @ DW_AT_decl_line
	.byte	4                               @ Abbrev [4] 0x189:0x7 DW_TAG_base_type
	.long	.Linfo_string13                 @ DW_AT_name
	.byte	8                               @ DW_AT_encoding
	.byte	1                               @ DW_AT_byte_size
	.byte	13                              @ Abbrev [13] 0x190:0x7 DW_TAG_base_type
	.long	.Linfo_string15                 @ DW_AT_name
	.byte	8                               @ DW_AT_byte_size
	.byte	7                               @ DW_AT_encoding
	.byte	11                              @ Abbrev [11] 0x197:0xc DW_TAG_array_type
	.long	355                             @ DW_AT_type
	.byte	12                              @ Abbrev [12] 0x19c:0x6 DW_TAG_subrange_type
	.long	400                             @ DW_AT_type
	.byte	2                               @ DW_AT_count
	.byte	0                               @ End Of Children Mark
	.byte	11                              @ Abbrev [11] 0x1a3:0xc DW_TAG_array_type
	.long	355                             @ DW_AT_type
	.byte	12                              @ Abbrev [12] 0x1a8:0x6 DW_TAG_subrange_type
	.long	400                             @ DW_AT_type
	.byte	4                               @ DW_AT_count
	.byte	0                               @ End Of Children Mark
	.byte	11                              @ Abbrev [11] 0x1af:0xc DW_TAG_array_type
	.long	355                             @ DW_AT_type
	.byte	12                              @ Abbrev [12] 0x1b4:0x6 DW_TAG_subrange_type
	.long	400                             @ DW_AT_type
	.byte	5                               @ DW_AT_count
	.byte	0                               @ End Of Children Mark
	.byte	11                              @ Abbrev [11] 0x1bb:0xc DW_TAG_array_type
	.long	41                              @ DW_AT_type
	.byte	12                              @ Abbrev [12] 0x1c0:0x6 DW_TAG_subrange_type
	.long	400                             @ DW_AT_type
	.byte	5                               @ DW_AT_count
	.byte	0                               @ End Of Children Mark
	.byte	0                               @ End Of Children Mark
.Ldebug_info_end0:
	.section	.debug_str,"MS",%progbits,1
.Linfo_string0:
	.asciz	"Component: Arm Compiler for Embedded 6.19 Tool: armclang [5e73cb00]" @ string offset=0
.Linfo_string1:
	.asciz	"../../../Drivers/TAE32F53xx_Device/Source\\system_tae32f53xx.c" @ string offset=68
.Linfo_string2:
	.asciz	"C:\\Users\\11841\\Documents\\svn\\\346\225\260\345\255\227\347\224\265\346\272\220\347\240\224\345\217\221\351\203\250\\11_FAE\\Wuwenzhan\\TAE32F53xx_FW_ReleaseV1.4.7\\ProjectTemplate\\Project\\MDK" @ string offset=130
.Linfo_string3:
	.asciz	"SystemCoreClock"               @ string offset=254
.Linfo_string4:
	.asciz	"unsigned int"                  @ string offset=270
.Linfo_string5:
	.asciz	"uint32_t"                      @ string offset=283
.Linfo_string6:
	.asciz	"CPUID"                         @ string offset=292
.Linfo_string7:
	.asciz	"ICSR"                          @ string offset=298
.Linfo_string8:
	.asciz	"VTOR"                          @ string offset=303
.Linfo_string9:
	.asciz	"AIRCR"                         @ string offset=308
.Linfo_string10:
	.asciz	"SCR"                           @ string offset=314
.Linfo_string11:
	.asciz	"CCR"                           @ string offset=318
.Linfo_string12:
	.asciz	"SHP"                           @ string offset=322
.Linfo_string13:
	.asciz	"unsigned char"                 @ string offset=326
.Linfo_string14:
	.asciz	"uint8_t"                       @ string offset=340
.Linfo_string15:
	.asciz	"__ARRAY_SIZE_TYPE__"           @ string offset=348
.Linfo_string16:
	.asciz	"SHCSR"                         @ string offset=368
.Linfo_string17:
	.asciz	"CFSR"                          @ string offset=374
.Linfo_string18:
	.asciz	"HFSR"                          @ string offset=379
.Linfo_string19:
	.asciz	"DFSR"                          @ string offset=384
.Linfo_string20:
	.asciz	"MMFAR"                         @ string offset=389
.Linfo_string21:
	.asciz	"BFAR"                          @ string offset=395
.Linfo_string22:
	.asciz	"AFSR"                          @ string offset=400
.Linfo_string23:
	.asciz	"PFR"                           @ string offset=405
.Linfo_string24:
	.asciz	"DFR"                           @ string offset=409
.Linfo_string25:
	.asciz	"ADR"                           @ string offset=413
.Linfo_string26:
	.asciz	"MMFR"                          @ string offset=417
.Linfo_string27:
	.asciz	"ISAR"                          @ string offset=422
.Linfo_string28:
	.asciz	"RESERVED0"                     @ string offset=427
.Linfo_string29:
	.asciz	"CPACR"                         @ string offset=437
.Linfo_string30:
	.asciz	"SCB_Type"                      @ string offset=443
	.ident	"Component: Arm Compiler for Embedded 6.19 Tool: armclang [5e73cb00]"
	.section	".note.GNU-stack","",%progbits
	.ARM_attribute	16, 1	@ Tag_AV_eba
	.section	.debug_line,"",%progbits
.Lline_table_start0:
