	.text
	.syntax unified
	.eabi_attribute	67, "2.09"	@ Tag_conformance
	.cpu	cortex-m3
	.eabi_attribute	6, 10	@ Tag_CPU_arch
	.eabi_attribute	7, 77	@ Tag_CPU_arch_profile
	.eabi_attribute	8, 0	@ Tag_ARM_ISA_use
	.eabi_attribute	9, 2	@ Tag_THUMB_ISA_use
	.eabi_attribute	34, 1	@ Tag_CPU_unaligned_access
	.eabi_attribute	17, 1	@ Tag_ABI_PCS_GOT_use
	.eabi_attribute	20, 2	@ Tag_ABI_FP_denormal
	.eabi_attribute	21, 0	@ Tag_ABI_FP_exceptions
	.eabi_attribute	23, 1	@ Tag_ABI_FP_number_model
	.eabi_attribute	24, 1	@ Tag_ABI_align_needed
	.eabi_attribute	25, 1	@ Tag_ABI_align_preserved
	.eabi_attribute	38, 1	@ Tag_ABI_FP_16bit_format
	.eabi_attribute	18, 2	@ Tag_ABI_PCS_wchar_t
	.eabi_attribute	26, 1	@ Tag_ABI_enum_size
	.eabi_attribute	14, 0	@ Tag_ABI_PCS_R9_use
	.file	"tae32f53xx_ll_fpll.c"
	.file	1 "C:\\Users\\11841\\Documents\\svn\\\346\225\260\345\255\227\347\224\265\346\272\220\347\240\224\345\217\221\351\203\250\\11_FAE\\Wuwenzhan\\TAE32F53xx_FW_ReleaseV1.4.7\\ProjectTemplate\\Project\\MDK" "../../../Drivers/TAE32F53xx_Driver/Src/tae32f53xx_ll_fpll.c"
	.file	2 "C:\\Users\\11841\\Documents\\svn\\\346\225\260\345\255\227\347\224\265\346\272\220\347\240\224\345\217\221\351\203\250\\11_FAE\\Wuwenzhan\\TAE32F53xx_FW_ReleaseV1.4.7\\ProjectTemplate\\Project\\MDK" "../../../Drivers/TAE32F53xx_Driver/Inc/tae32f53xx_ll_def.h"
	.type	.Lllvm.embedded.module,%object  @ @llvm.embedded.module
	.section	.llvmbc,"",%progbits
	.p2align	4, 0x0
.Lllvm.embedded.module:
	.asciz	"BC\300\3365\024\000\000\005\000\000\000b\f0$MY\276f\255\373\264O\033\310$D\0012\005\000!\f\000\000i\006\000\000\013\002!\000\002\000\000\000\026\000\000\000\007\201#\221A\310\004I\006\02029\222\001\204\f%\005\b\031\036\004\213b\200\024E\002B\222\013B\244\0202\0248\b\030K\n2R\210Hp\304!#D\022\207\214\020A\222\002d\310\b\261\024 CF\210 \311\0012R\204\030*(*\2201|\260\\\221 \305\310\000\000\000\211 \000\000\030\000\000\0002\"H\t bF\000!+$\230\024!%$\230\024\031'\f\205\244\220`Rd\\ $e\202@\2529\002D\025\202~\004\r\bF\b`\004` \300\020\346\234c\004\003\346\b C\004\240\324\034\001\030X\201\2019\002P\230#\b\246\000p\222\246\210\022&\377K\313\362o\261\207\350\210\"\t\214\001Q\030\000\000\314\001\000\000\033\326)\370\377\377\377\377\001p\000\t(\003\202\034\312\301\035\336A\036\332!\034\330\241\r\314\001\036\332\240\035\302\201\036\320\001\200\007y(\207y(\007y\260\207rh\203yH\207sp\0076\200\007y(\207y(\007y\260\207rh\203yH\207sp\007\2000\007y\b\207v(\2076\200\207wH\007w\240\207r\220\007\300\035\336\301\035\312\001 \332!\035\334\241\r\330\241\034\316!\034\330\241\r\354\241\034\306\201\036\336A\036\332\340\036\322\201\034\350\001\035\0008\000\bwx\2076H\007w0\207yh\003s\200\2076h\207p\240\007t\000\350A\036\352\241\034\000\302\035\336\241\r\334!\034\334a\036\332\300\034\340\241\r\332!\034\350\001\035\000z\220\207z(\007\200p\207wh\203yH\207sp\207r \2076\320\207r\220\207w\230\20760\007xh\203v\b\007z@\007\200\036\344\241\036\312\001 \346\201\036\302a\034\326\241\r\340A\036\336\201\036\312a\034\350\341\035\344\241\r\304\241\036\314\301\034\312A\036\332`\036\322A\037\312\001\300\003\200\240\207p\220\207s(\007zh\203q\200\207z\000\306\341\035\344\201\036\312\001\037\332\240\035\346\000 \350!\034\344\341\034\312\201\036\332\300\034\312!\034\350\241\036\344\241\034\346\001X\203p\220\207v\260\207;h\203v`\2035@\207{ \207t\260\0076X\003z@\207zh\007qh\203vx\007r(\0076h\203p(\207y`\2036\020\007s\210\003;`\2036\030\007r(\207q\200\0078`\2036\030\007r(\207q\200\2078`\2036\030\007r(\207q\200\0079`\2036\030\007r(\207q\200\2079`\2036\030\007r(\207q\200\007:`\2036\030\007r(\207q\200\207:`\2036\030\007r(\207q\200\007;`\2036\030\007r(\207q\200\207;`\2036\030\007y\030\0076h\203q\220\207|\200\007zx\0076h\003r\230\0039`\2036 \207w\240\007x\220\207w \0076h\003r\230\007x`\20360\207q(\0076h\003s\200\2076\b\007yh\007{\300\0036h\003s\200\2076\b\007yh\007{\300\003r\210\003;`\20360\007xh\203p\220\207v\260\007< \2078\260\203y\200\0076h\003s\200\2076\b\007yh\007{\300\203y\200\0076h\003s\200\2078\260\0036h\003s\200\2078\260\003sh\007v`\20360\007x\260\003:`\20360\007x\220\207r8\207y`\20360\207z`\007v0\007x\210\003;`\2036@\207{ \207t\260\2076\b\007yh\0076h\203t\300\203vh\0076h\003vx\007q`\2036h\007{(\0076h\203v\260\207rp\003s\200\0076h\003w(\207wp\0076h\003x\b\207q\020\007zH\0076h\003y\b\207y`\2036\230\007q`\2036\230\007t\b\0079`\2036\260\007s\200\0079`\2036\260\007s\200\0079\230\007x`\2036\260\007s\200\2079`\2036\260\007s\200\2079 \2078\260\0036h\003{0\007x\230\003r\210\003;\230\007x`\2036\260\007s\200\2079\230\007x`\2036\260\007s\200\007:`\2036\260\007s\200\007: \2078\260\0036h\003{0\007x\240\003r\210\003;\230\007x`\2036\260\007s\200\007:\230\007x\0006\020\002\000\210\301\006b\b\000R\330\000\021\377\377\377\377?\000\247\000\370\001\360\007\200\004P@\035\000}\260\301(\004\200\024\0001\330`\030\003@\n\200\030lh\245\343\377\377\377\377\007@\"\310\241\034\334\341\035\344\241\035\302\201\035\332\300\034\340\241\r\332!\034\350\001\035\000x\220\207r\230\207r\220\007{(\2076\230\207t8\007w`\003x\220\207r\230\207r\220\007{(\2076\230\207t8\007w\000\bs\220\207ph\207rh\003xx\207tp\007z(\007y\000\334\341\035\334\241\034\000\302\035\336\241\r\322\301\035\314a\036\332\300\034\340\241\r\332!\034\350\001\035\000z\220\207z(\007\200p\207wh\003w\b\007w\230\20760\007xh\203v\b\007z@\007\200\036\344\241\036\312\001 \334\341\035\332`\036\322\341\034\334\241\034\310\241\r\364\241\034\344\341\035\346\241\r\314\001\036\332\240\035\302\201\036\320\001\240\007y\250\207r\000\210y\240\207p\030\207uh\003x\220\207w\240\207r\030\007zx\007yh\003q\250\007s0\207r\220\2076\230\207t\320\207r\000\360\000 \350!\034\344\341\034\312\201\036\332`\034\340\241\036\200qx\007y\240\207r\300\2076h\2079\000\bz\b\007y8\207r\240\20760\207r\b\007z\250\007y(\207y\000\326 \034\344\241\035\354\341\016\332\240\035\330`\r\320\341\036\310!\035\354\201\r\326\200\036\320\241\036\332A\034\332\240\035\336\201\034\312\201\r\332 \034\312a\036\330\240\r\304\301\034\342\300\016\330\240\r\306\201\034\312a\034\340\001\016\330\240\r\306\201\034\312a\034\340!\016\330\240\r\306\201\034\312a\034\340A\016\330\240\r\306\201\034\312a\034\340a\016\330\240\r\306\201\034\312a\034\340\201\016\330\240\r\306\201\034\312a\034\340\241\016\330\240\r\306\201\034\312a\034\340\301\016\330\240\r\306\201\034\312a\034\340\341\016\330\240\r\306A\036\306\201\r\332`\034\344!\037\340\201\036\336\201\r\332\200\034\346@\016\330\240\r\310\341\035\350\001\036\344\341\035\310\201\r\332\200\034\346\001\036\330\240\r\314a\034\312\201\r\332\300\034\340\241\r\302A\036\332\301\036\360\200\r\332\300\034\340\241\r\302A\036\332\301\036\360\200\034\342\300\016\330\240\r\314\001\036\332 \034\344\241\035\354\001\017\310!\016\354`\036\340\201\r\332\300\034\340\241\r\302A\036\332\301\036\360`\036\340\201\r\332\300\034\340!\016\354\200\r\332\300\034\340!\016\354\300\034\332\201\035\330\240\r\314\001\036\354\200\016\330\240\r\314\001\036\344\241\034\316a\036\330\240\r\314\241\036\330\201\035\314\001\036\342\300\016\330\240\r\320\341\036\310!\035\354\241\r\302A\036\332\201\r\332 \035\360\240\035\332\201\r\332\200\035\336A\034\330\240\r\332\301\036\312\201\r\332\240\035\354\241\034\334\300\034\340\201\r\332\300\035\312\341\035\334\201\r\332\000\036\302a\034\304\201\036\322\201\r\332@\036\302a\036\330\240\r\346A\034\330\240\r\346\001\035\302A\016\330\240\r\354\301\034\340A\016\330\240\r\354\301\034\340A\016\346\001\036\330\240\r\354\301\034\340a\016\330\240\r\354\301\034\340a\016\310!\016\354\200\r\332\300\036\314\001\036\346\200\034\342\300\016\346\001\036\330\240\r\354\301\034\340a\016\346\001\036\330\240\r\354\301\034\340\201\016\330\240\r\354\301\034\340\201\016\310!\016\354\200\r\332\300\036\314\001\036\350\200\034\342\300\016\346\001\036\330\240\r\354\301\034\340\201\016\346\001\036\200\r\004\362\377\377\377\377\003 \001\000I\030\000\000\007\000\000\000\023\206@\030&\004\304\004!\030&\024\2010\024\306\004\341\030&\004\303\004\001\031\000\000\000\023,z@\207zh\007q\260\207;h\2076\b\007yh\2076p\207wp\207rh\203r\b\007qH\207\rsP\016m\320\016zP\016m\000\017z0\007r\240\007s \007m`\n\351\200\007m\220\016v@\007z`\007t\320\006\366\020\007r\200\007z`\007t\240\007q \007x\320\006\341\240\007p\240\007s \007m\340\016s \007m0\013v@\007J\017\b\021\222A\206\214\024\t\0014B\230\234\356\201\313\365r\271^.\327\213(O\333\313\362\371\213\032,\316d\306\332\f\217\377\022\345i{Y\376\232\312\307/z\270<\223\231k3<\376\313f\177\315p6\3335\3361\001\2040PI\000\000@\000\000\000\020\020\000\260c\"\214a\250\222\000\000\200\000\000\000  \000`\307\244\030\304`%\001\000\000\001\000\000@@\000\300\220\nb\n\000\000\002\000\b\000\000\000\000\000\b\000\002\030Rq\020\002\004\200\000\000\000\000\000\000\000\000\000@\000C*6x\022\000\200\006\000\b\000\000\000\000\000\b\000\002\030R\355\201S\000\000\020\000@\000\000\000\000\000@\000\020\300\220*\025\242\004\000\240\001\000\002\000\000\000\000\000\002\200\000\206T\272\000-\000\000\020\000\020\000\000\000\000\000\020\000\0040\244R\007\243\001\002\240\000\000\000\000\000\000\000\200\000 \000\211\r\002\205\325\f\000\000\262@\023\000\000\0002\036\230\024\031\021L\220\214\t&G\306\004Cb\345P\bEP\006%0\002@\256\004\312\247(Hh\262-\002\215P&\263\013\242\241\236\021\312d\202\210i;h\374v\233\323g\020<,\017\267\347\240\262\\\376\226\207\024DF\000\000\000\000\261\030\000\000\265\000\000\0003\b\200\034\304\341\034f\024\001=\210C8\204\303\214B\200\007yx\007s\230q\f\346\000\017\355\020\016\364\200\0163\fB\036\302\301\035\316\241\034f0\005=\210C8\204\203\033\314\003=\310C=\214\003=\314x\214tp\007{\b\007yH\207pp\007zp\003vx\207p \207\031\314\021\016\354\220\016\3410\017n0\017\343\360\016\360P\0163\020\304\035\336!\034\330!\035\302a\036f0\211;\274\203;\320C9\264\003<\274\203<\204\003;\314\360\024v`\007{h\0077h\207rh\0077\200\207p\220\207p`\007v(\007v\370\005vx\207w\200\207_\b\207q\030\207r\230\207y\230\201,\356\360\016\356\340\016\365\300\016\3540\003b\310\241\034\344\241\034\314\241\034\344\241\034\334a\034\312!\034\304\201\035\312a\006\326\220C9\310C9\230C9\310C9\270\3038\224C8\210\003;\224\303/\274\203<\374\202;\324\003;\260\303\f\307i\207pX\207rp\203th\007x`\207t\030\207t\240\207\031\316S\017\356\000\017\362P\016\344\220\016\343@\017\341 \016\354P\0163 (\035\334\301\036\302A\036\322!\034\334\201\036\334\340\034\344\341\035\352\001\036f\030Q8\260C:\234\203;\314P$v`\007{h\0077`\207wx\007x\230QL\364\220\017\360P\0163\036j\036\312a\034\350!\035\336\301\035~\001\036\344\241\034\314!\035\360a\006T\205\2038\314\303;\260C=\320C9\374\302<\344C;\210\303;\260\303\214\305\n\207y\230\207w\030\207t\b\007z(\007r\230\201\\\343\020\016\354\300\016\345P\016\3630#\301\322A\036\344\341\027\330\341\035\336\001\036fH\031;\260\203=\264\203\033\204\3038\214C9\314\303<\270\3019\310\303;\324\003<\314H\264q\b\007v`\007q\b\207qX\207\031\333\306\016\354`\017\355\340\006\360 \017\3450\017\345 \017\366P\016n\020\016\3430\016\3450\017\363\340\006\351\340\016\344P\016\3700#\342\354a\034\302\201\035\330\341\027\354!\035\346!\035\304!\035\330!\035\350!\037f \235;\274C=\270\0039\224\2039\314X\274pp\007wx\007z\b\007zH\207wp\207\031\313\347\016\3570\017\341\340\016\351@\017\351\240\017\3450\303\001\003s\250\007w\030\207_\230\207pp\207t\240\207t\320\207r\230\201\204A9\340\3038\260C=\220C9\314@\304\240\035\312\241\035\340A\036\336\301\034f$c0\016\341\300\016\3540\017\351@\017\3450C!\203u\030\007sH\207_\240\207|\200\207r\230\261\224\001<\214\303<\224\3038\320C:\274\203;\314\003\000\000\000y \000\000p\001\000\000r\036H C\210\f\031\tr2H #\201\214\221\221\321D\240\020(d<12B\216\220!\243\330q\270\005{\260\017\243\240\007M\201\034J\262\007D#)\215$MDt\007\314\360\006\b3 \000../../../Drivers/TAE32F53xx_Driver/Src\\tae32f53xx_ll_fpll.cC:\\Users\\11841\\Documents\\svn\\\346\225\260\345\255\227\347\224\265\346\272\220\347\240\224\345\217\221\351\203\250\\11_FAE\\Wuwenzhan\\TAE32F53xx_FW_ReleaseV1.4.7\\ProjectTemplate\\Project\\MDKComponent: Arm Compiler for Embedded 6.19 Tool: armclang [5e73cb00]../../../Drivers/TAE32F53xx_Driver/Inc/tae32f53xx_ll_def.hunsigned charLL_OKLL_ERRORLL_BUSYLL_TIMEOUTLL_FAILED../../../Drivers/TAE32F53xx_Driver/Src/tae32f53xx_ll_fpll.ccharDwarf VersionDebug Info Versionwchar_sizestatic_rwdataenumsize_buildattrarmlib_unavailablearmcompiler-version6.19LL_StatusETypeDef../../../Drivers/TAE32F53xx_Device/Include\\tae32f53xx.hFPLL_TypeDefFCRC:\\Keil_v5\\ARM\\ARMCLANG\\Bin\\..\\include\\stdint.huint32_tunsigned intFDRInstancef\007\001\000\000\000\000\0000\202\340@#\bN4\202\340H#\b\2142\202\300,#\b\f3\202\3004#\b\2143\202\300<\2635\005\000\000| \022\240\020\004\000\000\000\2635\005\000\000| \022\243\020\004\000\000\000\2635\005\000\000| \022\246\020\004\000\000\000CY\001\303\006C\000\000@`\007\000\260\007\000\000\000\200\000\000\300H\3260\001\260@[\000\000\n\000\000\354\002\000\000\000\000\000\000\000\fT\000\201\000\000\003\025\000!\000\300<\007@\006\005\002 \3008\004\001\006\0060\016A\200\301!\214C\020`\200\020\343\020\004\030$\3068\004\001\006\n2C\361\006p\020\007r0\007#Y\002\001\264A*\000n\200\000\000@\007\000\000\000\000\000\000\0000CP\007\323\005\306\224\301\000\244\301\035L\031\f\000\032\334\301\224\301\000\234\301\035\3140\340A\036\350\301@\005\260\b\0000\317\001\220\001\203\000\b0MAx\000\000\314\020\370\301H\226\020\000\000\000\364\001\002\000\300\037\000\000\000\000\000\000\000\3004\005\361\001\0000C\020\n#YB\000\000\000\320\007\370\001\000\200(\000\000\000\000\000\000\000\3004\005\001\006\000\000\314\020\220\302H\226\020\000\000\000\364\001,\000\000P\n\000\000\000\000\000\000\0000\303\020\006\215\030\3140\214\201C\0063\fe\360\214\301\fC\031@e0\303P\006Q\031\3140\224\201d\0063\fe0Q3\004\303D\016`Um\000\013@\035\000\000\000\000\0000P\001X\002\000L\344\000\326\005\013\270\005\254\001\000\000\000\000\000\0239\300\003\000\000\020\013`\000\000\000\000\0003\b\257 \0133\021\0020\013\300@\005\220\001\0000\317\001\220\301\006\006\300\001L\344\000\226V\013\240\000\330\002\000\000\000\000\000\0239@\035\000\000\000\334\002\000\000\000\000\000\0239@\203\301\202m\255\001.\200\001\000\000\000\000L\344\000\r\007\013\267\265\006\270\000\006\000\030\000\000\000\314 \344\202.\314\000\314 \000\2620\023!\000\275\000\\(\000\034\307q\034\307q\034<\300\003<\230\005[\270\201\033\200\202\033\270\201\033\270\201\033\260\002[p\026\035\320\001\035\320\201\033\200\202\033p`\341\006\234Y\320\001g\026n\340\006n\340\006n\340\006h`\331\203\033\330\003<\240\201\033\270\201)\330\003<\210\004J\240\001$\0062\022\230\240\\\330\330\354\332\\\310\304\316\\\306\352F\t\322 #66\2736\227\2667\262:\2662\0273\266\260\263\271Q\016S8\005TH\005UX\005VH\205\215\315\256\315%\215\254\314\215n\224\240\025\206\f\006\000\270\203!\203!\000\360`\310`\020\200<\000\000\000\000\251\030\000\000/\000\000\000\013\nr(\207w\200\007zXp\230C=\270\3038\260C9\320\303\202\346\034\306\241\r\350A\036\302\301\035\346!\035\350!\035\336\301\035\026(\342P\016\346\360\016\362P\016\351\340\016\363@\017\013\222p0\007z(\007yH\007w\230\007zX\320\214\2039\234C=\204\203<\220\003=\204\203<\234C9\320\303\002\006\036\344\241\034\302\201\035\330\341\035\306!\034\350\241\034\310a\301q\016\343\320\006\354\220\016\366P\016\013\254q`\207pp\207sp\203p\220\207qp\203p\240\007z\b\207q@\207r \207q\b\007v`\207\005\007<\320\203<\204C=\320\003:, \326a\034\314!\035\000\000\000\000\321\020\000\000\006\000\000\000\007\314<\244\203;\234\003;\224\003=\240\203<\224C8\220\303\001\000\000\000a \000\000/\000\000\000\023\004A,\020\000\000\000\001\000\000\000\024F\000\000\3610\000\000\020\000\000\000\"G\310\220Q\006\004\004\f\000\000\000LL_FPLL_Init\253\250\203\017~\001\340\003?\240\205?\000\020\000D\324\000\000x\001\000\000`\234\"\200C\307\007~ \013\001\000\000\023\004\000\0033\021\000\343\214\302\260\001\021\f\0030bp\000 \b\006H\205\367\377\377\377C\336\377\377\377\017\343\377\377\377?\314\030\024~\340\006\340\000\000\024\2001cP\204B\005\016\0000bP\030 \b\006I\025\314\030\024\241P\200\003\000\3540cP\214B\001\016\000\020\020\003\000\002\000\000\000[\004\340\027\000\000\000\000\000\000\000\000a \000\000)\000\000\000\023\004A<\f\000\000\000\021\000\000\000\"G\310\220Q\006\304\004\017\000\000\000LL_FPLL_MspInit\000\253\250\203\017~\001\340\003\\\360\205\\\000\020\000D\324\000\000x\001\000\000`\234\"\200C\307\007\270 \013\001\000\000\023\004\340\0023\021\000\343\214\302\260\001\021\b\0030bp\000 \b\006\bu\367\377\377\377\003\336\377\377\377\017\342\377\377\377?\314\030\024\270\260\006\340\000\000\024\2001cP\354B\001\016\000\2403\006\305/\004\340\000\000\0011\000\000\000\002\000\000\000[\004\340\027\000\000\000\000\000\000\000\000a \000\0000\000\000\000\023\004A,\020\000\000\000\001\000\000\000\024F\000\000\3610\000\000\021\000\000\000\"G\310\220Q\006\204\004\016\000\000\000LL_FPLL_DeInit\000\000\253\250\203\017~\001\340\203U\240\005V\000\020\000D\324\000\000x\001\000\000`\234\"\200C\307\007\253 \013\001\000\000\023\004\000\0033\021\000\343\214\302\260\001\021\f\0030bp\000 \b\006H\205\367\377\377\377C\336\377\377\377\017\343\377\377\377?\314\030\024\253\000\007\340\000\000\024\2001cP\270\302\005\016\0000bP\030 \b\006\311\024\314\030\024\256P\200\003\000\3540cP\300B\001\016\000\020\020\003\000\002\000\000\000[\004\340\027\000\000\000\000\000\000\000\000a \000\000*\000\000\000\023\004A<\f\000\000\000\022\000\000\000\"G\310\220Q\006D\005\021\000\000\000LL_FPLL_MspDeInit\000\000\000\253\250\203\017~\001\340\003s\360\205s\000\020\000D\324\000\000x\001\000\000`\234\"\200C\307\007\346 \013\001\000\000\023\004\340\0023\021\000\343\214\302\260\001\021\b\0030bp\000 \b\006\bu\367\377\377\377\003\336\377\377\377\017\342\377\377\377?\314\030\024\346\320\006\340\000\000\024\2001cP\244C\001\016\000\2403\006E;\004\340\000\000\0011\000\000\000\002\000\000\000[\004\340\027\000\000\000\000\000\000\000\000a \000\000\310\000\000\000\023\004F,\020\000\000\000\007\000\000\000\024J`\004\200X\r\002\342\377\037\224\377\177@\201T  B\371\377\037\020\030\001\000\000\3610\000\0004\000\000\000\"G\310\220Q\026D\035\000\000\000\000\020\342\034\004LL_FPLL_DivStartuint16_tunsigned shortintegerfrac\000\000\000\253\250\203\017~\001\340\203\177X\007\220\000\020\000D\324\000\000x\001\000\000`V\021\220\003\037\204D2\253\b\312\201\017Bb\233U\004\346\300\007\"\221\3549\0002\b\007\b8\200E\016`\201C-\374\001\200\016\000\000\000\000\000l ^A\026\322!\0356\021\002\240\016\3008E \207\216\017\376A\026\002\000\000\306)\0029\210\003\037\374C:\b\000\000\214S\004r\030\007>\370\207t\030\000\000\230 \000b0A\000\306`\202\000\220\001\000\000\000\0003\021\001\343\204\302L\004\3008\2430\023\2410\216(\314D(\214#\n\303\006\304\360\f\300\210\301\001\200 \030 ap\367\377\377\377\203\336\377\377\377\017\357\377\377\377?\314\030\024\377 \007\344\000\000\303\006\204\340\b\300\210\301\001\200 \030 a`\367\377\377\377C\336\377\377\377\017\357\377\377\377?\314\030\024\377P\n\344\000\000\303\006D\320\b\300\210\301\001\200 \030 aP\367\377\377\377\003\336\377\377\377\017\357\377\377\377?\314\030\024\377p\013\344\000\0004\2001cP\204DR\016\0000\334\020\030`0cP\204\204T\016\0000\313\020\020\301\214A\021\022\t9\000\300,\2010cP\210Db\016\0000bP\034 \b\006\215w\0063\006\205H$\347\000\000#\006\305\001\202`\320|g0a\000\214\030\024\007\b\202A\003\006g0a\000\314\022\f\023\006\300\260\001\221D\0010cP\214Db\016\0000KPL\030\000\204\2001cP\230DA\016\000\320\343\020p\335\204\001@\001\233\023\006\300\005\222N\030\000\264(1a\000d\300b\302\000\270\200\322\t\003\340\002\352&\f\200+\202\2350\000(\002c\302\000\350q\b\312\300\f&\f\200a\003\"\030\206`\302\000\240\t\214\031\203\342$\nr\000\200\036\207\340\f\320`\302\000\240\200\315\t\003\340\002M'\f\000\252\224\2300\0002`1a\000\\\300\351\204\001pA\033\334\204\001pE\260\023\006\000q`L\030\000=\016\001\034\304\301\204\0010l@\004\303\020L\030\000\344\2011cP\240DA\016\000\320\343\020\310\201\034L\030\000\024\2609a\000\\p\007;a\000\f\033\020C0\004\023\006\000\211\001\0303\006EJ\024\344\000\000=\016\201\035\330\301\204\001@\001\233\023\006\300\005y\260\023\006\300\260\0011\004C0a\000\f\033\020g\340\006\0010cP\254DA\016\0000KPL\030\000t\006!\314\030\024,\021\220\003\000l0a\000\004\304\000\000\000\002\000\000\000[\004`\034\000\000\000\000\000\000\000\000q \000\000\006\000\000\0002\016\020\"\204\003\346\tXp\251\200\006\302\nx@\257\200\b\240\013\000\000\000\000\000\000e\f\000\000U\000\000\000\022\003\224\250\002\000\000\000\003\000\000\000p\000\000\000\t\000\000\000L\000\000\000\001\000\000\000X\000\000\000\000\000\000\000X\000\000\000\n\000\000\000H\001\000\000\000\000\000\000y\000\000\000\026\000\000\000\217\000\000\000;\000\000\000\004\000\000\000\000\000\000\000H\001\000\000\000\000\000\000\000\000\000\000\n\000\000\000\000\000\000\000\020\000\000\000\f\000\000\000\020\000\000\000\f\000\000\000\377\377\377\377\001$\000\000\034\000\000\000\020\000\000\000\034\000\000\000\020\000\000\000\377\377\377\377\b,\000\000,\000\000\000\017\000\000\000,\000\000\000\017\000\000\000\377\377\377\377\021$\000\000;\000\000\000\016\000\000\000;\000\000\000\016\000\000\000\377\377\377\377\001$\000\000I\000\000\000\021\000\000\000I\000\000\000\021\000\000\000\377\377\377\377\021$\000\000Z\000\000\000\020\000\000\000Z\000\000\000\020\000\000\000\377\377\377\377\001$\000\000j\000\000\000\006\000\000\000j\000\000\000\006\000\000\000\377\377\377\377\b$\000\000\312\000\000\000\006\000\000\000\000\000\000\000\004\000\000\000\377\377\377\377\000\030\000\000\320\000\000\000\b\000\000\000\004\000\000\000\006\000\000\000\377\377\377\377\000\030\000\000\330\000\000\000\b\000\000\000\n\000\000\000\006\000\000\000\377\377\377\377\000\030\000\000\000\000\000\000]\f\000\000;\000\000\000\022\003\224\340\001\000\000\000.str.str.1.str.2LL_FPLL_Initllvm.dbg.declareLL_FPLL_MspInitLL_FPLL_DeInitLL_FPLL_MspDeInitLL_FPLL_DivStartprintf16.0.0gitthumbv7m-arm-none-eabi../../../Drivers/TAE32F53xx_Driver/Src/tae32f53xx_ll_fpll.c.L.str.L.str.1.L.str.2\000\000\000"
	.size	.Lllvm.embedded.module, 7196

	.section	.debug_abbrev,"",%progbits
	.byte	1                               @ Abbreviation Code
	.byte	17                              @ DW_TAG_compile_unit
	.byte	1                               @ DW_CHILDREN_yes
	.byte	37                              @ DW_AT_producer
	.byte	14                              @ DW_FORM_strp
	.byte	19                              @ DW_AT_language
	.byte	5                               @ DW_FORM_data2
	.byte	3                               @ DW_AT_name
	.byte	14                              @ DW_FORM_strp
	.byte	16                              @ DW_AT_stmt_list
	.byte	23                              @ DW_FORM_sec_offset
	.byte	27                              @ DW_AT_comp_dir
	.byte	14                              @ DW_FORM_strp
	.byte	0                               @ EOM(1)
	.byte	0                               @ EOM(2)
	.byte	2                               @ Abbreviation Code
	.byte	52                              @ DW_TAG_variable
	.byte	0                               @ DW_CHILDREN_no
	.byte	73                              @ DW_AT_type
	.byte	19                              @ DW_FORM_ref4
	.byte	58                              @ DW_AT_decl_file
	.byte	11                              @ DW_FORM_data1
	.byte	59                              @ DW_AT_decl_line
	.byte	11                              @ DW_FORM_data1
	.byte	0                               @ EOM(1)
	.byte	0                               @ EOM(2)
	.byte	3                               @ Abbreviation Code
	.byte	1                               @ DW_TAG_array_type
	.byte	1                               @ DW_CHILDREN_yes
	.byte	73                              @ DW_AT_type
	.byte	19                              @ DW_FORM_ref4
	.byte	0                               @ EOM(1)
	.byte	0                               @ EOM(2)
	.byte	4                               @ Abbreviation Code
	.byte	33                              @ DW_TAG_subrange_type
	.byte	0                               @ DW_CHILDREN_no
	.byte	73                              @ DW_AT_type
	.byte	19                              @ DW_FORM_ref4
	.byte	55                              @ DW_AT_count
	.byte	11                              @ DW_FORM_data1
	.byte	0                               @ EOM(1)
	.byte	0                               @ EOM(2)
	.byte	5                               @ Abbreviation Code
	.byte	36                              @ DW_TAG_base_type
	.byte	0                               @ DW_CHILDREN_no
	.byte	3                               @ DW_AT_name
	.byte	14                              @ DW_FORM_strp
	.byte	62                              @ DW_AT_encoding
	.byte	11                              @ DW_FORM_data1
	.byte	11                              @ DW_AT_byte_size
	.byte	11                              @ DW_FORM_data1
	.byte	0                               @ EOM(1)
	.byte	0                               @ EOM(2)
	.byte	6                               @ Abbreviation Code
	.byte	36                              @ DW_TAG_base_type
	.byte	0                               @ DW_CHILDREN_no
	.byte	3                               @ DW_AT_name
	.byte	14                              @ DW_FORM_strp
	.byte	11                              @ DW_AT_byte_size
	.byte	11                              @ DW_FORM_data1
	.byte	62                              @ DW_AT_encoding
	.byte	11                              @ DW_FORM_data1
	.byte	0                               @ EOM(1)
	.byte	0                               @ EOM(2)
	.byte	7                               @ Abbreviation Code
	.byte	4                               @ DW_TAG_enumeration_type
	.byte	1                               @ DW_CHILDREN_yes
	.byte	73                              @ DW_AT_type
	.byte	19                              @ DW_FORM_ref4
	.byte	11                              @ DW_AT_byte_size
	.byte	11                              @ DW_FORM_data1
	.byte	58                              @ DW_AT_decl_file
	.byte	11                              @ DW_FORM_data1
	.byte	59                              @ DW_AT_decl_line
	.byte	11                              @ DW_FORM_data1
	.byte	0                               @ EOM(1)
	.byte	0                               @ EOM(2)
	.byte	8                               @ Abbreviation Code
	.byte	40                              @ DW_TAG_enumerator
	.byte	0                               @ DW_CHILDREN_no
	.byte	3                               @ DW_AT_name
	.byte	14                              @ DW_FORM_strp
	.byte	28                              @ DW_AT_const_value
	.byte	15                              @ DW_FORM_udata
	.byte	0                               @ EOM(1)
	.byte	0                               @ EOM(2)
	.byte	0                               @ EOM(3)
	.section	.debug_info,"",%progbits
.Lcu_begin0:
	.long	.Ldebug_info_end0-.Ldebug_info_start0 @ Length of Unit
.Ldebug_info_start0:
	.short	4                               @ DWARF version number
	.long	.debug_abbrev                   @ Offset Into Abbrev. Section
	.byte	4                               @ Address Size (in bytes)
	.byte	1                               @ Abbrev [1] 0xb:0x89 DW_TAG_compile_unit
	.long	.Linfo_string0                  @ DW_AT_producer
	.short	12                              @ DW_AT_language
	.long	.Linfo_string1                  @ DW_AT_name
	.long	.Lline_table_start0             @ DW_AT_stmt_list
	.long	.Linfo_string2                  @ DW_AT_comp_dir
	.byte	2                               @ Abbrev [2] 0x1e:0x7 DW_TAG_variable
	.long	37                              @ DW_AT_type
	.byte	1                               @ DW_AT_decl_file
	.byte	130                             @ DW_AT_decl_line
	.byte	3                               @ Abbrev [3] 0x25:0xc DW_TAG_array_type
	.long	49                              @ DW_AT_type
	.byte	4                               @ Abbrev [4] 0x2a:0x6 DW_TAG_subrange_type
	.long	56                              @ DW_AT_type
	.byte	10                              @ DW_AT_count
	.byte	0                               @ End Of Children Mark
	.byte	5                               @ Abbrev [5] 0x31:0x7 DW_TAG_base_type
	.long	.Linfo_string3                  @ DW_AT_name
	.byte	8                               @ DW_AT_encoding
	.byte	1                               @ DW_AT_byte_size
	.byte	6                               @ Abbrev [6] 0x38:0x7 DW_TAG_base_type
	.long	.Linfo_string4                  @ DW_AT_name
	.byte	8                               @ DW_AT_byte_size
	.byte	7                               @ DW_AT_encoding
	.byte	2                               @ Abbrev [2] 0x3f:0x7 DW_TAG_variable
	.long	70                              @ DW_AT_type
	.byte	1                               @ DW_AT_decl_file
	.byte	130                             @ DW_AT_decl_line
	.byte	3                               @ Abbrev [3] 0x46:0xc DW_TAG_array_type
	.long	49                              @ DW_AT_type
	.byte	4                               @ Abbrev [4] 0x4b:0x6 DW_TAG_subrange_type
	.long	56                              @ DW_AT_type
	.byte	31                              @ DW_AT_count
	.byte	0                               @ End Of Children Mark
	.byte	2                               @ Abbrev [2] 0x52:0x7 DW_TAG_variable
	.long	89                              @ DW_AT_type
	.byte	1                               @ DW_AT_decl_file
	.byte	130                             @ DW_AT_decl_line
	.byte	3                               @ Abbrev [3] 0x59:0xc DW_TAG_array_type
	.long	49                              @ DW_AT_type
	.byte	4                               @ Abbrev [4] 0x5e:0x6 DW_TAG_subrange_type
	.long	56                              @ DW_AT_type
	.byte	1                               @ DW_AT_count
	.byte	0                               @ End Of Children Mark
	.byte	7                               @ Abbrev [7] 0x65:0x27 DW_TAG_enumeration_type
	.long	140                             @ DW_AT_type
	.byte	1                               @ DW_AT_byte_size
	.byte	2                               @ DW_AT_decl_file
	.byte	73                              @ DW_AT_decl_line
	.byte	8                               @ Abbrev [8] 0x6d:0x6 DW_TAG_enumerator
	.long	.Linfo_string6                  @ DW_AT_name
	.byte	0                               @ DW_AT_const_value
	.byte	8                               @ Abbrev [8] 0x73:0x6 DW_TAG_enumerator
	.long	.Linfo_string7                  @ DW_AT_name
	.byte	1                               @ DW_AT_const_value
	.byte	8                               @ Abbrev [8] 0x79:0x6 DW_TAG_enumerator
	.long	.Linfo_string8                  @ DW_AT_name
	.byte	2                               @ DW_AT_const_value
	.byte	8                               @ Abbrev [8] 0x7f:0x6 DW_TAG_enumerator
	.long	.Linfo_string9                  @ DW_AT_name
	.byte	3                               @ DW_AT_const_value
	.byte	8                               @ Abbrev [8] 0x85:0x6 DW_TAG_enumerator
	.long	.Linfo_string10                 @ DW_AT_name
	.byte	4                               @ DW_AT_const_value
	.byte	0                               @ End Of Children Mark
	.byte	5                               @ Abbrev [5] 0x8c:0x7 DW_TAG_base_type
	.long	.Linfo_string5                  @ DW_AT_name
	.byte	8                               @ DW_AT_encoding
	.byte	1                               @ DW_AT_byte_size
	.byte	0                               @ End Of Children Mark
.Ldebug_info_end0:
	.section	.debug_str,"MS",%progbits,1
.Linfo_string0:
	.asciz	"Component: Arm Compiler for Embedded 6.19 Tool: armclang [5e73cb00]" @ string offset=0
.Linfo_string1:
	.asciz	"../../../Drivers/TAE32F53xx_Driver/Src\\tae32f53xx_ll_fpll.c" @ string offset=68
.Linfo_string2:
	.asciz	"C:\\Users\\11841\\Documents\\svn\\\346\225\260\345\255\227\347\224\265\346\272\220\347\240\224\345\217\221\351\203\250\\11_FAE\\Wuwenzhan\\TAE32F53xx_FW_ReleaseV1.4.7\\ProjectTemplate\\Project\\MDK" @ string offset=128
.Linfo_string3:
	.asciz	"char"                          @ string offset=252
.Linfo_string4:
	.asciz	"__ARRAY_SIZE_TYPE__"           @ string offset=257
.Linfo_string5:
	.asciz	"unsigned char"                 @ string offset=277
.Linfo_string6:
	.asciz	"LL_OK"                         @ string offset=291
.Linfo_string7:
	.asciz	"LL_ERROR"                      @ string offset=297
.Linfo_string8:
	.asciz	"LL_BUSY"                       @ string offset=306
.Linfo_string9:
	.asciz	"LL_TIMEOUT"                    @ string offset=314
.Linfo_string10:
	.asciz	"LL_FAILED"                     @ string offset=325
	.ident	"Component: Arm Compiler for Embedded 6.19 Tool: armclang [5e73cb00]"
	.section	".note.GNU-stack","",%progbits
	.ARM_attribute	16, 1	@ Tag_AV_eba
	.section	.debug_line,"",%progbits
.Lline_table_start0:
