	.text
	.syntax unified
	.eabi_attribute	67, "2.09"	@ Tag_conformance
	.cpu	cortex-m3
	.eabi_attribute	6, 10	@ Tag_CPU_arch
	.eabi_attribute	7, 77	@ Tag_CPU_arch_profile
	.eabi_attribute	8, 0	@ Tag_ARM_ISA_use
	.eabi_attribute	9, 2	@ Tag_THUMB_ISA_use
	.eabi_attribute	34, 1	@ Tag_CPU_unaligned_access
	.eabi_attribute	17, 1	@ Tag_ABI_PCS_GOT_use
	.eabi_attribute	20, 2	@ Tag_ABI_FP_denormal
	.eabi_attribute	21, 0	@ Tag_ABI_FP_exceptions
	.eabi_attribute	23, 1	@ Tag_ABI_FP_number_model
	.eabi_attribute	24, 1	@ Tag_ABI_align_needed
	.eabi_attribute	25, 1	@ Tag_ABI_align_preserved
	.eabi_attribute	38, 1	@ Tag_ABI_FP_16bit_format
	.eabi_attribute	18, 2	@ Tag_ABI_PCS_wchar_t
	.eabi_attribute	26, 1	@ Tag_ABI_enum_size
	.eabi_attribute	14, 0	@ Tag_ABI_PCS_R9_use
	.file	"tae32f53xx_ll_iwdg.c"
	.file	1 "C:\\Users\\11841\\Documents\\svn\\\346\225\260\345\255\227\347\224\265\346\272\220\347\240\224\345\217\221\351\203\250\\11_FAE\\Wuwenzhan\\TAE32F53xx_FW_ReleaseV1.4.7\\ProjectTemplate\\Project\\MDK" "../../../Drivers/TAE32F53xx_Driver/Src/tae32f53xx_ll_iwdg.c"
	.file	2 "C:\\Users\\11841\\Documents\\svn\\\346\225\260\345\255\227\347\224\265\346\272\220\347\240\224\345\217\221\351\203\250\\11_FAE\\Wuwenzhan\\TAE32F53xx_FW_ReleaseV1.4.7\\ProjectTemplate\\Project\\MDK" "../../../Drivers/TAE32F53xx_Driver/Inc/tae32f53xx_ll_def.h"
	.file	3 "C:\\Users\\11841\\Documents\\svn\\\346\225\260\345\255\227\347\224\265\346\272\220\347\240\224\345\217\221\351\203\250\\11_FAE\\Wuwenzhan\\TAE32F53xx_FW_ReleaseV1.4.7\\ProjectTemplate\\Project\\MDK" "../../../Drivers/TAE32F53xx_Driver/Inc\\tae32f53xx_ll_iwdg.h"
	.file	4 "C:\\Keil_v5\\ARM\\ARMCLANG\\Bin\\..\\include" "stdint.h"
	.file	5 "C:\\Users\\11841\\Documents\\svn\\\346\225\260\345\255\227\347\224\265\346\272\220\347\240\224\345\217\221\351\203\250\\11_FAE\\Wuwenzhan\\TAE32F53xx_FW_ReleaseV1.4.7\\ProjectTemplate\\Project\\MDK" "../../../Drivers/TAE32F53xx_Device/Include\\tae32f53xx.h"
	.type	.Lllvm.embedded.module,%object  @ @llvm.embedded.module
	.section	.llvmbc,"",%progbits
	.p2align	4, 0x0
.Lllvm.embedded.module:
	.asciz	"BC\300\3365\024\000\000\005\000\000\000b\f0$MY\276f\255\373\264O\033\310$D\0012\005\000!\f\000\000\036\t\000\000\013\002!\000\002\000\000\000\026\000\000\000\007\201#\221A\310\004I\006\02029\222\001\204\f%\005\b\031\036\004\213b\200\024E\002B\222\013B\244\0202\0248\b\030K\n2R\210Hp\304!#D\022\207\214\020A\222\002d\310\b\261\024 CF\210 \311\0012R\204\030*(*\2201|\260\\\221 \305\310\000\000\000\211 \000\000\035\000\000\0002\"H\t bF\000!+$\230\024!%$\230\024\031'\f\205\244\220`Rd\\ $e\202 \2529\002Dy\202\031\002\000#\000\003\001\206 \245\2249\00200\003\001\307\b\004\230\340\030!\2009\002P\230#\b\246\0000\223\246\210\022&\377\377E\270\003\177\261A\246\026{\210\216(\322\020N\300I\232\"J\230|\021\356\300\277\305\036\242#\212T\234s\316\001Q\030\000\000\307\001\000\000\033\326)\370\377\377\377\377\001p\000\t(\003\202\034\312\301\035\336A\036\332!\034\330\241\r\314\001\036\332\240\035\302\201\036\320\001\200\007y(\207y(\007y\260\207rh\203yH\207sp\0076\200\007y(\207y(\007y\260\207rh\203yH\207sp\007\2000\007y\b\207v(\2076\200\207wH\007w\240\207r\220\007\300\035\336\301\035\312\001 \332!\035\334\241\r\330\241\034\316!\034\330\241\r\354\241\034\306\201\036\336A\036\332\340\036\322\201\034\350\001\035\0008\000\bwx\2076H\007w0\207yh\003s\200\2076h\207p\240\007t\000\350A\036\352\241\034\000\302\035\336\241\r\334!\034\334a\036\332\300\034\340\241\r\332!\034\350\001\035\000z\220\207z(\007\200p\207wh\203yH\207sp\207r \2076\320\207r\220\207w\230\20760\007xh\203v\b\007z@\007\200\036\344\241\036\312\001 \346\201\036\302a\034\326\241\r\340A\036\336\201\036\312a\034\350\341\035\344\241\r\304\241\036\314\301\034\312A\036\332`\036\322A\037\312\001\300\003\200\240\207p\220\207s(\007zh\203q\200\207z\000\306\341\035\344\201\036\312\001\037\332\240\035\346\000 \350!\034\344\341\034\312\201\036\332\300\034\312!\034\350\241\036\344\241\034\346\001X\203p\220\207v\260\207;h\203v`\2035@\207{ \207t\260\0076X\003z@\207zh\007qh\203vx\007r(\0076h\203p(\207y`\2036\020\007s\210\003;`\2036\030\007r(\207q\200\0078`\2036\030\007r(\207q\200\2078`\2036\030\007r(\207q\200\0079`\2036\030\007r(\207q\200\2079`\2036\030\007r(\207q\200\007:`\2036\030\007r(\207q\200\207:`\2036\030\007r(\207q\200\007;`\2036\030\007r(\207q\200\207;`\2036\030\007y\030\0076h\203q\220\207|\200\007zx\0076h\003r\230\0039`\2036 \207w\240\007x\220\207w \0076h\003r\230\007x`\20360\207q(\0076h\003s\200\2076\b\007yh\007{\300\0036h\003s\200\2076\b\007yh\007{\300\003r\210\003;`\20360\007xh\203p\220\207v\260\007< \2078\260\203y\200\0076h\003s\200\2076\b\007yh\007{\300\203y\200\0076h\003s\200\2078\260\0036h\003s\200\2078\260\003sh\007v`\20360\007x\260\003:`\20360\007x\220\207r8\207y`\20360\207z`\007v0\007x\210\003;`\2036@\207{ \207t\260\2076\b\007yh\0076h\203t\300\203vh\0076h\003vx\007q`\2036h\007{(\0076h\203v\260\207rp\003s\200\0076h\003w(\207wp\0076h\003x\b\207q\020\007zH\0076h\003y\b\207y`\2036\230\007q`\2036\230\007t\b\0079`\2036\260\007s\200\0079`\2036\260\007s\200\0079\230\007x`\2036\260\007s\200\2079`\2036\260\007s\200\2079 \2078\260\0036h\003{0\007x\230\003r\210\003;\230\007x`\2036\260\007s\200\2079\230\007x`\2036\260\007s\200\007:`\2036\260\007s\200\007: \2078\260\0036h\003{0\007x\240\003r\210\003;\230\007x`\2036\260\007s\200\007:\230\007x\0006\020\002\000\210\301\006b\b\000R\330@\020\002@\n\033\240\342\377\377\377\377\007\340\024\000?\000\376\000\220\000\n\250\003\240\0176\254\222\361\377\377\377\377\003A\016\345\340\016\357 \017\355\020\016\354\320\006\346\000\017m\320\016\341@\017\350\000\300\203<\224\303<\224\203<\330C9\264\301<\244\3039\270\003\033\300\203<\224\303<\224\203<\330C9\264\301<\244\3039\270\003@\230\203<\204C;\224C\033\300\303;\244\203;\320C9\310\003\340\016\357\340\016\345\000\020\356\360\016m\220\016\356`\016\363\320\006\346\000\017m\320\016\341@\017\350\000\320\203<\324C9\000\204;\274C\033\270C8\270\303<\264\2019\300C\033\264C8\320\003:\000\364 \017\365P\016\000\341\016\357\320\006\363\220\016\347\340\016\345@\016m\240\017\345 \017\3570\017m`\016\360\320\006\355\020\016\364\200\016\000=\310C=\224\003@\314\003=\204\3038\254C\033\300\203<\274\003=\224\3038\320\303;\310C\033\210C=\230\2039\224\203<\264\301<\244\203>\224\003\200\007\000A\017\341 \017\347P\016\364\320\006\343\000\017\365\000\214\303;\310\003=\224\003>\264A;\314\001@\320C8\310\3039\224\003=\264\2019\224C8\320C=\310C9\314\003\260\006\341 \017\355`\017w\320\006\355\300\006k\200\016\367@\016\351`\017l\260\006\364\200\016\365\320\016\342\320\006\355\360\016\344P\016l\320\006\341P\016\363\300\006m \016\346\020\007v\300\006m0\016\344P\016\343\000\017p\300\006m0\016\344P\016\343\000\017q\300\006m0\016\344P\016\343\000\017r\300\006m0\016\344P\016\343\000\017s\300\006m0\016\344P\016\343\000\017t\300\006m0\016\344P\016\343\000\017u\300\006m0\016\344P\016\343\000\017v\300\006m0\016\344P\016\343\000\017w\300\006m0\016\3620\016l\320\006\343 \017\371\000\017\364\360\016l\320\006\3440\007r\300\006m@\016\357@\017\360 \017\357@\016l\320\006\3440\017\360\300\006m`\016\343P\016l\320\006\346\000\017m\020\016\362\320\016\366\200\007l\320\006\346\000\017m\020\016\362\320\016\366\200\007\344\020\007v\300\006m`\016\360\320\006\341 \017\355`\017x@\016q`\007\363\000\017l\320\006\346\000\017m\020\016\362\320\016\366\200\007\363\000\017l\320\006\346\000\017q`\007l\320\006\346\000\017q`\007\346\320\016\354\300\006m`\016\360`\007t\300\006m`\016\360 \017\345p\016\363\300\006m`\016\365\300\016\354`\016\360\020\007v\300\006m\200\016\367@\016\351`\017m\020\016\362\320\016l\320\006\351\200\007\355\320\016l\320\006\354\360\016\342\300\006m\320\016\366P\016l\320\006\355`\017\345\340\006\346\000\017l\320\006\356P\016\357\340\016l\320\006\360\020\016\343 \016\364\220\016l\320\006\362\020\016\363\300\006m0\017\342\300\006m0\017\350\020\016r\300\006m`\017\346\000\017r\300\006m`\017\346\000\017r0\017\360\300\006m`\017\346\000\017s\300\006m`\017\346\000\017s@\016q`\007l\320\006\366`\016\3600\007\344\020\007v0\017\360\300\006m`\017\346\000\017s0\017\360\300\006m`\017\346\000\017t\300\006m`\017\346\000\017t@\016q`\007l\320\006\366`\016\360@\007\344\020\007v0\017\360\300\006m`\017\346\000\017t0\017\360\000\000\000\000I\030\000\000\b\000\000\000\023\210@\030\210\tA1a0\006b\202\020\f\023\002c\302\020\b\303\004a &\004\003\000\000\000\000\023,z@\207zh\007q\260\207;h\2076\b\007yh\2076p\207wp\207rh\203r\b\007qH\207\rsP\016m\320\016zP\016m\000\017z0\007r\240\007s \007m`\n\351\200\007m\220\016v@\007z`\007t\320\006\366\020\007r\200\007z`\007t\240\007q \007x\320\006\341\240\007p\240\007s \007m\340\016s \007m0\013v@\007J\017\b\021\022A\206\214\024\t\0014B\230\234\356\201\313\365r\271^.\327\213(O\333\313\362\371\213\032,\316d\306\332\f\217\377\022\345i{Y\376\232\312\307/z\270<\223\231k3<\376\313f\177\323w\362\3315\3361\001\2040LI\000\000@\000\000\000\020\020\0000\244\"\230\001\000\200\000\000\002\000\000\000\000\000\002\200\000\206T\020d\000\001 \000\000\000\000\000\000\000\000\000\020\300\220\n\f\032\004\b\200\001\000\000\000\000\000\000\000\002\200\000\206Tm\360$\000\000\021\000\020\000\000\000\000\000\020\000\0040\244\342\003E\001\002\240\000\000\000\000\000\000\000\200\000 \200!\225)8\013\000\000\006\000\004\000\000\000\000\000\004\000\001\f\251h!J\000\000\"\000 \000\000\000\000\000 \000\b`HU\016\317\002\000\200\001\000\001\000\000\000\000\000\001@\000C*z\220\022\000\000\b\000\b\000\000\000\000\000\b\000\002\030R\231\304\225\000\000D\000@\000\000\000\000\000@\000\020\200\304\006\201\302\035\t\000\000Y \000\025\000\000\0002\036\230\024\031\021L\220\214\t&G\306\004C:\345P\bEP\006%0\002@\254\360H\350\036\270\\/\227\353\345r\275\210\362\264\275,\237\277\250\301\342Lf\254\315\360\370/Q\236\266\227\345\257\251|\374\242\207\3133\231\2716\303\343\277l\3667}'\237]c\000\261\030\000\000\265\000\000\0003\b\200\034\304\341\034f\024\001=\210C8\204\303\214B\200\007yx\007s\230q\f\346\000\017\355\020\016\364\200\0163\fB\036\302\301\035\316\241\034f0\005=\210C8\204\203\033\314\003=\310C=\214\003=\314x\214tp\007{\b\007yH\207pp\007zp\003vx\207p \207\031\314\021\016\354\220\016\3410\017n0\017\343\360\016\360P\0163\020\304\035\336!\034\330!\035\302a\036f0\211;\274\203;\320C9\264\003<\274\203<\204\003;\314\360\024v`\007{h\0077h\207rh\0077\200\207p\220\207p`\007v(\007v\370\005vx\207w\200\207_\b\207q\030\207r\230\207y\230\201,\356\360\016\356\340\016\365\300\016\3540\003b\310\241\034\344\241\034\314\241\034\344\241\034\334a\034\312!\034\304\201\035\312a\006\326\220C9\310C9\230C9\310C9\270\3038\224C8\210\003;\224\303/\274\203<\374\202;\324\003;\260\303\f\307i\207pX\207rp\203th\007x`\207t\030\207t\240\207\031\316S\017\356\000\017\362P\016\344\220\016\343@\017\341 \016\354P\0163 (\035\334\301\036\302A\036\322!\034\334\201\036\334\340\034\344\341\035\352\001\036f\030Q8\260C:\234\203;\314P$v`\007{h\0077`\207wx\007x\230QL\364\220\017\360P\0163\036j\036\312a\034\350!\035\336\301\035~\001\036\344\241\034\314!\035\360a\006T\205\2038\314\303;\260C=\320C9\374\302<\344C;\210\303;\260\303\214\305\n\207y\230\207w\030\207t\b\007z(\007r\230\201\\\343\020\016\354\300\016\345P\016\3630#\301\322A\036\344\341\027\330\341\035\336\001\036fH\031;\260\203=\264\203\033\204\3038\214C9\314\303<\270\3019\310\303;\324\003<\314H\264q\b\007v`\007q\b\207qX\207\031\333\306\016\354`\017\355\340\006\360 \017\3450\017\345 \017\366P\016n\020\016\3430\016\3450\017\363\340\006\351\340\016\344P\016\3700#\342\354a\034\302\201\035\330\341\027\354!\035\346!\035\304!\035\330!\035\350!\037f \235;\274C=\270\0039\224\2039\314X\274pp\007wx\007z\b\007zH\207wp\207\031\313\347\016\3570\017\341\340\016\351@\017\351\240\017\3450\303\001\003s\250\007w\030\207_\230\207pp\207t\240\207t\320\207r\230\201\204A9\340\3038\260C=\220C9\314@\304\240\035\312\241\035\340A\036\336\301\034f$c0\016\341\300\016\3540\017\351@\017\3450C!\203u\030\007sH\207_\240\207|\200\207r\230\261\224\001<\214\303<\224\3038\320C:\274\203;\314\003\000\000\000y \000\000\350\001\000\000r\036H C\210\f\031\tr2H #\201\214\221\221\321D\240\020(d<12B\216\220!\243\b\007lP\202\001\000\000{\260\017\243\240\007M\201\034J\262\007\020\024E\221$I\317T\fw\300\274\301A \2140\020\302\036\020\215\2444\2224\021\021\222X\000\000../../../Drivers/TAE32F53xx_Driver/Src\\tae32f53xx_ll_iwdg.cC:\\Users\\11841\\Documents\\svn\\\346\225\260\345\255\227\347\224\265\346\272\220\347\240\224\345\217\221\351\203\250\\11_FAE\\Wuwenzhan\\TAE32F53xx_FW_ReleaseV1.4.7\\ProjectTemplate\\Project\\MDKComponent: Arm Compiler for Embedded 6.19 Tool: armclang [5e73cb00]../../../Drivers/TAE32F53xx_Driver/Inc/tae32f53xx_ll_def.hunsigned charLL_OKLL_ERRORLL_BUSYLL_TIMEOUTLL_FAILED../../../Drivers/TAE32F53xx_Driver/Inc\\tae32f53xx_ll_iwdg.hIWDG_PRESCALER_4IWDG_PRESCALER_8IWDG_PRESCALER_16IWDG_PRESCALER_32IWDG_PRESCALER_64IWDG_PRESCALER_128IWDG_PRESCALER_256IWDG_PRESCALER_512IWDG_MODE_RESETIWDG_MODE_INTERRUPTRESETSET../../../Drivers/TAE32F53xx_Device/Include\\tae32f53xx.hIWDG_TypeDefC:\\Keil_v5\\ARM\\ARMCLANG\\Bin\\..\\include\\stdint.huint8_tKEYRuint32_tunsigned intCRRLRPSCRSR../../../Drivers/TAE32F53xx_Driver/Src/tae32f53xx_ll_iwdg.ccharDwarf VersionDebug Info Versionwchar_sizestatic_rwdataenumsize_buildattrarmlib_unavailablearmcompiler-version6.19LL_StatusETypeDefInstancetickstartllvm.loop.mustprogress\000\000\000&X\001\000\000\000\000\0000\202\300D#\b\3072\202p0#\bG3\202p8#\b\3073\202p@#Y\303\004\344\302\215\000\000X\000\000\200\016\000\000\000\000\000\000\0000[S\000\000\300\016\345\000\017A\000\000\0000\224\0250{0\004\000\000\004\270\360\013\300:\000\000\000\000\002\000\000\003\025@ \000\300@\005@\b\0000\317\001\220A\201\000\b0\016A\200\201\001\214C\020`p\b\343\020\004\030 \3048\004\001\006\2111\016A\200\201\202\314P\370\301\037\200B(\210\302H\226@\000|\220\n@\037 \000\000\214\002\000\000\000\000\000\000\000\fT\000\213\000\000\343\020\004\0300\3008\004\001\006\2150\016A\200\201C\214C\020`\360\030\343\020\004\030@\3108\004\001\006\2212\016A\200\201\304\214C\020`093 \246p\n\250\220\n\252\260\n\254\320\n#Y\002\001\224\302\034\000}\200\000\000\340\n\000\000\000\000\000\000\0000\016A\200\001\005\214C\020`P\t3\b\260\020\013#Y\002\001\224\202(\000}\200\000\000 \013\000\000\000\000\000\000\0000\016A\200\201\005\214C\020`p\t3\b\264P\013#Y\002\001\360A-\000}\200\000\000`\013\000\000\000\000\000\000\0000\003A\n\2570\013\2670P\001`\002\000L\344\000V\226\013>\002\340\001\000\000\000\000\000\0239\300\003\000\000\240\013`\000\000\000\000\000\003\025\200\006\000\300D\016`m\274\340\007@\037\000\000\000\000\0000\221\003<\000\000\000\275\000\006\000\000\000\0000\203\260\013\2760\317\001\220\201\007\006\300\001L\344\000V\307\013\240\000\200\003\000\000\000\000\000\0239@\035\000\000\000\204\003\000\000\000\000\000\0239@\303\345B\216\340\2018\200\001\000\000\000\000L\344\000\315\227\013:\202\007\342\000\006\000\030\000\000\000L\344\000\r\030\344\302\216\340\2018\200\001\000\n\000\000\000\0239@\023\006\271\300#x \016`\000\200\003\000\000\300D\016\320\210A.\364\b\036\210\003\030\000 \001\000\0000C1\016\344P\016\346p\016\323\005\306\224\301\000\344A:\314\020\250\303@\0050\006\002\000\314s\000d@\006\b\200\000\323\024D\034\000\0000C\340\016#YB\000\000\000\320\016\340\003\000\300;\000\000\000\000\000\000\000\300\f\203\034\224\301\034\3140\320\201\031\324\301\f\203\035\234\001\035\3140\330\001\032\330\301\f\203\035\244\201\035\3140\330\201\032\334\301\f\203\035\254\001\033\314\020\f\0239\200\325\006|\000\013\000)\000\000\000\000\0000\0030C\000\0073\b\300.\314D\b\000?\0003\b\371\260\0133\021\002\340\017\300\275\002\300q\034\307q\034[\300\003[\270\201\033\200\202\033\270\201\033\270\201\033\260\002[\270\201\033\270\201\033\270\201\033\270\201\033\270\001<\260\205\033\270\001\032\260\205\033\270\001\032\260\005(\270\201=\300\203\033\330\003<\240\201)\330\003<\210\004J\270\204K\270\004+Xt\300\321\201)\320\001g\026t@\007t@\007t@\007t`\361\003\304\211\201\033\240\201\214\004&(\02766\2736\0272\2613\227\261\272Q\202<\310\210\215\315\256\315\245\355\215\254\216\255\314\305\214-\354ln\224\003\036\342A\036\346\201\036\352\301\036Rac\263ksI#+s\243\033%\270\207!\203\001\000\322\001\000\000\251\030\000\000/\000\000\000\013\nr(\207w\200\007zXp\230C=\270\3038\260C9\320\303\202\346\034\306\241\r\350A\036\302\301\035\346!\035\350!\035\336\301\035\026(\342P\016\346\360\016\362P\016\351\340\016\363@\017\013\222p0\007z(\007yH\007w\230\007zX\320\214\2039\234C=\204\203<\220\003=\204\203<\234C9\320\303\002\006\036\344\241\034\302\201\035\330\341\035\306!\034\350\241\034\310a\301q\016\343\320\006\354\220\016\366P\016\013\254q`\207pp\207sp\203p\220\207qp\203p\240\007z\b\207q@\207r \207q\b\007v`\207\005\007<\320\203<\204C=\320\003:, \326a\034\314!\035\000\000\000\000\321\020\000\000\006\000\000\000\007\314<\244\203;\234\003;\224\003=\240\203<\224C8\220\303\001\000\000\000a \000\000\302\001\000\000\023\004V,\020\000\000\000\013\000\000\000\024\312\240\004F\000\350\024r@\001\002/\002\"\224r@\371\377\037\024s@a\316\032\224!\260@\025\024\265j\001\201\021\000\323\223\001\000\000\3610\000\000z\000\000\000\"G\310\220Q&\b>\000\000\000\000\f$%\226BD\004\000LL_IWDG_InitIWDG_InitTypeDef__IWDG_InitTypeDefPrescalerIWDG_PreScalerETypeDefReload_valModeIWDG_ModeETypeDefInit\223\254a\022\211RX\005\000\000\007\000\000\300\002\000\000\000\000\000\000\000VQ\007;\200\004\300\016\273\240\023\274\000 \000\210\350\001\000\350\003\000\000\300\254\"P\tv\000\207dV\021\254\004;\200\3035\253\bT\202\035\350\241\024f\025AK\260C=4\263\212\300%\330\241\036\374`\005\001\023dQ\026\3730\253\bT\202\035@\242\024f\025AL\260CH4\263\212@&\330!$\374`\005A\023fq\026\3730\253\bT\202\035Z\"\231U\0045\301\016-\301\006\213\034\300\n\211R\200\005 %\000\000\000\000\000X\344\000\017\000\000\300M\200\001\000\000\000\000l\030\362a\027pb\023!\0009\001,r\000\213$J\201\017\200W\000\000\000\000\000`\221\0034#Q\n\254\220\022;\201\000\000\000\000\300\"\007hJ\242\024Z!%\302\001\f\0000\000\000\000X\344\000\326I\224B)\000\263\000\000\000\000\000\300\"\007hL\242\024^!%|\002\001@\001\000\000`\303\300\023=\361\023\343\024A%\334\200\035va\027\002\000\000\306)\202J\240\004;\354\002N\b\000\000\214S\004\225x\003v\350\205p\000\000\000\320y \201\f!2d$\024=\024\244\004\240\360\241 %\000\005\022\005)\001(\222(H\t\300\004\001 \203\t\002P\006\023\004\300\f\0003\021\301\361\204\302L\004p<\2430\023\001\034\317(\314D\034\3073\n\303\006\304@\r\300\210\301\001\200 \030\030e\000\362\377\377\377\303\311\377\377\377\017\177\377\377\377?\314\030\024\273\340\006*\001\000\303\006\2040\r\300\210\301\001\200 \030\030e\360\357\377\377\377\203\311\377\377\377\017\177\377\377\377?\314\030\024\273\240\n*\001\000#\006\007\000\202``\224\201\277\377\377\377\017%\377\377\377?\374\375\377\377\3770cP\364\202\243\022\0000l@\004\327\000L\030\000$\2001cP\200C\262\022\0000\334\020\034`0cP\200\203\263\022\0000\313\020\b\301\214A\001\016\211J\000\300\260\001aL\0010cP\204C\302\022\0000KPM\030\000T\2001cP\224C\241\022\0000\334\020 `0a\000\3142\fD0a\000\314\022\024\023\006\300\210\201q\200 \030 h\260\006\321\204\0010KPL\030\000d\2001cP\230C\241\022\000\320\337\020p\335\204\001@\301\031\023\006\300pC0\225\301\204\0010\313`\034\301\204\0010K\200L\030\000#\006\306\001\202`\200\260\301\033L\023\006\300,\0012a\000\320\002\306\214A\221\016\225J\000\300\210A\201\200 \030$l\020\314\030\024\351P\250\004\000\020\003\306\214A\301\016\205J\000@\207C\020\006a0a\000\f\033\020A5\004\023\006\0009`\314\030\024\357P\250\004\000t8\004c0\006\023\006\300\260\001\021XC0a\000\214\030\020\000\b\202\201\362\0063\006\205<D*\001\000\303\006\304\023\f\300\214A!\017\217J\000\300,A2cP\320C\241\022\000@\021\0303\006\005=0*\001\000\035\016\201\031\250\301\204\001@\301\231\023\006\300\005i\240\023\006\300pC\240\006`0a\000d\300b\302\000\230n`\2035\020&\f\200\341\206\200\r\302`\306\240\240\207=P\t\000\230eP\232`\306\240\240\207B%\000`\304\200\000@\020\f\024<\2301(\352\301q\t\000 \354\214\031\203\242\036:\227\000\200\023\202\2301(\352as\t\000\030n\b\320@\ff\f\212z@\003\227\000\200Y\206\205\tf\f\212zhZ\002\000\206\r\b\217\r\002`\306\240\260\207\346%\000`\226\240\2320\000f\t\222\031\203\202\036\n\225\000\000\342\300\2301(\366\241P\t\000\350o\b\344@\016&\f\000\n\302\2300\000281a\000P\030\2001a\000t8\004v\200\007\023\006\300\260\001\021\fC0a\000\214\030\020\000\b\202\201\"\n3\006\205?D*\001\000\303\006\204\030\004\0030cP\370\303\243\022\0000K\340\314\030\024 Q\250\004\000\020\031\2001cP\200\004\243\022\000\320\341\020\344A\037L\030\000\024\2349a\000\\\340\007:a\000\f7\004\177\000\006\023\006@\006,&\f\200\351\206?\360\003a\302\000\030n\b\376 \ff\f\n\220\330\003\225\000\200Y\206G\nf\f\n\220(T\002\000F\f\b\000\004\301@Y\205\031\203\"$\034\231\000\000Z\2033f\f\212\220\350d\002\000N\bb\306\240\b\211M&\000`\270!\330\0031\2301(B\002\rd\002\000f\031\240(\2301(B\242\211\t\000\0306 \342\340\017\002`\306\240\020\211f&\000`\226\240\2320\000f\t\234\031\203\002$\n\225\000\000z\0030f\f\212\223(T\002\000\372\033\202R0\205\t\003\200\2023&\f\000\232\0030&\f\200\016\207\000\025Va\302\000\0306 \202a\b&\f\000\252\0030f\f\n\225(T\002\000:\034\002UX\205\t\003\200\2023'\f\200\013\372@'\f\000\302\0030&\f\200\376\206\300\025ba\302\000\240 \214\t\003 \203\023\023\006\300\025\301N\030\000\344\007`L\030\000\035\016\301,\320\302\204\0010l@\004\303\020L\030\000\364\007`\314\030\024-\221\324\004\000\3647\004\265\200\0133\006EK<5\001\000\024\2041a\000dpb\306\240h\211\244&\000`\270!\310\0050\2301(Z\202\252\t\000\230e\230\250`\306\240h\211D%\000\200J\001\214\031\203\302%\022\233\000\200\016\207@\027va\302\000\240\340\314\t\003\340\202_\330\t\003`\330\200\030\202!\2300\000f\t\250\031\203\342%\n\233\000\000J\0050f\f\n\231(T\002\000:\034\002_\360\205\t\003`\330\200\b~a\b&\f\000Z\0050f\f\212\232(T\002\000:\034\002p\000\207\t\003`\330\200\bba\b&\f\200a\003\302\025t!\000f\f\n\234(T\002\000f\t\252\t\003\200\\!\204\031\203\"'\002\225\000\200\r&\f\200\200\030\004\000\000\000[\004 %\266\fx \275\304\226a\026\244\231\000\000\000\000\000a \000\000*\000\000\000\023\004A<\f\000\000\000\022\000\000\000\"G\310\220Q\006\304\004\017\000\000\000LL_IWDG_MspInit\000\253\250\203\035@\002`\007\275\350\207\275\000\020\000D\364\000\000\364\001\000\000`\234\"\204\204\033\260\203^\354B\000\000\300\004\001\240\000\000\000\0003\021\300\361\214\302\260\001\021\b\0030bp\000 \b\006\3064\363\377\377\377\003\315\377\377\377\017m\377\377\377?\314\030\024z\261\006!\001\000\024\2001cP\364E\021\022\000\2403\006\205h\004!\001\000\0011\000\000\000\002\000\000\000[\004\000$\000\000\000\000\000\000\000\000a \000\000V\000\000\000\023\004D,\020\000\000\000\006\000\000\000\024F\000\350\024 \360\" B\031\013\224!\260@\351\336\033\0200=\025\000\3610\000\000\022\000\000\000\"G\310\220Q\006\204\004\016\000\000\000LL_IWDG_DeInit\000\000\253\250\203\035@\002`\007\260\370\207\260\000\020\000D\364\000\000\364\001\000\000`\234\"\204\204\033\260\003X\354B\000\000\300\004\001\320\000\000\000\0003\021\300\361\214\302\260\001\021 \0030bp\000 \b\006F\226\363\377\377\377\203\316\377\377\377\017s\377\377\377?\314\030\024`\001\007!\001\000\024\2001cP\214E\021\022\0000\334\020\f`0a\000\3142\004B0a\000\314\022\f\023\006\300\210\201q\200 \030 ZwL\030\000\263\004\303\204\001@\003\0303\006\205Y\024!\001\000\035\016\201\343L\030\000\303\006D\200\f\301\204\001@\005\0303\006EZ\024!\001\000\035\016\001\004M\030\000\303\006D\220\f\301\204\001@\007\0303\006\005[\024!\001\000\035\016\201$M\030\000\303\006D0\r\301\204\001@\t\0303\006\305[\\!\001\000#\006\005\002\202`\220t\301\214A\361\026EH\000\300B3\006\205\\\024!\001\000\0011\000\000\000\002\000\000\000[\004\000$\000\000\000\000\000\000\000\000a \000\000+\000\000\000\023\004A<\f\000\000\000\023\000\000\000\"G\310\220Q\006D\005\021\000\000\000LL_IWDG_MspDeInit\000\000\000\253\250\203\035@\002`\207\324\350\007\325\000\020\000D\364\000\000\364\001\000\000`\234\"\204\204\033\260Cj\354B\000\000\300\004\001\240\000\000\000\0003\021\300\361\214\302\260\001\021\b\0030bp\000 \b\006\3064\363\377\377\377\003\315\377\377\377\017m\377\377\377?\314\030\024\251\321\006!\001\000\024\2001cP\260F\021\022\000\2403\006El\004!\001\000\0011\000\000\000\002\000\000\000[\004\000$\000\000\000\000\000\000\000\000a \000\000\255\000\000\000\023\004L,\020\000\000\000\007\000\000\000\024\312`\004\200N\001\002/\002\"\224\367@!\007\024\265j\001\265\032 `z,\000\000\3610\000\000#\000\000\000\"G\310\220Q\006\304\004\017\000\000\000LL_IWDG_Refresh\000\253\250\203\035@\002`\207\365\370\007\366\000\020\000D\364\000\000\364\001\000\000`V\021\204\004;\310\007I\314*\002\221`\207\371hf\025\301H\260\303|\370\301\n\242$P\"%\366a\234\"\204\204\033\260\303z\354B\000\000\3008E\b\2117`\207\366\b\007\000\000\000\235\007\022\310\020\"CFB\311G\001H\000\312>\n@\0020A\000\272\t\002\340\001\000\0003\021\301\361\204\302L\004p<\2430\023q\034\317(\f\033\020\0023\000#\006\007\000\202``t6\377\377\377?\350\374\377\377\377p\367\377\377\377\303\214A\261\036q\020\022\0000bp\000 \b\006FW\363\377\377\377C\316\377\377\377\017w\377\377\377?\314\030\024\355\341\204\004\000\f\033\020\3013\000\023\006\000\t`\314\030\024\357Q\204\004\000\f7\004\005\030L\030\000\263\f\201\020L\030\000\263\004\303\204\0010b`\034 \b\006\210\027\006\312\204\0010K0L\030\000\263\004\304\214A!\037EH\000\000\021`\314\030\024\362\321\204\004\000t8\004\2225a\000Pp\346\204\001p\301\245\023\006\300pC\200\201\301\204\001\220\001\213\t\003`\272\001\273\204\t\003`\270!\300\302`\306\240\220\017>\b\t\000\230e0\212`\306\240\220\017S\b\t\000 \006\214\031\203B>T!$\000\240\303!\320\274\t\003\200\2023'\f\200\013:\2350\000\206\033\002\017\f&\f\200\fXL\030\000\323\r`\360\t\023\006\300pC\000\006a0cP\310G>\204\004\000\314\022\0303\006\205|\230BH\000\300@E\343\006\204P\3142\034J0cP\310G\021\022\0000b@\000 \b\006J\033\314\030\024\363\341\214\004\000Pu\306\214A1\037\335H\000\300\tA\314\030\024\363\261\215\004\000\f7\004\235\030\314\030\024\363\201\006#\001\000\263\fH\022\314\030\024\363\321\210\004\000\f\033\020\232\030\004\300\214AA\037\rI\000\300,\3012a\000\314\022\0203\006\205|\024!\001\000\224\2011cP\344G\021\022\000\320\341\020\234\301\031L\030\000\303\006D\360\r\301\204\0010l@pc\020\0003\006\005\177\024!\001\000\263\004\313\204\001@\\\b3\006E\177\004!\001\000\033L\030\000\0011\000\003\000\000\000[\004\000$\266\fi \221\004\000\000\000\000\000\000a \000\000b\000\000\000\023\004D<\f\000\000\000\027\000\000\000\"G\310\220Q\006\204\005\022\000\000\000LL_IWDG_IRQHandler\000\000\253\250\203\035@\002`\007\033\351\207\033\001\020\000D\364\000\000\364\001\000\000`V\021\204\004;\340H2\253\bD\202\035pD$\306)BH\270\001;\330\310.\004\000\000L\020\000\n\000\000\0003\021\300\361\214\302\260\001\021\b\0030bp\000 \b\006\306\024\363\377\377\377\203\314\377\377\377\017m\377\377\377?\314\030\0246r\006!\001\000\024\2001cP\340\210\"\022\000\320\341\020\030\307\204\001@\301\231\023\006\300\005\213N\030\000\303\r\001\003\006\023\006@\006,&\f\200\351\006f\021&\f\200\341\206\200\t\203\031\203\002G\370@$\000`\226!\030\202\031\203\002GLA$\000\200\0220f\f\n\034Q\005\221\000\200\016\207\300\221&\f\000\n\316\2340\000.\240t\302\000\030n\b*0\2300\0002`1a\000L7P\2230a\000\f7\004T\030\314\030\0248r\017\"\001\000\263\f\302\020\314\030\0248\222\204\004\000P\004\306\214A\241#\311H\000@\207C`i\023\006\300\260\001\021lC0a\000\320\004\306\214A\321#a0\022\0000bP  \b\006\211\027\314\030\024=\222\214\004\000\314\022\f3\006\205\217\024#\001\000:cP\374H\020\022\000\020\020\003\000\000\000\002\000\000\000[\004\000$\000\000\000\000\000\000\000\000a \000\000,\000\000\000\023\004A<\f\000\000\000\024\000\000\000\"G\310\220Q\006\304\006\027\000\000\000LL_IWDG_TimeOutCallBack\000\253\250\203\035@\002`\0073\351\2073\001\020\000D\364\000\000\364\001\000\000`\234\"\204\204\033\260\203\231\354B\000\000\300\004\001\240\000\000\000\0003\021\300\361\214\302\260\001\021\b\0030bp\000 \b\006\3064\363\377\377\377\003\315\377\377\377\017m\377\377\377?\314\030\024f2\007!\001\000\024\2001cP\244I\021\022\000\2403\006\205\233\004!\001\000\0011\000\000\000\002\000\000\000[\004\000$\000\000\000\000\000\000\000\000q \000\000\b\000\000\0002\016\020\"\204\001\347\nH\260\352\200\006\327\016x\360\372\200\b\334\017\230\260\030\201\n\357\021\000\000\000\000\000\000\000e\f\000\000[\000\000\000\022\003\224\340\002\000\000\000\003\000\000\000\235\000\000\000\t\000\000\000L\000\000\000\001\000\000\000X\000\000\000\000\000\000\000X\000\000\000\013\000\000\000`\001\000\000\000\000\000\000\246\000\000\000\026\000\000\000\274\000\000\000;\000\000\000\004\000\000\000\000\000\000\000`\001\000\000\000\000\000\000\000\000\000\000\013\000\000\000\000\000\000\000\004\000\000\000\f\000\000\000\004\000\000\000\f\000\000\000\377\377\377\377\001$\000\000\020\000\000\000\020\000\000\000\020\000\000\000\020\000\000\000\377\377\377\377\b,\000\000 \000\000\000\r\000\000\000 \000\000\000\r\000\000\000\377\377\377\377\b$\000\000-\000\000\000\017\000\000\000-\000\000\000\017\000\000\000\377\377\377\377\021$\000\000<\000\000\000\n\000\000\000<\000\000\000\n\000\000\000\377\377\377\377\b$\000\000F\000\000\000\016\000\000\000F\000\000\000\016\000\000\000\377\377\377\377\001$\000\000T\000\000\000\021\000\000\000T\000\000\000\021\000\000\000\377\377\377\377\021$\000\000e\000\000\000\017\000\000\000e\000\000\000\017\000\000\000\377\377\377\377\001$\000\000t\000\000\000\022\000\000\000t\000\000\000\022\000\000\000\377\377\377\377\001$\000\000\206\000\000\000\027\000\000\000\206\000\000\000\027\000\000\000\377\377\377\377\021$\000\000\367\000\000\000\006\000\000\000\000\000\000\000\004\000\000\000\377\377\377\377\000\030\000\000\000\000\000\000]\f\000\000C\000\000\000\022\003\224\375\001\000\000\000.strLL_IWDG_Initllvm.dbg.declareassert_failedLL_IWDG_MspInitLL_GetTickLL_IWDG_DeInitLL_IWDG_MspDeInitLL_IWDG_RefreshLL_IWDG_IRQHandlerLL_IWDG_TimeOutCallBack16.0.0gitthumbv7m-arm-none-eabi../../../Drivers/TAE32F53xx_Driver/Src/tae32f53xx_ll_iwdg.c.L.str\000\000\000\000\000\000"
	.size	.Lllvm.embedded.module, 10024

	.section	.debug_abbrev,"",%progbits
	.byte	1                               @ Abbreviation Code
	.byte	17                              @ DW_TAG_compile_unit
	.byte	1                               @ DW_CHILDREN_yes
	.byte	37                              @ DW_AT_producer
	.byte	14                              @ DW_FORM_strp
	.byte	19                              @ DW_AT_language
	.byte	5                               @ DW_FORM_data2
	.byte	3                               @ DW_AT_name
	.byte	14                              @ DW_FORM_strp
	.byte	16                              @ DW_AT_stmt_list
	.byte	23                              @ DW_FORM_sec_offset
	.byte	27                              @ DW_AT_comp_dir
	.byte	14                              @ DW_FORM_strp
	.byte	0                               @ EOM(1)
	.byte	0                               @ EOM(2)
	.byte	2                               @ Abbreviation Code
	.byte	52                              @ DW_TAG_variable
	.byte	0                               @ DW_CHILDREN_no
	.byte	73                              @ DW_AT_type
	.byte	19                              @ DW_FORM_ref4
	.byte	58                              @ DW_AT_decl_file
	.byte	11                              @ DW_FORM_data1
	.byte	59                              @ DW_AT_decl_line
	.byte	11                              @ DW_FORM_data1
	.byte	0                               @ EOM(1)
	.byte	0                               @ EOM(2)
	.byte	3                               @ Abbreviation Code
	.byte	1                               @ DW_TAG_array_type
	.byte	1                               @ DW_CHILDREN_yes
	.byte	73                              @ DW_AT_type
	.byte	19                              @ DW_FORM_ref4
	.byte	0                               @ EOM(1)
	.byte	0                               @ EOM(2)
	.byte	4                               @ Abbreviation Code
	.byte	33                              @ DW_TAG_subrange_type
	.byte	0                               @ DW_CHILDREN_no
	.byte	73                              @ DW_AT_type
	.byte	19                              @ DW_FORM_ref4
	.byte	55                              @ DW_AT_count
	.byte	11                              @ DW_FORM_data1
	.byte	0                               @ EOM(1)
	.byte	0                               @ EOM(2)
	.byte	5                               @ Abbreviation Code
	.byte	36                              @ DW_TAG_base_type
	.byte	0                               @ DW_CHILDREN_no
	.byte	3                               @ DW_AT_name
	.byte	14                              @ DW_FORM_strp
	.byte	62                              @ DW_AT_encoding
	.byte	11                              @ DW_FORM_data1
	.byte	11                              @ DW_AT_byte_size
	.byte	11                              @ DW_FORM_data1
	.byte	0                               @ EOM(1)
	.byte	0                               @ EOM(2)
	.byte	6                               @ Abbreviation Code
	.byte	36                              @ DW_TAG_base_type
	.byte	0                               @ DW_CHILDREN_no
	.byte	3                               @ DW_AT_name
	.byte	14                              @ DW_FORM_strp
	.byte	11                              @ DW_AT_byte_size
	.byte	11                              @ DW_FORM_data1
	.byte	62                              @ DW_AT_encoding
	.byte	11                              @ DW_FORM_data1
	.byte	0                               @ EOM(1)
	.byte	0                               @ EOM(2)
	.byte	7                               @ Abbreviation Code
	.byte	4                               @ DW_TAG_enumeration_type
	.byte	1                               @ DW_CHILDREN_yes
	.byte	73                              @ DW_AT_type
	.byte	19                              @ DW_FORM_ref4
	.byte	11                              @ DW_AT_byte_size
	.byte	11                              @ DW_FORM_data1
	.byte	58                              @ DW_AT_decl_file
	.byte	11                              @ DW_FORM_data1
	.byte	59                              @ DW_AT_decl_line
	.byte	11                              @ DW_FORM_data1
	.byte	0                               @ EOM(1)
	.byte	0                               @ EOM(2)
	.byte	8                               @ Abbreviation Code
	.byte	40                              @ DW_TAG_enumerator
	.byte	0                               @ DW_CHILDREN_no
	.byte	3                               @ DW_AT_name
	.byte	14                              @ DW_FORM_strp
	.byte	28                              @ DW_AT_const_value
	.byte	15                              @ DW_FORM_udata
	.byte	0                               @ EOM(1)
	.byte	0                               @ EOM(2)
	.byte	9                               @ Abbreviation Code
	.byte	15                              @ DW_TAG_pointer_type
	.byte	0                               @ DW_CHILDREN_no
	.byte	73                              @ DW_AT_type
	.byte	19                              @ DW_FORM_ref4
	.byte	0                               @ EOM(1)
	.byte	0                               @ EOM(2)
	.byte	10                              @ Abbreviation Code
	.byte	22                              @ DW_TAG_typedef
	.byte	0                               @ DW_CHILDREN_no
	.byte	73                              @ DW_AT_type
	.byte	19                              @ DW_FORM_ref4
	.byte	3                               @ DW_AT_name
	.byte	14                              @ DW_FORM_strp
	.byte	58                              @ DW_AT_decl_file
	.byte	11                              @ DW_FORM_data1
	.byte	59                              @ DW_AT_decl_line
	.byte	5                               @ DW_FORM_data2
	.byte	0                               @ EOM(1)
	.byte	0                               @ EOM(2)
	.byte	11                              @ Abbreviation Code
	.byte	19                              @ DW_TAG_structure_type
	.byte	1                               @ DW_CHILDREN_yes
	.byte	11                              @ DW_AT_byte_size
	.byte	11                              @ DW_FORM_data1
	.byte	58                              @ DW_AT_decl_file
	.byte	11                              @ DW_FORM_data1
	.byte	59                              @ DW_AT_decl_line
	.byte	5                               @ DW_FORM_data2
	.byte	0                               @ EOM(1)
	.byte	0                               @ EOM(2)
	.byte	12                              @ Abbreviation Code
	.byte	13                              @ DW_TAG_member
	.byte	0                               @ DW_CHILDREN_no
	.byte	3                               @ DW_AT_name
	.byte	14                              @ DW_FORM_strp
	.byte	73                              @ DW_AT_type
	.byte	19                              @ DW_FORM_ref4
	.byte	58                              @ DW_AT_decl_file
	.byte	11                              @ DW_FORM_data1
	.byte	59                              @ DW_AT_decl_line
	.byte	5                               @ DW_FORM_data2
	.byte	56                              @ DW_AT_data_member_location
	.byte	11                              @ DW_FORM_data1
	.byte	0                               @ EOM(1)
	.byte	0                               @ EOM(2)
	.byte	13                              @ Abbreviation Code
	.byte	53                              @ DW_TAG_volatile_type
	.byte	0                               @ DW_CHILDREN_no
	.byte	73                              @ DW_AT_type
	.byte	19                              @ DW_FORM_ref4
	.byte	0                               @ EOM(1)
	.byte	0                               @ EOM(2)
	.byte	14                              @ Abbreviation Code
	.byte	22                              @ DW_TAG_typedef
	.byte	0                               @ DW_CHILDREN_no
	.byte	73                              @ DW_AT_type
	.byte	19                              @ DW_FORM_ref4
	.byte	3                               @ DW_AT_name
	.byte	14                              @ DW_FORM_strp
	.byte	58                              @ DW_AT_decl_file
	.byte	11                              @ DW_FORM_data1
	.byte	59                              @ DW_AT_decl_line
	.byte	11                              @ DW_FORM_data1
	.byte	0                               @ EOM(1)
	.byte	0                               @ EOM(2)
	.byte	0                               @ EOM(3)
	.section	.debug_info,"",%progbits
.Lcu_begin0:
	.long	.Ldebug_info_end0-.Ldebug_info_start0 @ Length of Unit
.Ldebug_info_start0:
	.short	4                               @ DWARF version number
	.long	.debug_abbrev                   @ Offset Into Abbrev. Section
	.byte	4                               @ Address Size (in bytes)
	.byte	1                               @ Abbrev [1] 0xb:0x145 DW_TAG_compile_unit
	.long	.Linfo_string0                  @ DW_AT_producer
	.short	12                              @ DW_AT_language
	.long	.Linfo_string1                  @ DW_AT_name
	.long	.Lline_table_start0             @ DW_AT_stmt_list
	.long	.Linfo_string2                  @ DW_AT_comp_dir
	.byte	2                               @ Abbrev [2] 0x1e:0x7 DW_TAG_variable
	.long	37                              @ DW_AT_type
	.byte	1                               @ DW_AT_decl_file
	.byte	101                             @ DW_AT_decl_line
	.byte	3                               @ Abbrev [3] 0x25:0xc DW_TAG_array_type
	.long	49                              @ DW_AT_type
	.byte	4                               @ Abbrev [4] 0x2a:0x6 DW_TAG_subrange_type
	.long	56                              @ DW_AT_type
	.byte	60                              @ DW_AT_count
	.byte	0                               @ End Of Children Mark
	.byte	5                               @ Abbrev [5] 0x31:0x7 DW_TAG_base_type
	.long	.Linfo_string3                  @ DW_AT_name
	.byte	8                               @ DW_AT_encoding
	.byte	1                               @ DW_AT_byte_size
	.byte	6                               @ Abbrev [6] 0x38:0x7 DW_TAG_base_type
	.long	.Linfo_string4                  @ DW_AT_name
	.byte	8                               @ DW_AT_byte_size
	.byte	7                               @ DW_AT_encoding
	.byte	7                               @ Abbrev [7] 0x3f:0x27 DW_TAG_enumeration_type
	.long	102                             @ DW_AT_type
	.byte	1                               @ DW_AT_byte_size
	.byte	2                               @ DW_AT_decl_file
	.byte	73                              @ DW_AT_decl_line
	.byte	8                               @ Abbrev [8] 0x47:0x6 DW_TAG_enumerator
	.long	.Linfo_string6                  @ DW_AT_name
	.byte	0                               @ DW_AT_const_value
	.byte	8                               @ Abbrev [8] 0x4d:0x6 DW_TAG_enumerator
	.long	.Linfo_string7                  @ DW_AT_name
	.byte	1                               @ DW_AT_const_value
	.byte	8                               @ Abbrev [8] 0x53:0x6 DW_TAG_enumerator
	.long	.Linfo_string8                  @ DW_AT_name
	.byte	2                               @ DW_AT_const_value
	.byte	8                               @ Abbrev [8] 0x59:0x6 DW_TAG_enumerator
	.long	.Linfo_string9                  @ DW_AT_name
	.byte	3                               @ DW_AT_const_value
	.byte	8                               @ Abbrev [8] 0x5f:0x6 DW_TAG_enumerator
	.long	.Linfo_string10                 @ DW_AT_name
	.byte	4                               @ DW_AT_const_value
	.byte	0                               @ End Of Children Mark
	.byte	5                               @ Abbrev [5] 0x66:0x7 DW_TAG_base_type
	.long	.Linfo_string5                  @ DW_AT_name
	.byte	8                               @ DW_AT_encoding
	.byte	1                               @ DW_AT_byte_size
	.byte	7                               @ Abbrev [7] 0x6d:0x39 DW_TAG_enumeration_type
	.long	102                             @ DW_AT_type
	.byte	1                               @ DW_AT_byte_size
	.byte	3                               @ DW_AT_decl_file
	.byte	51                              @ DW_AT_decl_line
	.byte	8                               @ Abbrev [8] 0x75:0x6 DW_TAG_enumerator
	.long	.Linfo_string11                 @ DW_AT_name
	.byte	0                               @ DW_AT_const_value
	.byte	8                               @ Abbrev [8] 0x7b:0x6 DW_TAG_enumerator
	.long	.Linfo_string12                 @ DW_AT_name
	.byte	1                               @ DW_AT_const_value
	.byte	8                               @ Abbrev [8] 0x81:0x6 DW_TAG_enumerator
	.long	.Linfo_string13                 @ DW_AT_name
	.byte	2                               @ DW_AT_const_value
	.byte	8                               @ Abbrev [8] 0x87:0x6 DW_TAG_enumerator
	.long	.Linfo_string14                 @ DW_AT_name
	.byte	3                               @ DW_AT_const_value
	.byte	8                               @ Abbrev [8] 0x8d:0x6 DW_TAG_enumerator
	.long	.Linfo_string15                 @ DW_AT_name
	.byte	4                               @ DW_AT_const_value
	.byte	8                               @ Abbrev [8] 0x93:0x6 DW_TAG_enumerator
	.long	.Linfo_string16                 @ DW_AT_name
	.byte	5                               @ DW_AT_const_value
	.byte	8                               @ Abbrev [8] 0x99:0x6 DW_TAG_enumerator
	.long	.Linfo_string17                 @ DW_AT_name
	.byte	6                               @ DW_AT_const_value
	.byte	8                               @ Abbrev [8] 0x9f:0x6 DW_TAG_enumerator
	.long	.Linfo_string18                 @ DW_AT_name
	.byte	7                               @ DW_AT_const_value
	.byte	0                               @ End Of Children Mark
	.byte	7                               @ Abbrev [7] 0xa6:0x15 DW_TAG_enumeration_type
	.long	102                             @ DW_AT_type
	.byte	1                               @ DW_AT_byte_size
	.byte	3                               @ DW_AT_decl_file
	.byte	66                              @ DW_AT_decl_line
	.byte	8                               @ Abbrev [8] 0xae:0x6 DW_TAG_enumerator
	.long	.Linfo_string19                 @ DW_AT_name
	.byte	0                               @ DW_AT_const_value
	.byte	8                               @ Abbrev [8] 0xb4:0x6 DW_TAG_enumerator
	.long	.Linfo_string20                 @ DW_AT_name
	.byte	1                               @ DW_AT_const_value
	.byte	0                               @ End Of Children Mark
	.byte	7                               @ Abbrev [7] 0xbb:0x15 DW_TAG_enumeration_type
	.long	102                             @ DW_AT_type
	.byte	1                               @ DW_AT_byte_size
	.byte	2                               @ DW_AT_decl_file
	.byte	85                              @ DW_AT_decl_line
	.byte	8                               @ Abbrev [8] 0xc3:0x6 DW_TAG_enumerator
	.long	.Linfo_string21                 @ DW_AT_name
	.byte	0                               @ DW_AT_const_value
	.byte	8                               @ Abbrev [8] 0xc9:0x6 DW_TAG_enumerator
	.long	.Linfo_string22                 @ DW_AT_name
	.byte	1                               @ DW_AT_const_value
	.byte	0                               @ End Of Children Mark
	.byte	9                               @ Abbrev [9] 0xd0:0x5 DW_TAG_pointer_type
	.long	213                             @ DW_AT_type
	.byte	10                              @ Abbrev [10] 0xd5:0xc DW_TAG_typedef
	.long	225                             @ DW_AT_type
	.long	.Linfo_string30                 @ DW_AT_name
	.byte	5                               @ DW_AT_decl_file
	.short	286                             @ DW_AT_decl_line
	.byte	11                              @ Abbrev [11] 0xe1:0x47 DW_TAG_structure_type
	.byte	20                              @ DW_AT_byte_size
	.byte	5                               @ DW_AT_decl_file
	.short	279                             @ DW_AT_decl_line
	.byte	12                              @ Abbrev [12] 0xe6:0xd DW_TAG_member
	.long	.Linfo_string23                 @ DW_AT_name
	.long	296                             @ DW_AT_type
	.byte	5                               @ DW_AT_decl_file
	.short	281                             @ DW_AT_decl_line
	.byte	0                               @ DW_AT_data_member_location
	.byte	12                              @ Abbrev [12] 0xf3:0xd DW_TAG_member
	.long	.Linfo_string26                 @ DW_AT_name
	.long	296                             @ DW_AT_type
	.byte	5                               @ DW_AT_decl_file
	.short	282                             @ DW_AT_decl_line
	.byte	4                               @ DW_AT_data_member_location
	.byte	12                              @ Abbrev [12] 0x100:0xd DW_TAG_member
	.long	.Linfo_string27                 @ DW_AT_name
	.long	296                             @ DW_AT_type
	.byte	5                               @ DW_AT_decl_file
	.short	283                             @ DW_AT_decl_line
	.byte	8                               @ DW_AT_data_member_location
	.byte	12                              @ Abbrev [12] 0x10d:0xd DW_TAG_member
	.long	.Linfo_string28                 @ DW_AT_name
	.long	296                             @ DW_AT_type
	.byte	5                               @ DW_AT_decl_file
	.short	284                             @ DW_AT_decl_line
	.byte	12                              @ DW_AT_data_member_location
	.byte	12                              @ Abbrev [12] 0x11a:0xd DW_TAG_member
	.long	.Linfo_string29                 @ DW_AT_name
	.long	296                             @ DW_AT_type
	.byte	5                               @ DW_AT_decl_file
	.short	285                             @ DW_AT_decl_line
	.byte	16                              @ DW_AT_data_member_location
	.byte	0                               @ End Of Children Mark
	.byte	13                              @ Abbrev [13] 0x128:0x5 DW_TAG_volatile_type
	.long	301                             @ DW_AT_type
	.byte	14                              @ Abbrev [14] 0x12d:0xb DW_TAG_typedef
	.long	312                             @ DW_AT_type
	.long	.Linfo_string25                 @ DW_AT_name
	.byte	4                               @ DW_AT_decl_file
	.byte	64                              @ DW_AT_decl_line
	.byte	5                               @ Abbrev [5] 0x138:0x7 DW_TAG_base_type
	.long	.Linfo_string24                 @ DW_AT_name
	.byte	7                               @ DW_AT_encoding
	.byte	4                               @ DW_AT_byte_size
	.byte	9                               @ Abbrev [9] 0x13f:0x5 DW_TAG_pointer_type
	.long	324                             @ DW_AT_type
	.byte	14                              @ Abbrev [14] 0x144:0xb DW_TAG_typedef
	.long	102                             @ DW_AT_type
	.long	.Linfo_string31                 @ DW_AT_name
	.byte	4                               @ DW_AT_decl_file
	.byte	62                              @ DW_AT_decl_line
	.byte	0                               @ End Of Children Mark
.Ldebug_info_end0:
	.section	.debug_str,"MS",%progbits,1
.Linfo_string0:
	.asciz	"Component: Arm Compiler for Embedded 6.19 Tool: armclang [5e73cb00]" @ string offset=0
.Linfo_string1:
	.asciz	"../../../Drivers/TAE32F53xx_Driver/Src\\tae32f53xx_ll_iwdg.c" @ string offset=68
.Linfo_string2:
	.asciz	"C:\\Users\\11841\\Documents\\svn\\\346\225\260\345\255\227\347\224\265\346\272\220\347\240\224\345\217\221\351\203\250\\11_FAE\\Wuwenzhan\\TAE32F53xx_FW_ReleaseV1.4.7\\ProjectTemplate\\Project\\MDK" @ string offset=128
.Linfo_string3:
	.asciz	"char"                          @ string offset=252
.Linfo_string4:
	.asciz	"__ARRAY_SIZE_TYPE__"           @ string offset=257
.Linfo_string5:
	.asciz	"unsigned char"                 @ string offset=277
.Linfo_string6:
	.asciz	"LL_OK"                         @ string offset=291
.Linfo_string7:
	.asciz	"LL_ERROR"                      @ string offset=297
.Linfo_string8:
	.asciz	"LL_BUSY"                       @ string offset=306
.Linfo_string9:
	.asciz	"LL_TIMEOUT"                    @ string offset=314
.Linfo_string10:
	.asciz	"LL_FAILED"                     @ string offset=325
.Linfo_string11:
	.asciz	"IWDG_PRESCALER_4"              @ string offset=335
.Linfo_string12:
	.asciz	"IWDG_PRESCALER_8"              @ string offset=352
.Linfo_string13:
	.asciz	"IWDG_PRESCALER_16"             @ string offset=369
.Linfo_string14:
	.asciz	"IWDG_PRESCALER_32"             @ string offset=387
.Linfo_string15:
	.asciz	"IWDG_PRESCALER_64"             @ string offset=405
.Linfo_string16:
	.asciz	"IWDG_PRESCALER_128"            @ string offset=423
.Linfo_string17:
	.asciz	"IWDG_PRESCALER_256"            @ string offset=442
.Linfo_string18:
	.asciz	"IWDG_PRESCALER_512"            @ string offset=461
.Linfo_string19:
	.asciz	"IWDG_MODE_RESET"               @ string offset=480
.Linfo_string20:
	.asciz	"IWDG_MODE_INTERRUPT"           @ string offset=496
.Linfo_string21:
	.asciz	"RESET"                         @ string offset=516
.Linfo_string22:
	.asciz	"SET"                           @ string offset=522
.Linfo_string23:
	.asciz	"KEYR"                          @ string offset=526
.Linfo_string24:
	.asciz	"unsigned int"                  @ string offset=531
.Linfo_string25:
	.asciz	"uint32_t"                      @ string offset=544
.Linfo_string26:
	.asciz	"CR"                            @ string offset=553
.Linfo_string27:
	.asciz	"RLR"                           @ string offset=556
.Linfo_string28:
	.asciz	"PSCR"                          @ string offset=560
.Linfo_string29:
	.asciz	"SR"                            @ string offset=565
.Linfo_string30:
	.asciz	"IWDG_TypeDef"                  @ string offset=568
.Linfo_string31:
	.asciz	"uint8_t"                       @ string offset=581
	.ident	"Component: Arm Compiler for Embedded 6.19 Tool: armclang [5e73cb00]"
	.section	".note.GNU-stack","",%progbits
	.ARM_attribute	16, 1	@ Tag_AV_eba
	.section	.debug_line,"",%progbits
.Lline_table_start0:
