	.text
	.syntax unified
	.eabi_attribute	67, "2.09"	@ Tag_conformance
	.cpu	cortex-m3
	.eabi_attribute	6, 10	@ Tag_CPU_arch
	.eabi_attribute	7, 77	@ Tag_CPU_arch_profile
	.eabi_attribute	8, 0	@ Tag_ARM_ISA_use
	.eabi_attribute	9, 2	@ Tag_THUMB_ISA_use
	.eabi_attribute	34, 1	@ Tag_CPU_unaligned_access
	.eabi_attribute	17, 1	@ Tag_ABI_PCS_GOT_use
	.eabi_attribute	20, 2	@ Tag_ABI_FP_denormal
	.eabi_attribute	21, 0	@ Tag_ABI_FP_exceptions
	.eabi_attribute	23, 1	@ Tag_ABI_FP_number_model
	.eabi_attribute	24, 1	@ Tag_ABI_align_needed
	.eabi_attribute	25, 1	@ Tag_ABI_align_preserved
	.eabi_attribute	38, 1	@ Tag_ABI_FP_16bit_format
	.eabi_attribute	18, 2	@ Tag_ABI_PCS_wchar_t
	.eabi_attribute	26, 1	@ Tag_ABI_enum_size
	.eabi_attribute	14, 0	@ Tag_ABI_PCS_R9_use
	.file	"tae32f53xx_ll_lvdctrl.c"
	.file	1 "C:\\Users\\11841\\Documents\\svn\\\346\225\260\345\255\227\347\224\265\346\272\220\347\240\224\345\217\221\351\203\250\\11_FAE\\Wuwenzhan\\TAE32F53xx_FW_ReleaseV1.4.7\\ProjectTemplate\\Project\\MDK" "../../../Drivers/TAE32F53xx_Driver/Inc/tae32f53xx_ll_def.h"
	.type	.Lllvm.embedded.module,%object  @ @llvm.embedded.module
	.section	.llvmbc,"",%progbits
	.p2align	4, 0x0
.Lllvm.embedded.module:
	.asciz	"BC\300\3365\024\000\000\005\000\000\000b\f0$MY\276f\255\373\264O\033\310$D\0012\005\000!\f\000\0000\005\000\000\013\002!\000\002\000\000\000\026\000\000\000\007\201#\221A\310\004I\006\02029\222\001\204\f%\005\b\031\036\004\213b\200\020E\002B\222\013B\204\0202\0248\b\030K\n2B\210Hp\304!#D\022\207\214\020A\222\002d\310\b\261\024 CF\210 \311\0012B\204\030*(*\2201|\260\\\221 \304\310\000\000\000\211 \000\000\023\000\000\0002\"\b\t bF\000!+$\230\020!%$\230\020\031'\f\205\244\220`Bd\\ $d\202`\2519\002\304\b\001#\000\003\001\206\030\"2\302\300\034\001\030\240$M\021%L~\371v\177\213=DG\024I\270\233#\b\246\000\000\000Q\030\000\000\354\000\000\000\033\326)\370\377\377\377\377\001p\000\t(\003\202\034\312\301\035\336A\036\332!\034\330\241\r\314\001\036\332\240\035\302\201\036\320\001\200\007y(\207y(\007y\260\207rh\203yH\207sp\0076\200\007y(\207y(\007y\260\207rh\203yH\207sp\007\2000\007y\b\207v(\2076\200\207wH\007w\240\207r\220\007\300\035\336\301\035\312\001 \332!\035\334\241\r\330\241\034\316!\034\330\241\r\354\241\034\306\201\036\336A\036\332\340\036\322\201\034\350\001\035\0008\000\bwx\2076H\007w0\207yh\003s\200\2076h\207p\240\007t\000\350A\036\352\241\034\000\302\035\336\241\r\334!\034\334a\036\332\300\034\340\241\r\332!\034\350\001\035\000z\220\207z(\007\200p\207wh\203yH\207sp\207r \2076\320\207r\220\207w\230\20760\007xh\203v\b\007z@\007\200\036\344\241\036\312\001 \346\201\036\302a\034\326\241\r\340A\036\336\201\036\312a\034\350\341\035\344\241\r\304\241\036\314\301\034\312A\036\332`\036\322A\037\312\001\300\003\200\240\207p\220\207s(\007zh\203q\200\207z\000\306\341\035\344\201\036\312\001\037\332\240\035\346\000 \350!\034\344\341\034\312\201\036\332\300\034\312!\034\350\241\036\344\241\034\346\001X\203p\220\207v\260\207;h\203v`\2035@\207{ \207t\260\0076X\003z@\207zh\007qh\203vx\007r(\0076h\203p(\207y`\2036\020\007s\210\003;`\2036\030\007r(\207q\200\0078`\2036\030\007r(\207q\200\2078`\2036\030\007r(\207q\200\0079`\2036\030\007r(\207q\200\2079`\2036\030\007r(\207q\200\007:`\2036\030\007r(\207q\200\207:`\2036\030\007r(\207q\200\007;`\2036\030\007r(\207q\200\207;`\2036\030\007y\030\0076h\203q\220\207|\200\007zx\0076h\003r\230\0039`\2036 \207w\240\007x\220\207w \0076h\003r\230\007x`\20360\207q(\0076h\003s\200\2076\b\007yh\007{\300\0036h\003s\200\2076\b\007yh\007{\300\003r\210\003;`\20360\007xh\203p\220\207v\260\007< \2078\260\203y\200\0076h\003s\200\2076\b\007yh\007{\300\203y\200\0076h\003s\200\2078\260\0036h\003s\200\2078\260\003sh\007v`\20360\007x\260\003:`\20360\007x\220\207r8\207y`\20360\207z`\007v0\007x\210\003;`\2036@\207{ \207t\260\2076\b\007yh\0076h\203t\300\203vh\0076h\003vx\007q`\2036h\007{(\0076h\203v\260\207rp\003s\200\0076h\003w(\207wp\0076h\003x\b\207q\020\007zH\0076h\003y\b\207y`\2036\230\007q`\2036\230\007t\b\0079`\2036\260\007s\200\0079`\2036\260\007s\200\0079\230\007x`\2036\260\007s\200\2079`\2036\260\007s\200\2079 \2078\260\0036h\003{0\007x\230\003r\210\003;\230\007x`\2036\260\007s\200\2079\230\007x`\2036\260\007s\200\007:`\2036\260\007s\200\007: \2078\260\0036h\003{0\007x\240\003r\210\003;\230\007x`\2036\260\007s\200\007:\230\007x\0006\020\002\000\210\301\006b\b\000R\330\000\021\377\377\377\377?\000\247\000\370\001\360\007\200\004P@\035\000}\000I\030\000\000\004\000\000\000\023\206@\030&\004\304\004!\030&\004\003\000\000\000\023,z@\207zh\007q\260\207;h\2076\b\007yh\2076p\207wp\207rh\203r\b\007qH\207\rsP\016m\320\016zP\016m\000\017z0\007r\240\007s \007m`\n\351\200\007m\220\016v@\007z`\007t\320\006\366\020\007r\200\007z`\007t\240\007q \007x\320\006\341\240\007p\240\007s \007m\340\016s \007m0\013v@\007\032!L\016\375\300\345z\271\\/\227\353E\224\247\355e\371\374E\r\026g2cm\206\307\177\211\362\264\275,\177M\345\343\027=\\\236\311\314\265\031\036\377e\263\277l;yL\227\263]\343!\025\260\b\000\000\004\000\020\000\000\000\000\000\020\000\0130\244Z\240\002\b\000\001\000\000\000\000\000\000\000\000`\001\206T\233c\000\0004\000@\000\000\000\000\000@\000,\300\220*\r\032\001\000\200\000\000\002\000\000\000\000\000\002`\001\206Tv\000\031\000\000\r\000\020\000\000\000\000\000\020\000\0130\2442\205\312\000\000`\000\200\000\000\000\000\000\200\000X\000\211\r\002Ec\n\000\000\262@\007\000\000\0002\036\230\020\031\021L\220\214\t&G\306\004C\272r(\204\"(\203\022\030\001\000\000\000\261\030\000\000\265\000\000\0003\b\200\034\304\341\034f\024\001=\210C8\204\303\214B\200\007yx\007s\230q\f\346\000\017\355\020\016\364\200\0163\fB\036\302\301\035\316\241\034f0\005=\210C8\204\203\033\314\003=\310C=\214\003=\314x\214tp\007{\b\007yH\207pp\007zp\003vx\207p \207\031\314\021\016\354\220\016\3410\017n0\017\343\360\016\360P\0163\020\304\035\336!\034\330!\035\302a\036f0\211;\274\203;\320C9\264\003<\274\203<\204\003;\314\360\024v`\007{h\0077h\207rh\0077\200\207p\220\207p`\007v(\007v\370\005vx\207w\200\207_\b\207q\030\207r\230\207y\230\201,\356\360\016\356\340\016\365\300\016\3540\003b\310\241\034\344\241\034\314\241\034\344\241\034\334a\034\312!\034\304\201\035\312a\006\326\220C9\310C9\230C9\310C9\270\3038\224C8\210\003;\224\303/\274\203<\374\202;\324\003;\260\303\f\307i\207pX\207rp\203th\007x`\207t\030\207t\240\207\031\316S\017\356\000\017\362P\016\344\220\016\343@\017\341 \016\354P\0163 (\035\334\301\036\302A\036\322!\034\334\201\036\334\340\034\344\341\035\352\001\036f\030Q8\260C:\234\203;\314P$v`\007{h\0077`\207wx\007x\230QL\364\220\017\360P\0163\036j\036\312a\034\350!\035\336\301\035~\001\036\344\241\034\314!\035\360a\006T\205\2038\314\303;\260C=\320C9\374\302<\344C;\210\303;\260\303\214\305\n\207y\230\207w\030\207t\b\007z(\007r\230\201\\\343\020\016\354\300\016\345P\016\3630#\301\322A\036\344\341\027\330\341\035\336\001\036fH\031;\260\203=\264\203\033\204\3038\214C9\314\303<\270\3019\310\303;\324\003<\314H\264q\b\007v`\007q\b\207qX\207\031\333\306\016\354`\017\355\340\006\360 \017\3450\017\345 \017\366P\016n\020\016\3430\016\3450\017\363\340\006\351\340\016\344P\016\3700#\342\354a\034\302\201\035\330\341\027\354!\035\346!\035\304!\035\330!\035\350!\037f \235;\274C=\270\0039\224\2039\314X\274pp\007wx\007z\b\007zH\207wp\207\031\313\347\016\3570\017\341\340\016\351@\017\351\240\017\3450\303\001\003s\250\007w\030\207_\230\207pp\207t\240\207t\320\207r\230\201\204A9\340\3038\260C=\220C9\314@\304\240\035\312\241\035\340A\036\336\301\034f$c0\016\341\300\016\3540\017\351@\017\3450C!\203u\030\007sH\207_\240\207|\200\207r\230\261\224\001<\214\303<\224\3038\320C:\274\203;\314\003\000\000\000y \000\0009\001\000\000r\036H C\210\f\031\tr2H #\201\214\221\221\321D\240\020(d<12B\216\220!\243\310q\272\005~\260\017\243\240\007M\201\034J\322HJ#I\023\341\007\321\035,\304\033 \314\200\000\000../../../Drivers/TAE32F53xx_Driver/Src\\tae32f53xx_ll_lvdctrl.cC:\\Users\\11841\\Documents\\svn\\\346\225\260\345\255\227\347\224\265\346\272\220\347\240\224\345\217\221\351\203\250\\11_FAE\\Wuwenzhan\\TAE32F53xx_FW_ReleaseV1.4.7\\ProjectTemplate\\Project\\MDKComponent: Arm Compiler for Embedded 6.19 Tool: armclang [5e73cb00]../../../Drivers/TAE32F53xx_Driver/Inc/tae32f53xx_ll_def.hunsigned charLL_OKLL_ERRORLL_BUSYLL_TIMEOUTLL_FAILEDDwarf VersionDebug Info Versionwchar_sizestatic_rwdataenumsize_buildattrarmlib_unavailablearmcompiler-version6.19../../../Drivers/TAE32F53xx_Driver/Src/tae32f53xx_ll_lvdctrl.cLL_StatusETypeDef../../../Drivers/TAE32F53xx_Device/Include\\tae32f53xx.hLVD_TypeDefLACRC:\\Keil_v5\\ARM\\ARMCLANG\\Bin\\..\\include\\stdint.huint32_tunsigned intLCRInstance\000\000F\255\000\000\000\000\000\0000\202p\030#\b\3071\202p #\bG2\202p(#\b\3072\224\0250e0\004\000\000\004o\000\000\000\000\000\000 \000\0000\2225L\200\036\254\026\000\200\002\000\000\245\000\000\000\000\000\000\000\000\003\025@ \000\300@\005@\b\0000\317\001\220A\201\000\b0\016A\200\201\001\214C\020`p\b\343\020\004\030 \3048\004\001\006\2111\016A\200\201\202\314P\240A\032\250\301\032\260\301H\226@\000f\220\n\300\031 \000\000\264\001\000\000\000\000\000\000\000\314\020\270\301\fC\267x3\f\037\003\0063\fa\320|3\fa\340\204\301\fC\030<a0\303\020\006\220\030\3140\204A$\315\020\f\003\025\300$\000\300D\016`Qf\000\013\200\033\000\000\000\000\0000P\001T\002\000L\344\000\226\245\007\257\005\220\001\000\000\000\000\000\0239\300\003\000\000\260\007`\000\000\000\000\0003\by\300\0073\021\002\320\007\300@\005\200\001\0000\317\001\220\201\006\006\300\001L\344\000V\366\007\240\000\200\002\000\000\000\000\000\0239@\035\000\000\000\204\002\000\000\000\000\000\0239@s\351Ak\221\201(\200\001\000\000\000\000L\344\000\315\246\007\256E\006\242\000\006\000\030\000\000\000\314 \214\002)\314\000L\027\0303\b\000\037\314D\b\000*\000\327\006\000\307q\034\307\201\005[\270\201\033\200\202\033\270\201\033\270\201\033\260\002[pb\200\006h\340\006n\340\006h`\271\201=\270\201=\300\003\032\270\201\033\230\202=\300\203H\240\004\032@\226\030\310H`\202rac\263ks!\023;s\031\253\033%\020\203\214\330\330\354\332\\\332\336\310\352\330\312\\\314\330\302\316\346F9\336\000\016\342@\016\346\200\016\352 \02566\2736\2274\26227\272Q\002;\000\000\000\251\030\000\000/\000\000\000\013\nr(\207w\200\007zXp\230C=\270\3038\260C9\320\303\202\346\034\306\241\r\350A\036\302\301\035\346!\035\350!\035\336\301\035\026(\342P\016\346\360\016\362P\016\351\340\016\363@\017\013\222p0\007z(\007yH\007w\230\007zX\320\214\2039\234C=\204\203<\220\003=\204\203<\234C9\320\303\002\006\036\344\241\034\302\201\035\330\341\035\306!\034\350\241\034\310a\301q\016\343\320\006\354\220\016\366P\016\013\254q`\207pp\207sp\203p\220\207qp\203p\240\007z\b\207q@\207r \207q\b\007v`\207\005\007<\320\203<\204C=\320\003:, \326a\034\314!\035\000\000\000\000\321\020\000\000\006\000\000\000\007\314<\244\203;\234\003;\224\003=\240\203<\224C8\220\303\001\000\000\000a \000\000T\000\000\000\023\004A,\020\000\000\000\002\000\000\000\024#\000t\005\001\000\000\3610\000\000\020\000\000\000\"G\310\220Q\006\304\003\013\000\000\000LL_LVD_Init\000\253\250\003\017T\001\300\003?\360\203?\000\020\000D\306\000\000L\001\000\000`\234\"\254\002\207\007~\300\007\001\000\000\023\004\340\0013\021\300\241\214\302\260\001\021\020\0030bp\000 \b\006\305C\372\377\377\377C\351\377\377\377\017\252\377\377\377?\314\030\024~\300\006\253\000\000\024\300\2301(B\201Z\005\000\0301(\b\020\004\003\343\tf\f\212P(V\001\000H\2001cP\220B\261\n\000\320q\b\216c\302\000\240\340\346\204\001p\201\261\023\006\300\260\0011\004C0a\000\220\001c\306\240(\205b\025\000\240\343\020,\313\204\001@\301\315\t\003\340\202h'\f\200a\003b\b\206`\302\000 \005\306\214Aa\n\305*\000@\307!x\236\t\003\200\202\233\023\006\300\005\324N\030\000\303\006\304\020\f\301\204\001@\016\214\031\203\342\024\212U\000\200\216C0M\023\006\000\0057'\f\200\013\254\2350\000\206\r\210!\030\202\t\003`\251\031\203\"\025\212U\000\200\200\030\000\002\000\000\000[\004@\025\000\000\000\000\000\000\000\000a \000\000)\000\000\000\023\004A<\f\000\000\000\021\000\000\000\"G\310\220Q\006\204\004\016\000\000\000LL_LVD_MspInit\000\000\253\250\003\017T\001\300\003rH\205r\000\020\000D\306\000\000L\001\000\000`\234\"\254\002\207\007\344\300\007\001\000\000\023\004\240\0013\021\300\241\214\302\260\001\021\b\0030bp\000 \b\006E#\372\377\377\377\303\350\377\377\377\017\250\377\377\377?\314\030\024\344\220\006\253\000\000\024\300\2301(\316\241X\005\000\320\031\203b\035\202U\000\200\200\030\000\000\000\002\000\000\000[\004@\025\000\000\000\000\000\000\000\000a \000\000V\000\000\000\023\004A,\020\000\000\000\003\000\000\000\024#\000t5Q\013uP\005\000\000\3610\000\000\021\000\000\000\"G\310\220Q\006D\004\r\000\000\000LL_LVD_DeInit\000\000\000\253\250\003\017T\001\300\203X\360\003Y\000\020\000D\306\000\000L\001\000\000`\234\"\254\002\207\007\261\300\007\001\000\000\023\004@\0023\021\300\241\214\302\260\001\021\034\0030bp\000 \b\006\205t\372\377\377\377\003\352\377\377\377\017\255\377\377\377?\314\030\024\261\340\006\253\000\000\024\300\2301(h\301Z\005\000\0301(\b\020\004\003\003\nf\f\nZ(V\001\000H\2001cP\334B\261\n\000\320q\b\024e\302\000\240\340\346\204\001pA\242\023\006\300\260\0011\004C0a\000\220\001c\306\240\300\205b\025\000\240\343\0208\316\204\001@\301\315\t\003\340\002F'\f\200a\003b\b\206`\302\000 \005\306\214A\221\013\305*\000@\307!\220\244\t\003\200\202\233\023\006\300\005\217N\030\000\303\006\304\020\f\301\204\001@\016\214\031\203B\027\212U\000\200\216C`Y\023\006\000\0057'\f\200\013$\2350\000\206\r\210!\030\202\t\003`\257\031\203\202\027\212U\000\200\200\030\000\002\000\000\000[\004@\025\000\000\000\000\000\000\000\000a \000\000)\000\000\000\023\004A<\f\000\000\000\021\000\000\000\"G\310\220Q\006\004\005\020\000\000\000LL_LVD_MspDeInit\253\250\003\017T\001\300\003yH\205y\000\020\000D\306\000\000L\001\000\000`\234\"\254\002\207\007\362\300\007\001\000\000\023\004\240\0013\021\300\241\214\302\260\001\021\b\0030bp\000 \b\006E#\372\377\377\377\303\350\377\377\377\017\250\377\377\377?\314\030\024\362\260\006\253\000\000\024\300\2301(\352\241X\005\000\320\031\203\"\037\202U\000\200\200\030\000\000\000\002\000\000\000[\004@\025\000\000\000\000\000\000\000\000a \000\000\203\000\000\000\023\004I,\020\000\000\000\b\000\000\000t\025\b\b\b\bQ>\005\b\b\b\210P<\005\b\b\bHP:\005\b\b\b(P8\000\000\000\3610\000\000$\000\000\000\"G\310\220Q\006D\006\025\000\000\000LL_LVD_CtrlIRQHandler\000\000\000\253\250\003\017T\001\300\203\224H\005\225\000\020\000D\306\000\000L\001\000\000`V\021\254\002\036\254D2\253\bX\001\017V\302\rf\025\301*\340\001L$\263\212\300\025\360\000&\332`V\021\254\002\036\324D2\253\b`\001\017j\242\rf\025\301*\340\201N$\263\212@\026\360@'\334`\234\"\254\002\207\007)\301\007\001\000\000\023\004\240\002\000\0003\021\300\241\214\302\260\001\021(\0030bp\000 \b\006E%\372\377\377\377\303\350\377\377\377\017\260\377\377\377?\314\030\024)\221\006\253\000\000\024\300\2301(V\"a\005\000\3508\004\f3a\000Pps\302\000\270\200\321\t\003\340\002\006'\f\200\341\206\000\n\203\t\003`\226!\020\202\031\203b%\222U\000\200Y\002a\306\240p\211\242\025\000\200\016\0303\006\005L$\256\000\000\035\207@\222&\f\000\nnN\030\000\027@:a\000\\\000\341\204\0010\334\020Xa0a\000\3142\fD0cP\300D\262\n\0000K@\314\030\0243Q\274\002\000P\003c\306\240\250\211\004\026\000\240\343\020`\330\204\001@\301\315\t\003\340\002J'\f\200\013(\2340\000\206\033\002.\f&\f\200Y\206\302\bf\f\212\232HV\001\000f\t\214\031\203\002'\212X\000\000\232`\314\030\024:\221\310\002\000t\034\002\317\2330\000(\2709a\000\\\200\351\204\001p\001\206\023\006\300pC \006a0a\000\3142\034H0cP\350D\262\n\0000K\200\314\030\024=Q\314\002\000\350\214A\341\023\301*\000@@\f\000\000\002\000\000\000[\004@\025\000\000\000\000\000\000\000\000q \000\000\006\000\000\0002\016\020\"\204\000\250\007(\340\177\200\003\251\bH\020\230\200\005\254\t\000\000\000\000\000\000e\f\000\000=\000\000\000\022\003\224\350\001\000\000\000\003\000\000\000[\000\000\000\t\000\000\000L\000\000\000\001\000\000\000X\000\000\000\000\000\000\000X\000\000\000\006\000\000\000\350\000\000\000\000\000\000\000d\000\000\000\026\000\000\000z\000\000\000>\000\000\000\013\000\000\000\000\000\000\000\350\000\000\000\000\000\000\000\000\000\000\000\006\000\000\000\000\000\000\000\000\000\000\000\013\000\000\000\000\000\000\000\013\000\000\000\377\377\377\377\001$\000\000\013\000\000\000\020\000\000\000\013\000\000\000\020\000\000\000\377\377\377\377\b,\000\000\033\000\000\000\016\000\000\000\033\000\000\000\016\000\000\000\377\377\377\377\021$\000\000)\000\000\000\r\000\000\000)\000\000\000\r\000\000\000\377\377\377\377\001$\000\0006\000\000\000\020\000\000\0006\000\000\000\020\000\000\000\377\377\377\377\021$\000\000F\000\000\000\025\000\000\000F\000\000\000\025\000\000\000\377\377\377\377\001$\000\000\000\000\000\000]\f\000\0001\000\000\000\022\003\224x\001\000\000\000LL_LVD_Initllvm.dbg.declareLL_LVD_MspInitLL_LVD_DeInitLL_LVD_MspDeInitLL_LVD_CtrlIRQHandler16.0.0gitthumbv7m-arm-none-eabi../../../Drivers/TAE32F53xx_Driver/Src/tae32f53xx_ll_lvdctrl.c\000\000\000"
	.size	.Lllvm.embedded.module, 5808

	.section	.debug_abbrev,"",%progbits
	.byte	1                               @ Abbreviation Code
	.byte	17                              @ DW_TAG_compile_unit
	.byte	1                               @ DW_CHILDREN_yes
	.byte	37                              @ DW_AT_producer
	.byte	14                              @ DW_FORM_strp
	.byte	19                              @ DW_AT_language
	.byte	5                               @ DW_FORM_data2
	.byte	3                               @ DW_AT_name
	.byte	14                              @ DW_FORM_strp
	.byte	16                              @ DW_AT_stmt_list
	.byte	23                              @ DW_FORM_sec_offset
	.byte	27                              @ DW_AT_comp_dir
	.byte	14                              @ DW_FORM_strp
	.byte	0                               @ EOM(1)
	.byte	0                               @ EOM(2)
	.byte	2                               @ Abbreviation Code
	.byte	4                               @ DW_TAG_enumeration_type
	.byte	1                               @ DW_CHILDREN_yes
	.byte	73                              @ DW_AT_type
	.byte	19                              @ DW_FORM_ref4
	.byte	11                              @ DW_AT_byte_size
	.byte	11                              @ DW_FORM_data1
	.byte	58                              @ DW_AT_decl_file
	.byte	11                              @ DW_FORM_data1
	.byte	59                              @ DW_AT_decl_line
	.byte	11                              @ DW_FORM_data1
	.byte	0                               @ EOM(1)
	.byte	0                               @ EOM(2)
	.byte	3                               @ Abbreviation Code
	.byte	40                              @ DW_TAG_enumerator
	.byte	0                               @ DW_CHILDREN_no
	.byte	3                               @ DW_AT_name
	.byte	14                              @ DW_FORM_strp
	.byte	28                              @ DW_AT_const_value
	.byte	15                              @ DW_FORM_udata
	.byte	0                               @ EOM(1)
	.byte	0                               @ EOM(2)
	.byte	4                               @ Abbreviation Code
	.byte	36                              @ DW_TAG_base_type
	.byte	0                               @ DW_CHILDREN_no
	.byte	3                               @ DW_AT_name
	.byte	14                              @ DW_FORM_strp
	.byte	62                              @ DW_AT_encoding
	.byte	11                              @ DW_FORM_data1
	.byte	11                              @ DW_AT_byte_size
	.byte	11                              @ DW_FORM_data1
	.byte	0                               @ EOM(1)
	.byte	0                               @ EOM(2)
	.byte	0                               @ EOM(3)
	.section	.debug_info,"",%progbits
.Lcu_begin0:
	.long	.Ldebug_info_end0-.Ldebug_info_start0 @ Length of Unit
.Ldebug_info_start0:
	.short	4                               @ DWARF version number
	.long	.debug_abbrev                   @ Offset Into Abbrev. Section
	.byte	4                               @ Address Size (in bytes)
	.byte	1                               @ Abbrev [1] 0xb:0x42 DW_TAG_compile_unit
	.long	.Linfo_string0                  @ DW_AT_producer
	.short	12                              @ DW_AT_language
	.long	.Linfo_string1                  @ DW_AT_name
	.long	.Lline_table_start0             @ DW_AT_stmt_list
	.long	.Linfo_string2                  @ DW_AT_comp_dir
	.byte	2                               @ Abbrev [2] 0x1e:0x27 DW_TAG_enumeration_type
	.long	69                              @ DW_AT_type
	.byte	1                               @ DW_AT_byte_size
	.byte	1                               @ DW_AT_decl_file
	.byte	73                              @ DW_AT_decl_line
	.byte	3                               @ Abbrev [3] 0x26:0x6 DW_TAG_enumerator
	.long	.Linfo_string4                  @ DW_AT_name
	.byte	0                               @ DW_AT_const_value
	.byte	3                               @ Abbrev [3] 0x2c:0x6 DW_TAG_enumerator
	.long	.Linfo_string5                  @ DW_AT_name
	.byte	1                               @ DW_AT_const_value
	.byte	3                               @ Abbrev [3] 0x32:0x6 DW_TAG_enumerator
	.long	.Linfo_string6                  @ DW_AT_name
	.byte	2                               @ DW_AT_const_value
	.byte	3                               @ Abbrev [3] 0x38:0x6 DW_TAG_enumerator
	.long	.Linfo_string7                  @ DW_AT_name
	.byte	3                               @ DW_AT_const_value
	.byte	3                               @ Abbrev [3] 0x3e:0x6 DW_TAG_enumerator
	.long	.Linfo_string8                  @ DW_AT_name
	.byte	4                               @ DW_AT_const_value
	.byte	0                               @ End Of Children Mark
	.byte	4                               @ Abbrev [4] 0x45:0x7 DW_TAG_base_type
	.long	.Linfo_string3                  @ DW_AT_name
	.byte	8                               @ DW_AT_encoding
	.byte	1                               @ DW_AT_byte_size
	.byte	0                               @ End Of Children Mark
.Ldebug_info_end0:
	.section	.debug_str,"MS",%progbits,1
.Linfo_string0:
	.asciz	"Component: Arm Compiler for Embedded 6.19 Tool: armclang [5e73cb00]" @ string offset=0
.Linfo_string1:
	.asciz	"../../../Drivers/TAE32F53xx_Driver/Src\\tae32f53xx_ll_lvdctrl.c" @ string offset=68
.Linfo_string2:
	.asciz	"C:\\Users\\11841\\Documents\\svn\\\346\225\260\345\255\227\347\224\265\346\272\220\347\240\224\345\217\221\351\203\250\\11_FAE\\Wuwenzhan\\TAE32F53xx_FW_ReleaseV1.4.7\\ProjectTemplate\\Project\\MDK" @ string offset=131
.Linfo_string3:
	.asciz	"unsigned char"                 @ string offset=255
.Linfo_string4:
	.asciz	"LL_OK"                         @ string offset=269
.Linfo_string5:
	.asciz	"LL_ERROR"                      @ string offset=275
.Linfo_string6:
	.asciz	"LL_BUSY"                       @ string offset=284
.Linfo_string7:
	.asciz	"LL_TIMEOUT"                    @ string offset=292
.Linfo_string8:
	.asciz	"LL_FAILED"                     @ string offset=303
	.ident	"Component: Arm Compiler for Embedded 6.19 Tool: armclang [5e73cb00]"
	.section	".note.GNU-stack","",%progbits
	.ARM_attribute	16, 1	@ Tag_AV_eba
	.section	.debug_line,"",%progbits
.Lline_table_start0:
