	.text
	.syntax unified
	.eabi_attribute	67, "2.09"	@ Tag_conformance
	.cpu	cortex-m3
	.eabi_attribute	6, 10	@ Tag_CPU_arch
	.eabi_attribute	7, 77	@ Tag_CPU_arch_profile
	.eabi_attribute	8, 0	@ Tag_ARM_ISA_use
	.eabi_attribute	9, 2	@ Tag_THUMB_ISA_use
	.eabi_attribute	34, 1	@ Tag_CPU_unaligned_access
	.eabi_attribute	17, 1	@ Tag_ABI_PCS_GOT_use
	.eabi_attribute	20, 2	@ Tag_ABI_FP_denormal
	.eabi_attribute	21, 0	@ Tag_ABI_FP_exceptions
	.eabi_attribute	23, 1	@ Tag_ABI_FP_number_model
	.eabi_attribute	24, 1	@ Tag_ABI_align_needed
	.eabi_attribute	25, 1	@ Tag_ABI_align_preserved
	.eabi_attribute	38, 1	@ Tag_ABI_FP_16bit_format
	.eabi_attribute	18, 2	@ Tag_ABI_PCS_wchar_t
	.eabi_attribute	26, 1	@ Tag_ABI_enum_size
	.eabi_attribute	14, 0	@ Tag_ABI_PCS_R9_use
	.file	"tae32f53xx_ll_wwdg.c"
	.file	1 "C:\\Users\\11841\\Documents\\svn\\\346\225\260\345\255\227\347\224\265\346\272\220\347\240\224\345\217\221\351\203\250\\11_FAE\\Wuwenzhan\\TAE32F53xx_FW_ReleaseV1.4.7\\ProjectTemplate\\Project\\MDK" "../../../Drivers/TAE32F53xx_Driver/Src/tae32f53xx_ll_wwdg.c"
	.file	2 "C:\\Users\\11841\\Documents\\svn\\\346\225\260\345\255\227\347\224\265\346\272\220\347\240\224\345\217\221\351\203\250\\11_FAE\\Wuwenzhan\\TAE32F53xx_FW_ReleaseV1.4.7\\ProjectTemplate\\Project\\MDK" "../../../Drivers/TAE32F53xx_Driver/Inc/tae32f53xx_ll_def.h"
	.file	3 "C:\\Users\\11841\\Documents\\svn\\\346\225\260\345\255\227\347\224\265\346\272\220\347\240\224\345\217\221\351\203\250\\11_FAE\\Wuwenzhan\\TAE32F53xx_FW_ReleaseV1.4.7\\ProjectTemplate\\Project\\MDK" "../../../Drivers/TAE32F53xx_Driver/Inc\\tae32f53xx_ll_wwdg.h"
	.file	4 "C:\\Keil_v5\\ARM\\ARMCLANG\\Bin\\..\\include" "stdint.h"
	.file	5 "C:\\Users\\11841\\Documents\\svn\\\346\225\260\345\255\227\347\224\265\346\272\220\347\240\224\345\217\221\351\203\250\\11_FAE\\Wuwenzhan\\TAE32F53xx_FW_ReleaseV1.4.7\\ProjectTemplate\\Project\\MDK" "../../../Drivers/TAE32F53xx_Device/Include\\tae32f53xx.h"
	.type	.Lllvm.embedded.module,%object  @ @llvm.embedded.module
	.section	.llvmbc,"",%progbits
	.p2align	4, 0x0
.Lllvm.embedded.module:
	.asciz	"BC\300\3365\024\000\000\005\000\000\000b\f0$MY\276f\255\373\264O\033\310$D\0012\005\000!\f\000\000\351\007\000\000\013\002!\000\002\000\000\000\026\000\000\000\007\201#\221A\310\004I\006\02029\222\001\204\f%\005\b\031\036\004\213b\200\024E\002B\222\013B\244\0202\0248\b\030K\n2R\210Hp\304!#D\022\207\214\020A\222\002d\310\b\261\024 CF\210 \311\0012R\204\030*(*\2201|\260\\\221 \305\310\000\000\000\211 \000\000\037\000\000\0002\"H\t bF\000!+$\230\024!%$\230\024\031'\f\205\244\220`Rd\\ $e\202@\2529\002Dy\202\031\002\000#\000\003\001\206 \245\2249\00200\003\001\307\b\004\030!\2009\002\310\f\001\2549\002P\230#\b\246\0000\223\246\210\022&\377\377a\270\003\177\261A\246\026{\210\216(\022q\316\t8ISD\t\223\017\303\035\370\267\330CtD\221\212s\3169\000\000\000\000Q\030\000\000\311\001\000\000\033\326)\370\377\377\377\377\001p\000\t(\003\202\034\312\301\035\336A\036\332!\034\330\241\r\314\001\036\332\240\035\302\201\036\320\001\200\007y(\207y(\007y\260\207rh\203yH\207sp\0076\200\007y(\207y(\007y\260\207rh\203yH\207sp\007\2000\007y\b\207v(\2076\200\207wH\007w\240\207r\220\007\300\035\336\301\035\312\001 \332!\035\334\241\r\330\241\034\316!\034\330\241\r\354\241\034\306\201\036\336A\036\332\340\036\322\201\034\350\001\035\0008\000\bwx\2076H\007w0\207yh\003s\200\2076h\207p\240\007t\000\350A\036\352\241\034\000\302\035\336\241\r\334!\034\334a\036\332\300\034\340\241\r\332!\034\350\001\035\000z\220\207z(\007\200p\207wh\203yH\207sp\207r \2076\320\207r\220\207w\230\20760\007xh\203v\b\007z@\007\200\036\344\241\036\312\001 \346\201\036\302a\034\326\241\r\340A\036\336\201\036\312a\034\350\341\035\344\241\r\304\241\036\314\301\034\312A\036\332`\036\322A\037\312\001\300\003\200\240\207p\220\207s(\007zh\203q\200\207z\000\306\341\035\344\201\036\312\001\037\332\240\035\346\000 \350!\034\344\341\034\312\201\036\332\300\034\312!\034\350\241\036\344\241\034\346\001X\203p\220\207v\260\207;h\203v`\2035@\207{ \207t\260\0076X\003z@\207zh\007qh\203vx\007r(\0076h\203p(\207y`\2036\020\007s\210\003;`\2036\030\007r(\207q\200\0078`\2036\030\007r(\207q\200\2078`\2036\030\007r(\207q\200\0079`\2036\030\007r(\207q\200\2079`\2036\030\007r(\207q\200\007:`\2036\030\007r(\207q\200\207:`\2036\030\007r(\207q\200\007;`\2036\030\007r(\207q\200\207;`\2036\030\007y\030\0076h\203q\220\207|\200\007zx\0076h\003r\230\0039`\2036 \207w\240\007x\220\207w \0076h\003r\230\007x`\20360\207q(\0076h\003s\200\2076\b\007yh\007{\300\0036h\003s\200\2076\b\007yh\007{\300\003r\210\003;`\20360\007xh\203p\220\207v\260\007< \2078\260\203y\200\0076h\003s\200\2076\b\007yh\007{\300\203y\200\0076h\003s\200\2078\260\0036h\003s\200\2078\260\003sh\007v`\20360\007x\260\003:`\20360\007x\220\207r8\207y`\20360\207z`\007v0\007x\210\003;`\2036@\207{ \207t\260\2076\b\007yh\0076h\203t\300\203vh\0076h\003vx\007q`\2036h\007{(\0076h\203v\260\207rp\003s\200\0076h\003w(\207wp\0076h\003x\b\207q\020\007zH\0076h\003y\b\207y`\2036\230\007q`\2036\230\007t\b\0079`\2036\260\007s\200\0079`\2036\260\007s\200\0079\230\007x`\2036\260\007s\200\2079`\2036\260\007s\200\2079 \2078\260\0036h\003{0\007x\230\003r\210\003;\230\007x`\2036\260\007s\200\2079\230\007x`\2036\260\007s\200\007:`\2036\260\007s\200\007: \2078\260\0036h\003{0\007x\240\003r\210\003;\230\007x`\2036\260\007s\200\007:\230\007x\0006\020\002\000\210\301\006b\b\000R\330@\020\002@\n\033\240\342\377\377\377\377\007\340\024\000?\000\376\000\220\000\n\250\003\240\0176\254\222\361\377\377\377\377\003A\016\345\340\016\357 \017\355\020\016\354\320\006\346\000\017m\320\016\341@\017\350\000\300\203<\224\303<\224\203<\330C9\264\301<\244\3039\270\003\033\300\203<\224\303<\224\203<\330C9\264\301<\244\3039\270\003@\230\203<\204C;\224C\033\300\303;\244\203;\320C9\310\003\340\016\357\340\016\345\000\020\356\360\016m\220\016\356`\016\363\320\006\346\000\017m\320\016\341@\017\350\000\320\203<\324C9\000\204;\274C\033\270C8\270\303<\264\2019\300C\033\264C8\320\003:\000\364 \017\365P\016\000\341\016\357\320\006\363\220\016\347\340\016\345@\016m\240\017\345 \017\3570\017m`\016\360\320\006\355\020\016\364\200\016\000=\310C=\224\003@\314\003=\204\3038\254C\033\300\203<\274\003=\224\3038\320\303;\310C\033\210C=\230\2039\224\203<\264\301<\244\203>\224\003\200\007\000A\017\341 \017\347P\016\364\320\006\343\000\017\365\000\214\303;\310\003=\224\003>\264A;\314\001@\320C8\310\3039\224\003=\264\2019\224C8\320C=\310C9\314\003\260\006\341 \017\355`\017w\320\006\355\300\006k\200\016\367@\016\351`\017l\260\006\364\200\016\365\320\016\342\320\006\355\360\016\344P\016l\320\006\341P\016\363\300\006m \016\346\020\007v\300\006m0\016\344P\016\343\000\017p\300\006m0\016\344P\016\343\000\017q\300\006m0\016\344P\016\343\000\017r\300\006m0\016\344P\016\343\000\017s\300\006m0\016\344P\016\343\000\017t\300\006m0\016\344P\016\343\000\017u\300\006m0\016\344P\016\343\000\017v\300\006m0\016\344P\016\343\000\017w\300\006m0\016\3620\016l\320\006\343 \017\371\000\017\364\360\016l\320\006\3440\007r\300\006m@\016\357@\017\360 \017\357@\016l\320\006\3440\017\360\300\006m`\016\343P\016l\320\006\346\000\017m\020\016\362\320\016\366\200\007l\320\006\346\000\017m\020\016\362\320\016\366\200\007\344\020\007v\300\006m`\016\360\320\006\341 \017\355`\017x@\016q`\007\363\000\017l\320\006\346\000\017m\020\016\362\320\016\366\200\007\363\000\017l\320\006\346\000\017q`\007l\320\006\346\000\017q`\007\346\320\016\354\300\006m`\016\360`\007t\300\006m`\016\360 \017\345p\016\363\300\006m`\016\365\300\016\354`\016\360\020\007v\300\006m\200\016\367@\016\351`\017m\020\016\362\320\016l\320\006\351\200\007\355\320\016l\320\006\354\360\016\342\300\006m\320\016\366P\016l\320\006\355`\017\345\340\006\346\000\017l\320\006\356P\016\357\340\016l\320\006\360\020\016\343 \016\364\220\016l\320\006\362\020\016\363\300\006m0\017\342\300\006m0\017\350\020\016r\300\006m`\017\346\000\017r\300\006m`\017\346\000\017r0\017\360\300\006m`\017\346\000\017s\300\006m`\017\346\000\017s@\016q`\007l\320\006\366`\016\3600\007\344\020\007v0\017\360\300\006m`\017\346\000\017s0\017\360\300\006m`\017\346\000\017t\300\006m`\017\346\000\017t@\016q`\007l\320\006\366`\016\360@\007\344\020\007v0\017\360\300\006m`\017\346\000\017t0\017\360\000l0\016\001 \005@\f\000\000\000I\030\000\000\b\000\000\000\023\210@\030\210\tA1a0\006b\202\020\f\023\206@\030&\020\2010\034\023\204\201\230\020\f\000\000\023,z@\207zh\007q\260\207;h\2076\b\007yh\2076p\207wp\207rh\203r\b\007qH\207\rsP\016m\320\016zP\016m\000\017z0\007r\240\007s \007m`\n\351\200\007m\220\016v@\007z`\007t\320\006\366\020\007r\200\007z`\007t\240\007q \007x\320\006\341\240\007p\240\007s \007m\340\016s \007m0\013v@\007J\017\b\021\022A\206\214\024\t\0014B\230\234\356\201\313\365r\271^.\327\213(O\333\313\362\371\213\032,\316d\306\332\f\217\377\022\345i{Y\376\232\312\307/z\270<\223\231k3<\376\313f\177\357w\362\3315\3361\001\2040HI\000\000@\000\000\000\020\020\0000\244\"\230\001\000\200\000\000\002\000\000\000\000\000\002\200\000\206T\020d\000\001 \000\000\000\000\000\000\000\000\000\020\300\220\n\f\032\004\b\200\001\000\000\000\000\000\000\000\002\200\000\206Tm\360$\000\000\021\000\020\000\000\000\000\000\020\000\0040\244\342\003G\001\000\240\000\200\000\000\000\000\000\200\000 \200!\225*D\t\000@\004\000\004\000\000\000\000\000\004\000\001\f\251v\341a\000\0000\000 \000\000\000\000\000 \000\b`H\245\016R\002\000\000\001\000\001\000\000\000\000\000\001@\000C*~\330\022\000\200\b\000\b\000\000\000\000\000\b\000\002\220\330 P\030\375\000\000 \013\004\000\000\000\025\000\000\0002\036\230\024\031\021L\220\214\t&G\306\004C:\345P\bEP\006%0\002@\255\360H\350\036\270\\/\227\353\345r\275\210\362\264\275,\237\277\250\301\342Lf\254\315\360\370/Q\236\266\227\345\257\251|\374\242\207\3133\231\2716\303\343\277l\366\367~'\237]c\000\261\030\000\000\265\000\000\0003\b\200\034\304\341\034f\024\001=\210C8\204\303\214B\200\007yx\007s\230q\f\346\000\017\355\020\016\364\200\0163\fB\036\302\301\035\316\241\034f0\005=\210C8\204\203\033\314\003=\310C=\214\003=\314x\214tp\007{\b\007yH\207pp\007zp\003vx\207p \207\031\314\021\016\354\220\016\3410\017n0\017\343\360\016\360P\0163\020\304\035\336!\034\330!\035\302a\036f0\211;\274\203;\320C9\264\003<\274\203<\204\003;\314\360\024v`\007{h\0077h\207rh\0077\200\207p\220\207p`\007v(\007v\370\005vx\207w\200\207_\b\207q\030\207r\230\207y\230\201,\356\360\016\356\340\016\365\300\016\3540\003b\310\241\034\344\241\034\314\241\034\344\241\034\334a\034\312!\034\304\201\035\312a\006\326\220C9\310C9\230C9\310C9\270\3038\224C8\210\003;\224\303/\274\203<\374\202;\324\003;\260\303\f\307i\207pX\207rp\203th\007x`\207t\030\207t\240\207\031\316S\017\356\000\017\362P\016\344\220\016\343@\017\341 \016\354P\0163 (\035\334\301\036\302A\036\322!\034\334\201\036\334\340\034\344\341\035\352\001\036f\030Q8\260C:\234\203;\314P$v`\007{h\0077`\207wx\007x\230QL\364\220\017\360P\0163\036j\036\312a\034\350!\035\336\301\035~\001\036\344\241\034\314!\035\360a\006T\205\2038\314\303;\260C=\320C9\374\302<\344C;\210\303;\260\303\214\305\n\207y\230\207w\030\207t\b\007z(\007r\230\201\\\343\020\016\354\300\016\345P\016\3630#\301\322A\036\344\341\027\330\341\035\336\001\036fH\031;\260\203=\264\203\033\204\3038\214C9\314\303<\270\3019\310\303;\324\003<\314H\264q\b\007v`\007q\b\207qX\207\031\333\306\016\354`\017\355\340\006\360 \017\3450\017\345 \017\366P\016n\020\016\3430\016\3450\017\363\340\006\351\340\016\344P\016\3700#\342\354a\034\302\201\035\330\341\027\354!\035\346!\035\304!\035\330!\035\350!\037f \235;\274C=\270\0039\224\2039\314X\274pp\007wx\007z\b\007zH\207wp\207\031\313\347\016\3570\017\341\340\016\351@\017\351\240\017\3450\303\001\003s\250\007w\030\207_\230\207pp\207t\240\207t\320\207r\230\201\204A9\340\3038\260C=\220C9\314@\304\240\035\312\241\035\340A\036\336\301\034f$c0\016\341\300\016\3540\017\351@\017\3450C!\203u\030\007sH\207_\240\207|\200\207r\230\261\224\001<\214\303<\224\3038\320C:\274\203;\314\003\000\000\000y \000\000\237\001\000\000r\036H C\210\f\031\tr2H #\201\214\221\221\321D\240\020(d<12B\216\220!\243x\006d\220k\000\000\000{\260\017\243\240\007M\201\034J\262\007\320S\fw\300\274\301! \3140\020\303\036\020\215\2444\2224\021\321\201\000../../../Drivers/TAE32F53xx_Driver/Src\\tae32f53xx_ll_wwdg.cC:\\Users\\11841\\Documents\\svn\\\346\225\260\345\255\227\347\224\265\346\272\220\347\240\224\345\217\221\351\203\250\\11_FAE\\Wuwenzhan\\TAE32F53xx_FW_ReleaseV1.4.7\\ProjectTemplate\\Project\\MDKComponent: Arm Compiler for Embedded 6.19 Tool: armclang [5e73cb00]../../../Drivers/TAE32F53xx_Driver/Inc/tae32f53xx_ll_def.hunsigned charLL_OKLL_ERRORLL_BUSYLL_TIMEOUTLL_FAILED../../../Drivers/TAE32F53xx_Driver/Inc\\tae32f53xx_ll_wwdg.hWWDG_EWI_DISABLEWWDG_EWI_ENABLERESETSET../../../Drivers/TAE32F53xx_Device/Include\\tae32f53xx.hWWDG_TypeDefC:\\Keil_v5\\ARM\\ARMCLANG\\Bin\\..\\include\\stdint.huint8_tCRuint32_tunsigned intWVRCVRPSCRISR../../../Drivers/TAE32F53xx_Driver/Src/tae32f53xx_ll_wwdg.ccharDwarf VersionDebug Info Versionwchar_sizestatic_rwdataenumsize_buildattrarmlib_unavailablearmcompiler-version6.19LL_StatusETypeDefCounterInstance\000\000\000\206$\001\000\000\000\000\0000\202\320@#\b\2072\202p,#\b\0073\202p4#\b\2073\202p<#Y\303\004\230\302\212\000\000X\000\000P\013\000\000\000\000\000\000\0000[S\000\000\220\013\267\320\013A\000\000\0000\224\0250r0\004\000\000\004\245\300\n\000.\000\000\000\000\002\000\000\003\025@ \000\300@\005@\b\0000\317\001\220A\201\000\b0\016A\200\201\001\214C\020`p\b\343\020\004\030 \3048\004\001\006\2111\016A\200\201\202\314P\324\201\035\334\001\036\344\301H\226@\000s\220\n\000\035 \000\000\350\001\000\000\000\000\000\000\000\fT\000\213\000\000\343\020\004\0300\3008\004\001\006\r1\203\320\007~0\222%\020\000\037\314\001@\007\b\000\000\177\000\000\000\000\000\000\000\000\343\020\004\0308\3008\004\001\006\2170\203\020\n\2420\222%\020\300\034\324\002@\007\b\000\000\243\000\000\000\000\000\000\000\0003\f{\000\n\2440P\001@\002\000L\344\000Vd\n2\002\274\001\000\000\000\000\000\0239\300\003\000\000p\n`\000\000\000\000\000\003\025\200\004\000\300D\016`M\251\340\007\000\035\000\000\000\000\0000\221\003<\000\000\000\252\000\006\000\000\000\0000\203\200\n\2530\317\001\220\201\005\006\300\001L\344\000V\225\n\240\000\264\002\000\000\000\000\000\0239@\035\000\000\000\270\002\000\000\000\000\000\0239@C\231B\213\274\301+\200\001\000\000\000\000L\344\000\315e\n.\362\006\257\000\006\000\030\000\000\000L\344\000\rf\n/\362\006\257\000\006\000(\000\000\000L\344\000Mf\n0\362\006\257\000\006\0008\000\000\000L\344\000\215f\n1\362\006\257\000\006\000H\000\000\000\314P\300B,\310\302,\320\302t\2011e0\000p`\0133\004\2670P\001l\002\000\314s\000d\300!\000\002LS\020h\000\000\300\f\301.\214d\t\001\000\000\200.\200\017\000\000\274\000\000\000\000\000\000\000\0003\fi\320\251\301\f\303\032xl0\303\320\006\337\032\3140\264\001\030\264\301\fC\033\204A\033\3140\264\201\030\270\301\fC\033\214\001\031\314\020\f\0239\200U\006s\000\013\300\036\000\000\000\000\0000\0030\203\000\240\302L\204\000\240\003p\242\000p\034\307q\034\307\026\360\300\026n\340\006\240\340\006n\340\006n\340\006\254\300\026n\340\006n\200\006l\341\006n\200\006lA\007n`\017\360\340\006\366\000\017h`\n\366\000\017\"\201\022(\201\022(\301\n\026\035pn\000\nt\300\231\205\033\270\201\033\320\001\035\320\001\035X\374\000\211\201\214\004&(\02766\2736\0272\2613\227\261\272Q\0028\310\210\215\315\256\315\245\355\215\254\216\255\314\305\214-\354ln\224\243\027|\341\027\300!\034\304a\034Rac\263ksI#+s\243\033% \207!\203\001\000l\001\000\000\000\000\251\030\000\000/\000\000\000\013\nr(\207w\200\007zXp\230C=\270\3038\260C9\320\303\202\346\034\306\241\r\350A\036\302\301\035\346!\035\350!\035\336\301\035\026(\342P\016\346\360\016\362P\016\351\340\016\363@\017\013\222p0\007z(\007yH\007w\230\007zX\320\214\2039\234C=\204\203<\220\003=\204\203<\234C9\320\303\002\006\036\344\241\034\302\201\035\330\341\035\306!\034\350\241\034\310a\301q\016\343\320\006\354\220\016\366P\016\013\254q`\207pp\207sp\203p\220\207qp\203p\240\007z\b\207q@\207r \207q\b\007v`\207\005\007<\320\203<\204C=\320\003:, \326a\034\314!\035\000\000\000\000\321\020\000\000\006\000\000\000\007\314<\244\203;\234\003;\224\003=\240\203<\224C8\220\303\001\000\000\000a \000\000\033\001\000\000\023\004P,\020\000\000\000\t\000\000\000\024J`\004\200N\371\377\037\024  # B\271\006\024l@\311\006\024m@\035\020\030\0010=\027\000\000\000\000\3610\000\000U\000\000\000\"G\310\220Q\"\b8\000\000\000\000\f$%\306\001\021\000\000LL_WWDG_InitWWDG_InitTypeDef__WWDG_InitTypeDefPrescalerWindowEWIModeWWDG_EWIETypeDefInit\223\254ab\007>\330\003\000\000\t\000\000\376\001\000\000\000\000\000\000\000VQG.\250\003\220\013\257\220\017\260\000 \000\210\304\001\000\234\003\000\000\300\254\"\230\207\\\220\205dV\021\320C.\310\302\265\310\001\254u\340\003S\000\344\001\000\000\000\000\200E\016\360\000\000\000\330\003\030\000\000\000\000\300\206\301\034P\341\0366\021\002\200\017\300\"\007h\332\201\017\370@\036\\\001\f\000\000\000\000`\221\0034\356\300\007\177 \017\256\000\006\000\030\000\000\000,r\200\306\f\370@\024\344\301\025\300\000\000\005\000\000\200E\016`\301\003\037\330\001\000\n\000\000\000\000\000,r\200\346\035\370\240\024\344\241\037\020\000\034\000\000\0006\020\372\260\017\374\340\017\343\024a\036\316 \027^\001\025\002\000\000\306)\302<\304C.\274\302=\b\000\000L\020\0000\230 \000a\000\000\0003\021\301\341\204\302L\004p8\2430\023\001\034\316(\f\033\020\0024\000#\006\007\000\202``\200A\330\377\377\377\017c\377\377\377?\264\376\377\377\3770cP\274\202\033\314\003\000\f\033\020\3013\000#\006\007\000\202``\200\001\330\377\377\377\017b\377\377\377?\264\376\377\377\3770cP\274\202*\314\003\000P\000\306\214A!\013\t=\000\300pC`\200\301\214A!\013\016=\000\300,C \0043\006\205,$\363\000\000\303\006D\001\005\300\214A1\013I=\000\300,\3013a\000\020\001\306\214Aq\013\305<\000\300pCp\200\301\204\0010\3130\020\301\204\0010KPL\030\000#\006\306\001\202`\200\214\201\0318\023\006\300,A1a\000P\001\306\214A\201\013\305<\000@\207C\200a\023\006\000\005gL\030\000\303\r\301T\006\023\006\300,\203q\004\023\006\300,\0012a\000\214\030\030\007\b\202\001r\006j\020M\030\000\263\004\310\204\001@\t\0303\006E.\024\363\000\000\035\016\001\327M\030\000\024\2341a\000\f7\004W\031L\030\000\263\f\211\022L\030\000\263\004\313\204\0010b`\034 \b\006\310\032\270\0015a\000\314\022,\023\006\0005`\314\030\024\272P\314\003\000t8\004`0\006\023\006\000\005gL\030\000\303\r\301V\006\023\006\300,\003\323\004\023\006\300,\2013a\000\214\030\030\007\b\202\001\362\006rpM\030\000\263\004\316\204\001@\022\0303\006E/T\363\000\000#\006\005\002\202`\220\274A0cP\364B1\017\000@\022\0303\006\0058\024\363\000\000\035\016A\031\240\301\204\001@\301\031\023\006\000Y`L\030\000=\016\001\032\254\301\204\0010l@\004\303\020L\030\000t\2011cP\214C1\017\000\320\341\020\250\201\032L\030\000\024\2341a\000\320\006\306\204\001\320\343\020\264\301\033L\030\000\303\006D0\f\301\204\001@\034\0303\006\2059\024\363\000\000\035\016\301\033\300\301\204\001@\301\031\023\006\000\201\001\030\023\006@\217C \007s0a\000\f\033\020\3010\004\023\006\000\211\001\0303\006E:\024\363\000\000=\016\001\035\320\301\204\001@\301\231\023\006\300\005i\240\023\006\000\225\001\030\023\006@\207C\200\007z0a\000P\020\306\204\001\220\301\211\t\003\340\212`'\f\000Z\0030&\f\200\036\207\240\017\372`\302\000\0306 \202a\b&\f\000j\0030f\f\nv(\346\001\000z\034\202?\370\203\t\003\200\2023'\f\200\013Da'\f\200a\003b\b\206`\302\000\0306 \344\200\017\002`\306\240x\207b\036\000`\226\340\2310\000H\016B\2301(\340!\230\007\000\330`\302\000\b\210\001\000\002\000\000\000[\004@\036\000\000\000\000\000\000\000\000a \000\000*\000\000\000\023\004A<\f\000\000\000\022\000\000\000\"G\310\220Q\006\304\004\017\000\000\000LL_WWDG_MspInit\000\253\250#\027\324\001\310\005\223H\207\223\000\020\000D\342\000\000\316\001\000\000`\234\"\254\303\031\344\202I\240B\000\000\300\004\001\230\000\000\000\0003\021\300\341\214\302\260\001\021\b\0030bp\000 \b\006\206\204\366\377\377\377C\332\377\377\377\017\177\377\377\377?\314\030\024&\261\006\353\000\000\024\2001cP\244D\261\016\000\2403\006\205K\004\353\000\000\0011\000\000\000\002\000\000\000[\004@\035\000\000\000\000\000\000\000\000a \000\000L\000\000\000\023\004D,\020\000\000\000\005\000\000\000\024F\000\350\024  # B\321\007T\001\001\323C\001\000\000\3610\000\000\024\000\000\000\"G\310\220Q\006\204\004\016\000\000\000LL_WWDG_DeInit\000\000\253\250#\027\324\001\310\205{h\007|\000\020\000D\342\000\000\316\001\000\000`\203`\016\250\260\211\020\000v\000\306)\302:\234A.\334\003*\004\000\000L\020\000\f\0003\021\300\341\214\302\260\001\021\034\0030bp\000 \b\006\306\265\366\377\377\377\003\333\377\377\377\017\244\377\377\377?\314\030\024\367\000\007\353\000\000\024\2001cP\350C\261\016\0000\334\020\f`0a\000\3142\004B0a\000\314\022\f\023\006\300\210\201q\200 \030 \330fL\030\000\263\004\303\204\001@\003\0303\006E?\024\353\000\000=\016A\323L\030\000\024\2349a\000\\\200\350\204\0010l@\f\301\020L\030\000t\2001cP\200\304\265\016\0000bP  \b\006\211\026\314\030\024 Q\254\003\000l3cP\214D\261\016\000\020\020\003\002\000\000\000[\004@\035\000\000\000\000\000\000\000\000a \000\000+\000\000\000\023\004A<\f\000\000\000\023\000\000\000\"G\310\220Q\006D\005\021\000\000\000LL_WWDG_MspDeInit\000\000\000\253\250#\027\324\001\310\005\230H\207\230\000\020\000D\342\000\000\316\001\000\000`\234\"\254\303\031\344\002L\240B\000\000\300\004\001\230\000\000\000\0003\021\300\341\214\302\260\001\021\b\0030bp\000 \b\006\206\204\366\377\377\377C\332\377\377\377\017\177\377\377\377?\314\030\0240\321\006\353\000\000\024\2001cP\314D\261\016\000\2403\006\005N\004\353\000\000\0011\000\000\000\002\000\000\000[\004@\035\000\000\000\000\000\000\000\000a \000\000q\000\000\000\023\004G,\020\000\000\000\006\000\000\000\024F\000\350\024  # B\261\013\224\377\377A\271\013\0200=\025\000\000\3610\000\000&\000\000\000\"G\310\220Q\016D\032\000\000\000\000\017\342\000\000LL_WWDG_Refreshuint16_tunsigned short\000\000\000\253\250#\027\324\001\310\205\271\210\007\272\000\020\000D\342\000\000\316\001\000\000`\317\001\220\001;@\300\001,r\000k\035R\341\017\000w\000\000\000\000\000`\303`\016\250\360\016\233\b\001\200\007`\234\"\264\303\031\344\302\\\240B\000\000\3008Eh\0073\310\205\271x\007\001\000\200\t\002\240M\020\200\r\000\000\0003\021\300\341\214\302L\304r8\2420l@\b\312\000\214\030\034\000\b\202\201\241\245\375\377\377\377\260\366\377\377\377\303\351\377\377\377\0173\006\305\\\304A;\000\300\260\001\021$\0020bp\000 \b\006\206\206\366\377\377\377\203\332\377\377\377\017\247\377\377\377?\314\030\024sA\n\355\000\000$\2001cP\330E\321\016\0000\334\020\020`0a\000\3142\004B0a\000\314\022\f\023\006\300\210\201q\200 \030 \233\207L\030\000\263\004\303\204\001@\303\0223\006\305]\024\355\000\000\031\234\2300\000\206\033\202\244\f&\f\200Y\006\242\b&\f\200Y\002c\302\000\03010\016\020\004\003\304\013\203d\302\000\230%0&\f\0002\226\2301(\364\242h\007\000\310\340\304\204\001@\t\030\023\006@\217CPa\023\006\300\260\001\021\fC0a\000l4cP\364E\321\016\000\020\020\003\000\002\000\000\000[\004\200\035\000\000\000\000\000\000\000\000a \000\000b\000\000\000\023\004D<\f\000\000\000\027\000\000\000\"G\310\220Q\006\204\005\022\000\000\000LL_WWDG_IRQHandler\000\000\253\250#\027\324\001\310\205\333H\007\334\000\020\000D\342\000\000\316\001\000\000`V\021\254C.\350F2\253\b\330!\027tC$\306)\302:\234A.\334\006*\004\000\000L\020\200\t\000\000\0003\021\300\341\214\302\260\001\021\b\0030bp\000 \b\006\206d\366\377\377\377\303\331\377\377\377\017\177\377\377\377?\314\030\024\267q\006\353\000\000\024\2001cP\350\206\302\016\000\320\343\020\030\306\204\001@\301\231\023\006\300\005\213N\030\000\303\r\001\003\006\023\006@\006-&\f\200\351\006f\021&\f\200\341\206\200\t\203\031\203B7\370\200\035\000`\226!\030\202\031\203B7L\201\035\000\200\0220f\f\n\335P\005v\000\200\036\207\300\221&\f\000\n\316\2340\000.\210t\302\000\030n\b$0\2300\0002h1a\000L7P\2230a\000\f7\004T\030\314\030\024\272q\017\354\000\000\263\f\302\020\314\030\024\272\221\254\003\000P\004\306\214A\321\033I;\000@\217C`i\023\006\300\260\001\021`C0a\000\320\004\306\214A\001\036e\320\016\0000bP  \b\006\211\027\314\030\024\340\221\264\003\000\314\022\f3\006Ex\024\355\000\000:cP\210G\260\016\000\020\020\003\000\000\000\002\000\000\000[\004@\035\000\000\000\000\000\000\000\000a \000\000-\000\000\000\023\004A<\f\000\000\000\025\000\000\000\"G\310\220Q\006\304\007\033\000\000\000LL_WWDG_EarlyWakeUpCallback\000\253\250#\027\324\001\310\205\364H\007\365\000\020\000D\342\000\000\316\001\000\000`\234\"\254\303\031\344Bz\240B\000\000\300\004\001\230\000\000\000\0003\021\300\341\214\302\260\001\021\b\0030bp\000 \b\006\206\204\366\377\377\377C\332\377\377\377\017\177\377\377\377?\314\030\024\351q\007\353\000\000\024\2001cP\260G\261\016\000\2403\006E|\004\353\000\000\0011\000\000\000\002\000\000\000[\004@\035\000\000\000\000\000\000\000\000q \000\000\b\000\000\0002\016\020\"\204\001\236\nH\260\313\200\005\347\fhP\333\200\007\342\r\210P\355\200\t\271\017\000\000\000\000\000\000\000e\f\000\000U\000\000\000\022\003\224\250\002\000\000\000\003\000\000\000\227\000\000\000\t\000\000\000L\000\000\000\001\000\000\000X\000\000\000\000\000\000\000X\000\000\000\n\000\000\000H\001\000\000\000\000\000\000\240\000\000\000\026\000\000\000\266\000\000\000;\000\000\000\004\000\000\000\000\000\000\000H\001\000\000\000\000\000\000\000\000\000\000\n\000\000\000\000\000\000\000\004\000\000\000\f\000\000\000\004\000\000\000\f\000\000\000\377\377\377\377\001$\000\000\020\000\000\000\020\000\000\000\020\000\000\000\020\000\000\000\377\377\377\377\b,\000\000 \000\000\000\r\000\000\000 \000\000\000\r\000\000\000\377\377\377\377\b$\000\000-\000\000\000\017\000\000\000-\000\000\000\017\000\000\000\377\377\377\377\021$\000\000<\000\000\000\016\000\000\000<\000\000\000\016\000\000\000\377\377\377\377\001$\000\000J\000\000\000\021\000\000\000J\000\000\000\021\000\000\000\377\377\377\377\021$\000\000[\000\000\000\017\000\000\000[\000\000\000\017\000\000\000\377\377\377\377\001$\000\000j\000\000\000\022\000\000\000j\000\000\000\022\000\000\000\377\377\377\377\001$\000\000|\000\000\000\033\000\000\000|\000\000\000\033\000\000\000\377\377\377\377\021$\000\000\361\000\000\000\006\000\000\000\000\000\000\000\004\000\000\000\377\377\377\377\000\030\000\000\000\000\000\000]\f\000\000A\000\000\000\022\003\224\367\001\000\000\000.strLL_WWDG_Initllvm.dbg.declareassert_failedLL_WWDG_MspInitLL_WWDG_DeInitLL_WWDG_MspDeInitLL_WWDG_RefreshLL_WWDG_IRQHandlerLL_WWDG_EarlyWakeUpCallback16.0.0gitthumbv7m-arm-none-eabi../../../Drivers/TAE32F53xx_Driver/Src/tae32f53xx_ll_wwdg.c.L.str\000\000\000\000"
	.size	.Lllvm.embedded.module, 8756

	.section	.debug_abbrev,"",%progbits
	.byte	1                               @ Abbreviation Code
	.byte	17                              @ DW_TAG_compile_unit
	.byte	1                               @ DW_CHILDREN_yes
	.byte	37                              @ DW_AT_producer
	.byte	14                              @ DW_FORM_strp
	.byte	19                              @ DW_AT_language
	.byte	5                               @ DW_FORM_data2
	.byte	3                               @ DW_AT_name
	.byte	14                              @ DW_FORM_strp
	.byte	16                              @ DW_AT_stmt_list
	.byte	23                              @ DW_FORM_sec_offset
	.byte	27                              @ DW_AT_comp_dir
	.byte	14                              @ DW_FORM_strp
	.byte	0                               @ EOM(1)
	.byte	0                               @ EOM(2)
	.byte	2                               @ Abbreviation Code
	.byte	52                              @ DW_TAG_variable
	.byte	0                               @ DW_CHILDREN_no
	.byte	73                              @ DW_AT_type
	.byte	19                              @ DW_FORM_ref4
	.byte	58                              @ DW_AT_decl_file
	.byte	11                              @ DW_FORM_data1
	.byte	59                              @ DW_AT_decl_line
	.byte	11                              @ DW_FORM_data1
	.byte	0                               @ EOM(1)
	.byte	0                               @ EOM(2)
	.byte	3                               @ Abbreviation Code
	.byte	1                               @ DW_TAG_array_type
	.byte	1                               @ DW_CHILDREN_yes
	.byte	73                              @ DW_AT_type
	.byte	19                              @ DW_FORM_ref4
	.byte	0                               @ EOM(1)
	.byte	0                               @ EOM(2)
	.byte	4                               @ Abbreviation Code
	.byte	33                              @ DW_TAG_subrange_type
	.byte	0                               @ DW_CHILDREN_no
	.byte	73                              @ DW_AT_type
	.byte	19                              @ DW_FORM_ref4
	.byte	55                              @ DW_AT_count
	.byte	11                              @ DW_FORM_data1
	.byte	0                               @ EOM(1)
	.byte	0                               @ EOM(2)
	.byte	5                               @ Abbreviation Code
	.byte	36                              @ DW_TAG_base_type
	.byte	0                               @ DW_CHILDREN_no
	.byte	3                               @ DW_AT_name
	.byte	14                              @ DW_FORM_strp
	.byte	62                              @ DW_AT_encoding
	.byte	11                              @ DW_FORM_data1
	.byte	11                              @ DW_AT_byte_size
	.byte	11                              @ DW_FORM_data1
	.byte	0                               @ EOM(1)
	.byte	0                               @ EOM(2)
	.byte	6                               @ Abbreviation Code
	.byte	36                              @ DW_TAG_base_type
	.byte	0                               @ DW_CHILDREN_no
	.byte	3                               @ DW_AT_name
	.byte	14                              @ DW_FORM_strp
	.byte	11                              @ DW_AT_byte_size
	.byte	11                              @ DW_FORM_data1
	.byte	62                              @ DW_AT_encoding
	.byte	11                              @ DW_FORM_data1
	.byte	0                               @ EOM(1)
	.byte	0                               @ EOM(2)
	.byte	7                               @ Abbreviation Code
	.byte	4                               @ DW_TAG_enumeration_type
	.byte	1                               @ DW_CHILDREN_yes
	.byte	73                              @ DW_AT_type
	.byte	19                              @ DW_FORM_ref4
	.byte	11                              @ DW_AT_byte_size
	.byte	11                              @ DW_FORM_data1
	.byte	58                              @ DW_AT_decl_file
	.byte	11                              @ DW_FORM_data1
	.byte	59                              @ DW_AT_decl_line
	.byte	11                              @ DW_FORM_data1
	.byte	0                               @ EOM(1)
	.byte	0                               @ EOM(2)
	.byte	8                               @ Abbreviation Code
	.byte	40                              @ DW_TAG_enumerator
	.byte	0                               @ DW_CHILDREN_no
	.byte	3                               @ DW_AT_name
	.byte	14                              @ DW_FORM_strp
	.byte	28                              @ DW_AT_const_value
	.byte	15                              @ DW_FORM_udata
	.byte	0                               @ EOM(1)
	.byte	0                               @ EOM(2)
	.byte	9                               @ Abbreviation Code
	.byte	15                              @ DW_TAG_pointer_type
	.byte	0                               @ DW_CHILDREN_no
	.byte	73                              @ DW_AT_type
	.byte	19                              @ DW_FORM_ref4
	.byte	0                               @ EOM(1)
	.byte	0                               @ EOM(2)
	.byte	10                              @ Abbreviation Code
	.byte	22                              @ DW_TAG_typedef
	.byte	0                               @ DW_CHILDREN_no
	.byte	73                              @ DW_AT_type
	.byte	19                              @ DW_FORM_ref4
	.byte	3                               @ DW_AT_name
	.byte	14                              @ DW_FORM_strp
	.byte	58                              @ DW_AT_decl_file
	.byte	11                              @ DW_FORM_data1
	.byte	59                              @ DW_AT_decl_line
	.byte	5                               @ DW_FORM_data2
	.byte	0                               @ EOM(1)
	.byte	0                               @ EOM(2)
	.byte	11                              @ Abbreviation Code
	.byte	19                              @ DW_TAG_structure_type
	.byte	1                               @ DW_CHILDREN_yes
	.byte	11                              @ DW_AT_byte_size
	.byte	11                              @ DW_FORM_data1
	.byte	58                              @ DW_AT_decl_file
	.byte	11                              @ DW_FORM_data1
	.byte	59                              @ DW_AT_decl_line
	.byte	5                               @ DW_FORM_data2
	.byte	0                               @ EOM(1)
	.byte	0                               @ EOM(2)
	.byte	12                              @ Abbreviation Code
	.byte	13                              @ DW_TAG_member
	.byte	0                               @ DW_CHILDREN_no
	.byte	3                               @ DW_AT_name
	.byte	14                              @ DW_FORM_strp
	.byte	73                              @ DW_AT_type
	.byte	19                              @ DW_FORM_ref4
	.byte	58                              @ DW_AT_decl_file
	.byte	11                              @ DW_FORM_data1
	.byte	59                              @ DW_AT_decl_line
	.byte	5                               @ DW_FORM_data2
	.byte	56                              @ DW_AT_data_member_location
	.byte	11                              @ DW_FORM_data1
	.byte	0                               @ EOM(1)
	.byte	0                               @ EOM(2)
	.byte	13                              @ Abbreviation Code
	.byte	53                              @ DW_TAG_volatile_type
	.byte	0                               @ DW_CHILDREN_no
	.byte	73                              @ DW_AT_type
	.byte	19                              @ DW_FORM_ref4
	.byte	0                               @ EOM(1)
	.byte	0                               @ EOM(2)
	.byte	14                              @ Abbreviation Code
	.byte	22                              @ DW_TAG_typedef
	.byte	0                               @ DW_CHILDREN_no
	.byte	73                              @ DW_AT_type
	.byte	19                              @ DW_FORM_ref4
	.byte	3                               @ DW_AT_name
	.byte	14                              @ DW_FORM_strp
	.byte	58                              @ DW_AT_decl_file
	.byte	11                              @ DW_FORM_data1
	.byte	59                              @ DW_AT_decl_line
	.byte	11                              @ DW_FORM_data1
	.byte	0                               @ EOM(1)
	.byte	0                               @ EOM(2)
	.byte	0                               @ EOM(3)
	.section	.debug_info,"",%progbits
.Lcu_begin0:
	.long	.Ldebug_info_end0-.Ldebug_info_start0 @ Length of Unit
.Ldebug_info_start0:
	.short	4                               @ DWARF version number
	.long	.debug_abbrev                   @ Offset Into Abbrev. Section
	.byte	4                               @ Address Size (in bytes)
	.byte	1                               @ Abbrev [1] 0xb:0x10c DW_TAG_compile_unit
	.long	.Linfo_string0                  @ DW_AT_producer
	.short	12                              @ DW_AT_language
	.long	.Linfo_string1                  @ DW_AT_name
	.long	.Lline_table_start0             @ DW_AT_stmt_list
	.long	.Linfo_string2                  @ DW_AT_comp_dir
	.byte	2                               @ Abbrev [2] 0x1e:0x7 DW_TAG_variable
	.long	37                              @ DW_AT_type
	.byte	1                               @ DW_AT_decl_file
	.byte	87                              @ DW_AT_decl_line
	.byte	3                               @ Abbrev [3] 0x25:0xc DW_TAG_array_type
	.long	49                              @ DW_AT_type
	.byte	4                               @ Abbrev [4] 0x2a:0x6 DW_TAG_subrange_type
	.long	56                              @ DW_AT_type
	.byte	60                              @ DW_AT_count
	.byte	0                               @ End Of Children Mark
	.byte	5                               @ Abbrev [5] 0x31:0x7 DW_TAG_base_type
	.long	.Linfo_string3                  @ DW_AT_name
	.byte	8                               @ DW_AT_encoding
	.byte	1                               @ DW_AT_byte_size
	.byte	6                               @ Abbrev [6] 0x38:0x7 DW_TAG_base_type
	.long	.Linfo_string4                  @ DW_AT_name
	.byte	8                               @ DW_AT_byte_size
	.byte	7                               @ DW_AT_encoding
	.byte	7                               @ Abbrev [7] 0x3f:0x27 DW_TAG_enumeration_type
	.long	102                             @ DW_AT_type
	.byte	1                               @ DW_AT_byte_size
	.byte	2                               @ DW_AT_decl_file
	.byte	73                              @ DW_AT_decl_line
	.byte	8                               @ Abbrev [8] 0x47:0x6 DW_TAG_enumerator
	.long	.Linfo_string6                  @ DW_AT_name
	.byte	0                               @ DW_AT_const_value
	.byte	8                               @ Abbrev [8] 0x4d:0x6 DW_TAG_enumerator
	.long	.Linfo_string7                  @ DW_AT_name
	.byte	1                               @ DW_AT_const_value
	.byte	8                               @ Abbrev [8] 0x53:0x6 DW_TAG_enumerator
	.long	.Linfo_string8                  @ DW_AT_name
	.byte	2                               @ DW_AT_const_value
	.byte	8                               @ Abbrev [8] 0x59:0x6 DW_TAG_enumerator
	.long	.Linfo_string9                  @ DW_AT_name
	.byte	3                               @ DW_AT_const_value
	.byte	8                               @ Abbrev [8] 0x5f:0x6 DW_TAG_enumerator
	.long	.Linfo_string10                 @ DW_AT_name
	.byte	4                               @ DW_AT_const_value
	.byte	0                               @ End Of Children Mark
	.byte	5                               @ Abbrev [5] 0x66:0x7 DW_TAG_base_type
	.long	.Linfo_string5                  @ DW_AT_name
	.byte	8                               @ DW_AT_encoding
	.byte	1                               @ DW_AT_byte_size
	.byte	7                               @ Abbrev [7] 0x6d:0x15 DW_TAG_enumeration_type
	.long	102                             @ DW_AT_type
	.byte	1                               @ DW_AT_byte_size
	.byte	3                               @ DW_AT_decl_file
	.byte	51                              @ DW_AT_decl_line
	.byte	8                               @ Abbrev [8] 0x75:0x6 DW_TAG_enumerator
	.long	.Linfo_string11                 @ DW_AT_name
	.byte	0                               @ DW_AT_const_value
	.byte	8                               @ Abbrev [8] 0x7b:0x6 DW_TAG_enumerator
	.long	.Linfo_string12                 @ DW_AT_name
	.byte	2                               @ DW_AT_const_value
	.byte	0                               @ End Of Children Mark
	.byte	7                               @ Abbrev [7] 0x82:0x15 DW_TAG_enumeration_type
	.long	102                             @ DW_AT_type
	.byte	1                               @ DW_AT_byte_size
	.byte	2                               @ DW_AT_decl_file
	.byte	85                              @ DW_AT_decl_line
	.byte	8                               @ Abbrev [8] 0x8a:0x6 DW_TAG_enumerator
	.long	.Linfo_string13                 @ DW_AT_name
	.byte	0                               @ DW_AT_const_value
	.byte	8                               @ Abbrev [8] 0x90:0x6 DW_TAG_enumerator
	.long	.Linfo_string14                 @ DW_AT_name
	.byte	1                               @ DW_AT_const_value
	.byte	0                               @ End Of Children Mark
	.byte	9                               @ Abbrev [9] 0x97:0x5 DW_TAG_pointer_type
	.long	156                             @ DW_AT_type
	.byte	10                              @ Abbrev [10] 0x9c:0xc DW_TAG_typedef
	.long	168                             @ DW_AT_type
	.long	.Linfo_string22                 @ DW_AT_name
	.byte	5                               @ DW_AT_decl_file
	.short	274                             @ DW_AT_decl_line
	.byte	11                              @ Abbrev [11] 0xa8:0x47 DW_TAG_structure_type
	.byte	20                              @ DW_AT_byte_size
	.byte	5                               @ DW_AT_decl_file
	.short	267                             @ DW_AT_decl_line
	.byte	12                              @ Abbrev [12] 0xad:0xd DW_TAG_member
	.long	.Linfo_string15                 @ DW_AT_name
	.long	239                             @ DW_AT_type
	.byte	5                               @ DW_AT_decl_file
	.short	269                             @ DW_AT_decl_line
	.byte	0                               @ DW_AT_data_member_location
	.byte	12                              @ Abbrev [12] 0xba:0xd DW_TAG_member
	.long	.Linfo_string18                 @ DW_AT_name
	.long	239                             @ DW_AT_type
	.byte	5                               @ DW_AT_decl_file
	.short	270                             @ DW_AT_decl_line
	.byte	4                               @ DW_AT_data_member_location
	.byte	12                              @ Abbrev [12] 0xc7:0xd DW_TAG_member
	.long	.Linfo_string19                 @ DW_AT_name
	.long	239                             @ DW_AT_type
	.byte	5                               @ DW_AT_decl_file
	.short	271                             @ DW_AT_decl_line
	.byte	8                               @ DW_AT_data_member_location
	.byte	12                              @ Abbrev [12] 0xd4:0xd DW_TAG_member
	.long	.Linfo_string20                 @ DW_AT_name
	.long	239                             @ DW_AT_type
	.byte	5                               @ DW_AT_decl_file
	.short	272                             @ DW_AT_decl_line
	.byte	12                              @ DW_AT_data_member_location
	.byte	12                              @ Abbrev [12] 0xe1:0xd DW_TAG_member
	.long	.Linfo_string21                 @ DW_AT_name
	.long	239                             @ DW_AT_type
	.byte	5                               @ DW_AT_decl_file
	.short	273                             @ DW_AT_decl_line
	.byte	16                              @ DW_AT_data_member_location
	.byte	0                               @ End Of Children Mark
	.byte	13                              @ Abbrev [13] 0xef:0x5 DW_TAG_volatile_type
	.long	244                             @ DW_AT_type
	.byte	14                              @ Abbrev [14] 0xf4:0xb DW_TAG_typedef
	.long	255                             @ DW_AT_type
	.long	.Linfo_string17                 @ DW_AT_name
	.byte	4                               @ DW_AT_decl_file
	.byte	64                              @ DW_AT_decl_line
	.byte	5                               @ Abbrev [5] 0xff:0x7 DW_TAG_base_type
	.long	.Linfo_string16                 @ DW_AT_name
	.byte	7                               @ DW_AT_encoding
	.byte	4                               @ DW_AT_byte_size
	.byte	9                               @ Abbrev [9] 0x106:0x5 DW_TAG_pointer_type
	.long	267                             @ DW_AT_type
	.byte	14                              @ Abbrev [14] 0x10b:0xb DW_TAG_typedef
	.long	102                             @ DW_AT_type
	.long	.Linfo_string23                 @ DW_AT_name
	.byte	4                               @ DW_AT_decl_file
	.byte	62                              @ DW_AT_decl_line
	.byte	0                               @ End Of Children Mark
.Ldebug_info_end0:
	.section	.debug_str,"MS",%progbits,1
.Linfo_string0:
	.asciz	"Component: Arm Compiler for Embedded 6.19 Tool: armclang [5e73cb00]" @ string offset=0
.Linfo_string1:
	.asciz	"../../../Drivers/TAE32F53xx_Driver/Src\\tae32f53xx_ll_wwdg.c" @ string offset=68
.Linfo_string2:
	.asciz	"C:\\Users\\11841\\Documents\\svn\\\346\225\260\345\255\227\347\224\265\346\272\220\347\240\224\345\217\221\351\203\250\\11_FAE\\Wuwenzhan\\TAE32F53xx_FW_ReleaseV1.4.7\\ProjectTemplate\\Project\\MDK" @ string offset=128
.Linfo_string3:
	.asciz	"char"                          @ string offset=252
.Linfo_string4:
	.asciz	"__ARRAY_SIZE_TYPE__"           @ string offset=257
.Linfo_string5:
	.asciz	"unsigned char"                 @ string offset=277
.Linfo_string6:
	.asciz	"LL_OK"                         @ string offset=291
.Linfo_string7:
	.asciz	"LL_ERROR"                      @ string offset=297
.Linfo_string8:
	.asciz	"LL_BUSY"                       @ string offset=306
.Linfo_string9:
	.asciz	"LL_TIMEOUT"                    @ string offset=314
.Linfo_string10:
	.asciz	"LL_FAILED"                     @ string offset=325
.Linfo_string11:
	.asciz	"WWDG_EWI_DISABLE"              @ string offset=335
.Linfo_string12:
	.asciz	"WWDG_EWI_ENABLE"               @ string offset=352
.Linfo_string13:
	.asciz	"RESET"                         @ string offset=368
.Linfo_string14:
	.asciz	"SET"                           @ string offset=374
.Linfo_string15:
	.asciz	"CR"                            @ string offset=378
.Linfo_string16:
	.asciz	"unsigned int"                  @ string offset=381
.Linfo_string17:
	.asciz	"uint32_t"                      @ string offset=394
.Linfo_string18:
	.asciz	"WVR"                           @ string offset=403
.Linfo_string19:
	.asciz	"CVR"                           @ string offset=407
.Linfo_string20:
	.asciz	"PSCR"                          @ string offset=411
.Linfo_string21:
	.asciz	"ISR"                           @ string offset=416
.Linfo_string22:
	.asciz	"WWDG_TypeDef"                  @ string offset=420
.Linfo_string23:
	.asciz	"uint8_t"                       @ string offset=433
	.ident	"Component: Arm Compiler for Embedded 6.19 Tool: armclang [5e73cb00]"
	.section	".note.GNU-stack","",%progbits
	.ARM_attribute	16, 1	@ Tag_AV_eba
	.section	.debug_line,"",%progbits
.Lline_table_start0:
